2026-02-28T01:41:32.573+08:00  INFO 87341 --- [igreen-backend] [main] com.igreen.IGreenApplication             : Starting IGreenApplication using Java 17.0.17 with PID 87341 (/Users/mac/workspace/iGreenProduct/igreen-backend/target/classes started by mac in /Users/mac/workspace/iGreenProduct/igreen-backend)
2026-02-28T01:41:32.577+08:00  INFO 87341 --- [igreen-backend] [main] com.igreen.IGreenApplication             : The following 1 profile is active: "dev"
2026-02-28T01:41:39.449+08:00  INFO 87341 --- [igreen-backend] [main] .s.d.r.c.RepositoryConfigurationDelegate : Bootstrapping Spring Data JPA repositories in DEFAULT mode.
2026-02-28T01:41:39.562+08:00  INFO 87341 --- [igreen-backend] [main] .s.d.r.c.RepositoryConfigurationDelegate : Finished Spring Data repository scanning in 90 ms. Found 0 JPA repository interfaces.
2026-02-28T01:41:44.145+08:00  INFO 87341 --- [igreen-backend] [main] o.s.b.w.embedded.tomcat.TomcatWebServer  : Tomcat initialized with port 8089 (http)
2026-02-28T01:41:44.165+08:00  INFO 87341 --- [igreen-backend] [main] o.apache.catalina.core.StandardService   : Starting service [Tomcat]
2026-02-28T01:41:44.166+08:00  INFO 87341 --- [igreen-backend] [main] o.apache.catalina.core.StandardEngine    : Starting Servlet engine: [Apache Tomcat/10.1.16]
2026-02-28T01:41:44.550+08:00  INFO 87341 --- [igreen-backend] [main] o.a.c.c.C.[Tomcat].[localhost].[/]       : Initializing Spring embedded WebApplicationContext
2026-02-28T01:41:44.551+08:00  INFO 87341 --- [igreen-backend] [main] w.s.c.ServletWebServerApplicationContext : Root WebApplicationContext: initialization completed in 11836 ms
2026-02-28T01:41:48.929+08:00  INFO 87341 --- [igreen-backend] [main] o.hibernate.jpa.internal.util.LogHelper  : HHH000204: Processing PersistenceUnitInfo [name: default]
2026-02-28T01:41:49.065+08:00  INFO 87341 --- [igreen-backend] [main] org.hibernate.Version                    : HHH000412: Hibernate ORM core version 6.3.1.Final
2026-02-28T01:41:49.144+08:00  INFO 87341 --- [igreen-backend] [main] o.h.c.internal.RegionFactoryInitiator    : HHH000026: Second-level cache disabled
2026-02-28T01:41:49.722+08:00  INFO 87341 --- [igreen-backend] [main] o.s.o.j.p.SpringPersistenceUnitInfo      : No LoadTimeWeaver setup: ignoring JPA class transformer
2026-02-28T01:41:49.796+08:00  INFO 87341 --- [igreen-backend] [main] com.zaxxer.hikari.HikariDataSource       : HikariPool-1 - Starting...
2026-02-28T01:41:50.642+08:00  INFO 87341 --- [igreen-backend] [main] com.zaxxer.hikari.pool.HikariPool        : HikariPool-1 - Added connection com.mysql.cj.jdbc.ConnectionImpl@2911db81
2026-02-28T01:41:50.646+08:00  INFO 87341 --- [igreen-backend] [main] com.zaxxer.hikari.HikariDataSource       : HikariPool-1 - Start completed.
2026-02-28T01:41:51.429+08:00  INFO 87341 --- [igreen-backend] [main] o.h.e.t.j.p.i.JtaPlatformInitiator       : HHH000489: No JTA platform available (set 'hibernate.transaction.jta.platform' to enable JTA platform integration)
2026-02-28T01:41:51.438+08:00  INFO 87341 --- [igreen-backend] [main] j.LocalContainerEntityManagerFactoryBean : Initialized JPA EntityManagerFactory for persistence unit 'default'
2026-02-28T01:41:55.035+08:00  INFO 87341 --- [igreen-backend] [main] o.s.b.a.e.web.EndpointLinksResolver      : Exposing 2 endpoint(s) beneath base path '/actuator'
2026-02-28T01:41:55.317+08:00  INFO 87341 --- [igreen-backend] [main] o.s.s.web.DefaultSecurityFilterChain     : Will secure any request with [org.springframework.security.web.session.DisableEncodeUrlFilter@700596f9, org.springframework.security.web.context.request.async.WebAsyncManagerIntegrationFilter@2ac00dc9, com.igreen.common.config.SecurityConfig$1@33293b34, org.springframework.security.web.context.SecurityContextHolderFilter@15ab0461, org.springframework.security.web.header.HeaderWriterFilter@34f3c920, org.springframework.web.filter.CorsFilter@68a1bb31, org.springframework.security.web.authentication.logout.LogoutFilter@46059b73, com.igreen.common.config.RateLimitFilter@134abd78, com.igreen.common.utils.JwtAuthenticationFilter@1dd44289, org.springframework.security.web.savedrequest.RequestCacheAwareFilter@4e451f9a, org.springframework.security.web.servletapi.SecurityContextHolderAwareRequestFilter@3be2ef56, org.springframework.security.web.authentication.AnonymousAuthenticationFilter@344f4a82, org.springframework.security.web.session.SessionManagementFilter@21f27bb5, org.springframework.security.web.access.ExceptionTranslationFilter@7bbe5548, org.springframework.security.web.access.intercept.AuthorizationFilter@7cd2d3b6]
2026-02-28T01:41:57.424+08:00  INFO 87341 --- [igreen-backend] [main] j.LocalContainerEntityManagerFactoryBean : Closing JPA EntityManagerFactory for persistence unit 'default'
2026-02-28T01:41:57.432+08:00  INFO 87341 --- [igreen-backend] [main] com.zaxxer.hikari.HikariDataSource       : HikariPool-1 - Shutdown initiated...
2026-02-28T01:41:57.448+08:00  INFO 87341 --- [igreen-backend] [main] com.zaxxer.hikari.HikariDataSource       : HikariPool-1 - Shutdown completed.
2026-02-28T01:42:17.233+08:00  INFO 44434 --- [igreen-backend] [SpringApplicationShutdownHook] j.LocalContainerEntityManagerFactoryBean : Closing JPA EntityManagerFactory for persistence unit 'default'
2026-02-28T01:42:17.696+08:00  INFO 44434 --- [igreen-backend] [SpringApplicationShutdownHook] com.zaxxer.hikari.HikariDataSource       : HikariPool-1 - Shutdown initiated...
2026-02-28T01:42:17.744+08:00  INFO 44434 --- [igreen-backend] [SpringApplicationShutdownHook] com.zaxxer.hikari.HikariDataSource       : HikariPool-1 - Shutdown completed.
2026-02-28T01:42:28.793+08:00  INFO 88631 --- [igreen-backend] [main] com.igreen.IGreenApplication             : Starting IGreenApplication using Java 17.0.17 with PID 88631 (/Users/mac/workspace/iGreenProduct/igreen-backend/target/classes started by mac in /Users/mac/workspace/iGreenProduct/igreen-backend)
2026-02-28T01:42:28.803+08:00  INFO 88631 --- [igreen-backend] [main] com.igreen.IGreenApplication             : The following 1 profile is active: "dev"
2026-02-28T01:42:32.746+08:00  INFO 88631 --- [igreen-backend] [main] .s.d.r.c.RepositoryConfigurationDelegate : Bootstrapping Spring Data JPA repositories in DEFAULT mode.
2026-02-28T01:42:32.836+08:00  INFO 88631 --- [igreen-backend] [main] .s.d.r.c.RepositoryConfigurationDelegate : Finished Spring Data repository scanning in 44 ms. Found 0 JPA repository interfaces.
2026-02-28T01:42:35.745+08:00  INFO 88631 --- [igreen-backend] [main] o.s.b.w.embedded.tomcat.TomcatWebServer  : Tomcat initialized with port 8089 (http)
2026-02-28T01:42:35.779+08:00  INFO 88631 --- [igreen-backend] [main] o.apache.catalina.core.StandardService   : Starting service [Tomcat]
2026-02-28T01:42:35.780+08:00  INFO 88631 --- [igreen-backend] [main] o.apache.catalina.core.StandardEngine    : Starting Servlet engine: [Apache Tomcat/10.1.16]
2026-02-28T01:42:36.156+08:00  INFO 88631 --- [igreen-backend] [main] o.a.c.c.C.[Tomcat].[localhost].[/]       : Initializing Spring embedded WebApplicationContext
2026-02-28T01:42:36.156+08:00  INFO 88631 --- [igreen-backend] [main] w.s.c.ServletWebServerApplicationContext : Root WebApplicationContext: initialization completed in 7199 ms
2026-02-28T01:42:40.402+08:00  INFO 88631 --- [igreen-backend] [main] o.hibernate.jpa.internal.util.LogHelper  : HHH000204: Processing PersistenceUnitInfo [name: default]
2026-02-28T01:42:40.693+08:00  INFO 88631 --- [igreen-backend] [main] org.hibernate.Version                    : HHH000412: Hibernate ORM core version 6.3.1.Final
2026-02-28T01:42:40.754+08:00  INFO 88631 --- [igreen-backend] [main] o.h.c.internal.RegionFactoryInitiator    : HHH000026: Second-level cache disabled
2026-02-28T01:42:41.522+08:00  INFO 88631 --- [igreen-backend] [main] o.s.o.j.p.SpringPersistenceUnitInfo      : No LoadTimeWeaver setup: ignoring JPA class transformer
2026-02-28T01:42:41.600+08:00  INFO 88631 --- [igreen-backend] [main] com.zaxxer.hikari.HikariDataSource       : HikariPool-1 - Starting...
2026-02-28T01:42:42.382+08:00  INFO 88631 --- [igreen-backend] [main] com.zaxxer.hikari.pool.HikariPool        : HikariPool-1 - Added connection com.mysql.cj.jdbc.ConnectionImpl@5da2966
2026-02-28T01:42:42.386+08:00  INFO 88631 --- [igreen-backend] [main] com.zaxxer.hikari.HikariDataSource       : HikariPool-1 - Start completed.
2026-02-28T01:42:43.557+08:00  INFO 88631 --- [igreen-backend] [main] o.h.e.t.j.p.i.JtaPlatformInitiator       : HHH000489: No JTA platform available (set 'hibernate.transaction.jta.platform' to enable JTA platform integration)
2026-02-28T01:42:43.566+08:00  INFO 88631 --- [igreen-backend] [main] j.LocalContainerEntityManagerFactoryBean : Initialized JPA EntityManagerFactory for persistence unit 'default'
2026-02-28T01:42:46.444+08:00  INFO 88631 --- [igreen-backend] [main] o.s.b.a.e.web.EndpointLinksResolver      : Exposing 2 endpoint(s) beneath base path '/actuator'
2026-02-28T01:42:46.795+08:00  INFO 88631 --- [igreen-backend] [main] o.s.s.web.DefaultSecurityFilterChain     : Will secure any request with [org.springframework.security.web.session.DisableEncodeUrlFilter@466bf366, org.springframework.security.web.context.request.async.WebAsyncManagerIntegrationFilter@28be7db5, com.igreen.common.config.SecurityConfig$1@700596f9, org.springframework.security.web.context.SecurityContextHolderFilter@430dbcb0, org.springframework.security.web.header.HeaderWriterFilter@1722ede1, org.springframework.web.filter.CorsFilter@2ac00dc9, org.springframework.security.web.authentication.logout.LogoutFilter@55da6bf, com.igreen.common.config.RateLimitFilter@5e158f33, com.igreen.common.utils.JwtAuthenticationFilter@8ef1d58, org.springframework.security.web.savedrequest.RequestCacheAwareFilter@569026df, org.springframework.security.web.servletapi.SecurityContextHolderAwareRequestFilter@60cbba57, org.springframework.security.web.authentication.AnonymousAuthenticationFilter@33293b34, org.springframework.security.web.session.SessionManagementFilter@67e37d25, org.springframework.security.web.access.ExceptionTranslationFilter@5603632c, org.springframework.security.web.access.intercept.AuthorizationFilter@79827e71]
2026-02-28T01:42:49.313+08:00  INFO 88631 --- [igreen-backend] [main] o.s.b.w.embedded.tomcat.TomcatWebServer  : Tomcat started on port 8089 (http) with context path ''
2026-02-28T01:42:49.395+08:00  INFO 88631 --- [igreen-backend] [main] com.igreen.IGreenApplication             : Started IGreenApplication in 22.055 seconds (process running for 22.8)
2026-02-28T01:42:49.519+08:00  INFO 88631 --- [igreen-backend] [main] c.i.common.config.DatabaseInitConfig     : 开始初始化数据库表结构...
2026-02-28T01:42:49.520+08:00  INFO 88631 --- [igreen-backend] [main] c.i.common.config.DatabaseInitConfig     : 检查并修复 sla_configs 表结构...
2026-02-28T01:42:49.725+08:00  INFO 88631 --- [igreen-backend] [main] c.i.common.config.DatabaseInitConfig     : sla_configs 表结构修复完成
2026-02-28T01:42:49.725+08:00  INFO 88631 --- [igreen-backend] [main] c.i.common.config.DatabaseInitConfig     : 检查并修复 site_level_configs 表结构...
2026-02-28T01:42:49.759+08:00  INFO 88631 --- [igreen-backend] [main] c.i.common.config.DatabaseInitConfig     : site_level_configs 表结构修复完成
2026-02-28T01:42:49.760+08:00  INFO 88631 --- [igreen-backend] [main] c.i.common.config.DatabaseInitConfig     : 数据库表结构初始化完成
2026-02-28T01:43:34.058+08:00  INFO 88631 --- [igreen-backend] [http-nio-8089-exec-1] o.a.c.c.C.[Tomcat].[localhost].[/]       : Initializing Spring DispatcherServlet 'dispatcherServlet'
2026-02-28T02:43:15.947+08:00  INFO 88631 --- [igreen-backend] [http-nio-8089-exec-8] c.igreen.domain.service.TicketService    : Initialized stepData for ticket 2027454500431740929 from template 162d1a03-b0d3-4645-bcab-dbc7323fd496
2026-02-28T02:53:58.046+08:00  INFO 88631 --- [igreen-backend] [http-nio-8089-exec-4] c.igreen.domain.service.TicketService    : Initialized stepData for ticket 2027457193288155137 from template 162d1a03-b0d3-4645-bcab-dbc7323fd496
2026-02-28T10:12:11.561+08:00  INFO 88631 --- [igreen-backend] [http-nio-8089-exec-10] c.igreen.domain.service.TicketService    : Initialized stepData for ticket 2027567476572700674 from template 162d1a03-b0d3-4645-bcab-dbc7323fd496
2026-02-28T10:14:15.745+08:00  INFO 88631 --- [igreen-backend] [http-nio-8089-exec-2] c.igreen.domain.service.TicketService    : Initialized stepData for ticket 2027567997488480258 from template 162d1a03-b0d3-4645-bcab-dbc7323fd496
2026-02-28T10:24:15.450+08:00  INFO 88631 --- [igreen-backend] [http-nio-8089-exec-2] c.igreen.domain.service.TicketService    : Initialized stepData for ticket 2027570512401547265 from template 7fe67b5a-b95a-494e-92fb-5efe498a3716
2026-02-28T10:25:47.485+08:00  INFO 88631 --- [igreen-backend] [http-nio-8089-exec-4] c.igreen.domain.service.TicketService    : Initialized stepData for ticket 2027570898818580482 from template 7fe67b5a-b95a-494e-92fb-5efe498a3716
2026-02-28T10:25:54.649+08:00  INFO 88631 --- [igreen-backend] [http-nio-8089-exec-2] c.igreen.domain.service.TicketService    : Initialized stepData for ticket 2027570928866574338 from template 7fe67b5a-b95a-494e-92fb-5efe498a3716
2026-02-28T10:27:35.915+08:00  INFO 88631 --- [igreen-backend] [http-nio-8089-exec-2] c.igreen.domain.service.TicketService    : Initialized stepData for ticket 2027571353590185986 from template 162d1a03-b0d3-4645-bcab-dbc7323fd496
2026-02-28T10:33:25.511+08:00  INFO 88631 --- [igreen-backend] [http-nio-8089-exec-3] c.igreen.domain.service.TicketService    : Initialized stepData for ticket 2027572819952418817 from template 162d1a03-b0d3-4645-bcab-dbc7323fd496
2026-02-28T17:40:46.479+08:00  INFO 78565 --- [igreen-backend] [main] com.igreen.IGreenApplication             : Starting IGreenApplication using Java 17.0.15 with PID 78565 (/Users/mac/workspace/iGreenProduct/igreen-backend/target/classes started by mac in /Users/mac/workspace/iGreenProduct/igreen-backend)
2026-02-28T17:40:46.485+08:00  INFO 78565 --- [igreen-backend] [main] com.igreen.IGreenApplication             : The following 1 profile is active: "dev"
2026-02-28T17:40:49.107+08:00  INFO 78565 --- [igreen-backend] [main] .s.d.r.c.RepositoryConfigurationDelegate : Bootstrapping Spring Data JPA repositories in DEFAULT mode.
2026-02-28T17:40:49.183+08:00  INFO 78565 --- [igreen-backend] [main] .s.d.r.c.RepositoryConfigurationDelegate : Finished Spring Data repository scanning in 56 ms. Found 0 JPA repository interfaces.
2026-02-28T17:40:51.150+08:00  INFO 78565 --- [igreen-backend] [main] o.s.b.w.embedded.tomcat.TomcatWebServer  : Tomcat initialized with port 8089 (http)
2026-02-28T17:40:51.169+08:00  INFO 78565 --- [igreen-backend] [main] o.apache.catalina.core.StandardService   : Starting service [Tomcat]
2026-02-28T17:40:51.170+08:00  INFO 78565 --- [igreen-backend] [main] o.apache.catalina.core.StandardEngine    : Starting Servlet engine: [Apache Tomcat/10.1.16]
2026-02-28T17:40:51.302+08:00  INFO 78565 --- [igreen-backend] [main] o.a.c.c.C.[Tomcat].[localhost].[/]       : Initializing Spring embedded WebApplicationContext
2026-02-28T17:40:51.303+08:00  INFO 78565 --- [igreen-backend] [main] w.s.c.ServletWebServerApplicationContext : Root WebApplicationContext: initialization completed in 4683 ms
2026-02-28T17:40:52.925+08:00  INFO 78565 --- [igreen-backend] [main] o.hibernate.jpa.internal.util.LogHelper  : HHH000204: Processing PersistenceUnitInfo [name: default]
2026-02-28T17:40:53.031+08:00  INFO 78565 --- [igreen-backend] [main] org.hibernate.Version                    : HHH000412: Hibernate ORM core version 6.3.1.Final
2026-02-28T17:40:53.098+08:00  INFO 78565 --- [igreen-backend] [main] o.h.c.internal.RegionFactoryInitiator    : HHH000026: Second-level cache disabled
2026-02-28T17:40:53.543+08:00  INFO 78565 --- [igreen-backend] [main] o.s.o.j.p.SpringPersistenceUnitInfo      : No LoadTimeWeaver setup: ignoring JPA class transformer
2026-02-28T17:40:53.594+08:00  INFO 78565 --- [igreen-backend] [main] com.zaxxer.hikari.HikariDataSource       : HikariPool-1 - Starting...
2026-02-28T17:40:54.119+08:00  INFO 78565 --- [igreen-backend] [main] com.zaxxer.hikari.pool.HikariPool        : HikariPool-1 - Added connection com.mysql.cj.jdbc.ConnectionImpl@15a41088
2026-02-28T17:40:54.123+08:00  INFO 78565 --- [igreen-backend] [main] com.zaxxer.hikari.HikariDataSource       : HikariPool-1 - Start completed.
2026-02-28T17:40:55.145+08:00  INFO 78565 --- [igreen-backend] [main] o.h.e.t.j.p.i.JtaPlatformInitiator       : HHH000489: No JTA platform available (set 'hibernate.transaction.jta.platform' to enable JTA platform integration)
2026-02-28T17:40:55.158+08:00  INFO 78565 --- [igreen-backend] [main] j.LocalContainerEntityManagerFactoryBean : Initialized JPA EntityManagerFactory for persistence unit 'default'
2026-02-28T17:40:57.125+08:00  INFO 78565 --- [igreen-backend] [main] o.s.b.a.e.web.EndpointLinksResolver      : Exposing 2 endpoint(s) beneath base path '/actuator'
2026-02-28T17:40:57.340+08:00  INFO 78565 --- [igreen-backend] [main] o.s.s.web.DefaultSecurityFilterChain     : Will secure any request with [org.springframework.security.web.session.DisableEncodeUrlFilter@2a20332b, org.springframework.security.web.context.request.async.WebAsyncManagerIntegrationFilter@2cf6b6e6, com.igreen.common.config.SecurityConfig$1@6a16ee0d, org.springframework.security.web.context.SecurityContextHolderFilter@741f8cf, org.springframework.security.web.header.HeaderWriterFilter@3b09582d, org.springframework.web.filter.CorsFilter@1444e35f, org.springframework.security.web.authentication.logout.LogoutFilter@1ae69abe, com.igreen.common.config.RateLimitFilter@6dd38df2, com.igreen.common.utils.JwtAuthenticationFilter@2f262474, org.springframework.security.web.savedrequest.RequestCacheAwareFilter@20673498, org.springframework.security.web.servletapi.SecurityContextHolderAwareRequestFilter@4f78adf, org.springframework.security.web.authentication.AnonymousAuthenticationFilter@3f563397, org.springframework.security.web.session.SessionManagementFilter@88fe9a8, org.springframework.security.web.access.ExceptionTranslationFilter@539570b8, org.springframework.security.web.access.intercept.AuthorizationFilter@1106a9cc]
2026-02-28T17:40:58.993+08:00  INFO 78565 --- [igreen-backend] [main] j.LocalContainerEntityManagerFactoryBean : Closing JPA EntityManagerFactory for persistence unit 'default'
2026-02-28T17:40:59.001+08:00  INFO 78565 --- [igreen-backend] [main] com.zaxxer.hikari.HikariDataSource       : HikariPool-1 - Shutdown initiated...
2026-02-28T17:40:59.013+08:00  INFO 78565 --- [igreen-backend] [main] com.zaxxer.hikari.HikariDataSource       : HikariPool-1 - Shutdown completed.
2026-02-28T17:41:18.890+08:00  INFO 88631 --- [igreen-backend] [http-nio-8089-exec-2] c.igreen.domain.service.TicketService    : Initialized stepData for ticket 2027680501434695682 from template 162d1a03-b0d3-4645-bcab-dbc7323fd496
2026-02-28T17:42:27.617+08:00  INFO 88631 --- [igreen-backend] [http-nio-8089-exec-4] c.igreen.domain.service.TicketService    : Initialized stepData for ticket 2027680790086696961 from template 517b8f43-1eda-4633-8b05-f684a3fc5d2a
2026-02-28T18:06:28.886+08:00  INFO 88631 --- [igreen-backend] [http-nio-8089-exec-7] c.igreen.domain.service.TicketService    : Initialized stepData for ticket 2027686835261554690 from template 7fe67b5a-b95a-494e-92fb-5efe498a3716
2026-02-28T19:34:55.764+08:00  INFO 88631 --- [igreen-backend] [http-nio-8089-exec-287] c.igreen.domain.service.TicketService    : Initialized stepData for ticket 2027709093795348482 from template 517b8f43-1eda-4633-8b05-f684a3fc5d2a
2026-02-28T19:37:10.554+08:00  INFO 88631 --- [igreen-backend] [http-nio-8089-exec-200] c.igreen.domain.service.TicketService    : Initialized stepData for ticket 2027709659250442242 from template 162d1a03-b0d3-4645-bcab-dbc7323fd496
2026-02-28T21:12:46.856+08:00  INFO 97907 --- [igreen-backend] [main] com.igreen.IGreenApplication             : Starting IGreenApplication using Java 17.0.15 with PID 97907 (/Users/mac/workspace/iGreenProduct/igreen-backend/target/classes started by mac in /Users/mac/workspace/iGreenProduct/igreen-backend)
2026-02-28T21:12:46.860+08:00  INFO 97907 --- [igreen-backend] [main] com.igreen.IGreenApplication             : The following 1 profile is active: "dev"
2026-02-28T21:12:48.664+08:00  INFO 97907 --- [igreen-backend] [main] .s.d.r.c.RepositoryConfigurationDelegate : Bootstrapping Spring Data JPA repositories in DEFAULT mode.
2026-02-28T21:12:48.714+08:00  INFO 97907 --- [igreen-backend] [main] .s.d.r.c.RepositoryConfigurationDelegate : Finished Spring Data repository scanning in 29 ms. Found 0 JPA repository interfaces.
2026-02-28T21:12:49.835+08:00  INFO 97907 --- [igreen-backend] [main] o.s.b.w.embedded.tomcat.TomcatWebServer  : Tomcat initialized with port 8089 (http)
2026-02-28T21:12:49.844+08:00  INFO 97907 --- [igreen-backend] [main] o.apache.catalina.core.StandardService   : Starting service [Tomcat]
2026-02-28T21:12:49.845+08:00  INFO 97907 --- [igreen-backend] [main] o.apache.catalina.core.StandardEngine    : Starting Servlet engine: [Apache Tomcat/10.1.16]
2026-02-28T21:12:49.911+08:00  INFO 97907 --- [igreen-backend] [main] o.a.c.c.C.[Tomcat].[localhost].[/]       : Initializing Spring embedded WebApplicationContext
2026-02-28T21:12:49.911+08:00  INFO 97907 --- [igreen-backend] [main] w.s.c.ServletWebServerApplicationContext : Root WebApplicationContext: initialization completed in 2998 ms
2026-02-28T21:12:51.152+08:00  INFO 97907 --- [igreen-backend] [main] o.hibernate.jpa.internal.util.LogHelper  : HHH000204: Processing PersistenceUnitInfo [name: default]
2026-02-28T21:12:51.268+08:00  INFO 97907 --- [igreen-backend] [main] org.hibernate.Version                    : HHH000412: Hibernate ORM core version 6.3.1.Final
2026-02-28T21:12:51.334+08:00  INFO 97907 --- [igreen-backend] [main] o.h.c.internal.RegionFactoryInitiator    : HHH000026: Second-level cache disabled
2026-02-28T21:12:51.637+08:00  INFO 97907 --- [igreen-backend] [main] o.s.o.j.p.SpringPersistenceUnitInfo      : No LoadTimeWeaver setup: ignoring JPA class transformer
2026-02-28T21:12:51.671+08:00  INFO 97907 --- [igreen-backend] [main] com.zaxxer.hikari.HikariDataSource       : HikariPool-1 - Starting...
2026-02-28T21:12:52.267+08:00  INFO 97907 --- [igreen-backend] [main] com.zaxxer.hikari.pool.HikariPool        : HikariPool-1 - Added connection com.mysql.cj.jdbc.ConnectionImpl@75d95b67
2026-02-28T21:12:52.273+08:00  INFO 97907 --- [igreen-backend] [main] com.zaxxer.hikari.HikariDataSource       : HikariPool-1 - Start completed.
2026-02-28T21:12:52.835+08:00  INFO 97907 --- [igreen-backend] [main] o.h.e.t.j.p.i.JtaPlatformInitiator       : HHH000489: No JTA platform available (set 'hibernate.transaction.jta.platform' to enable JTA platform integration)
2026-02-28T21:12:52.841+08:00  INFO 97907 --- [igreen-backend] [main] j.LocalContainerEntityManagerFactoryBean : Initialized JPA EntityManagerFactory for persistence unit 'default'
2026-02-28T21:12:54.059+08:00  INFO 97907 --- [igreen-backend] [main] o.s.b.a.e.web.EndpointLinksResolver      : Exposing 2 endpoint(s) beneath base path '/actuator'
2026-02-28T21:12:54.162+08:00  INFO 97907 --- [igreen-backend] [main] o.s.s.web.DefaultSecurityFilterChain     : Will secure any request with [org.springframework.security.web.session.DisableEncodeUrlFilter@4d2bcca8, org.springframework.security.web.context.request.async.WebAsyncManagerIntegrationFilter@4587675c, com.igreen.common.config.SecurityConfig$1@31e3b882, org.springframework.security.web.context.SecurityContextHolderFilter@3f89d36c, org.springframework.security.web.header.HeaderWriterFilter@2ff2a096, org.springframework.web.filter.CorsFilter@2b592f17, org.springframework.security.web.authentication.logout.LogoutFilter@22495f2f, com.igreen.common.config.RateLimitFilter@92fd091, com.igreen.common.utils.JwtAuthenticationFilter@4e030feb, org.springframework.security.web.savedrequest.RequestCacheAwareFilter@759862a2, org.springframework.security.web.servletapi.SecurityContextHolderAwareRequestFilter@55fc6344, org.springframework.security.web.authentication.AnonymousAuthenticationFilter@3884e858, org.springframework.security.web.session.SessionManagementFilter@475a8415, org.springframework.security.web.access.ExceptionTranslationFilter@5295a774, org.springframework.security.web.access.intercept.AuthorizationFilter@4f5d587c]
2026-02-28T21:12:55.160+08:00  INFO 97907 --- [igreen-backend] [main] j.LocalContainerEntityManagerFactoryBean : Closing JPA EntityManagerFactory for persistence unit 'default'
2026-02-28T21:12:55.165+08:00  INFO 97907 --- [igreen-backend] [main] com.zaxxer.hikari.HikariDataSource       : HikariPool-1 - Shutdown initiated...
2026-02-28T21:12:55.173+08:00  INFO 97907 --- [igreen-backend] [main] com.zaxxer.hikari.HikariDataSource       : HikariPool-1 - Shutdown completed.
2026-02-28T21:19:19.909+08:00  INFO 98259 --- [igreen-backend] [main] com.igreen.IGreenApplication             : Starting IGreenApplication using Java 17.0.15 with PID 98259 (/Users/mac/workspace/iGreenProduct/igreen-backend/target/classes started by mac in /Users/mac/workspace/iGreenProduct/igreen-backend)
2026-02-28T21:19:19.913+08:00  INFO 98259 --- [igreen-backend] [main] com.igreen.IGreenApplication             : The following 1 profile is active: "dev"
2026-02-28T21:19:21.741+08:00  INFO 98259 --- [igreen-backend] [main] .s.d.r.c.RepositoryConfigurationDelegate : Bootstrapping Spring Data JPA repositories in DEFAULT mode.
2026-02-28T21:19:21.775+08:00  INFO 98259 --- [igreen-backend] [main] .s.d.r.c.RepositoryConfigurationDelegate : Finished Spring Data repository scanning in 23 ms. Found 0 JPA repository interfaces.
2026-02-28T21:19:22.991+08:00  INFO 98259 --- [igreen-backend] [main] o.s.b.w.embedded.tomcat.TomcatWebServer  : Tomcat initialized with port 8089 (http)
2026-02-28T21:19:23.002+08:00  INFO 98259 --- [igreen-backend] [main] o.apache.catalina.core.StandardService   : Starting service [Tomcat]
2026-02-28T21:19:23.002+08:00  INFO 98259 --- [igreen-backend] [main] o.apache.catalina.core.StandardEngine    : Starting Servlet engine: [Apache Tomcat/10.1.16]
2026-02-28T21:19:23.071+08:00  INFO 98259 --- [igreen-backend] [main] o.a.c.c.C.[Tomcat].[localhost].[/]       : Initializing Spring embedded WebApplicationContext
2026-02-28T21:19:23.071+08:00  INFO 98259 --- [igreen-backend] [main] w.s.c.ServletWebServerApplicationContext : Root WebApplicationContext: initialization completed in 3078 ms
2026-02-28T21:19:24.301+08:00  INFO 98259 --- [igreen-backend] [main] o.hibernate.jpa.internal.util.LogHelper  : HHH000204: Processing PersistenceUnitInfo [name: default]
2026-02-28T21:19:24.373+08:00  INFO 98259 --- [igreen-backend] [main] org.hibernate.Version                    : HHH000412: Hibernate ORM core version 6.3.1.Final
2026-02-28T21:19:24.415+08:00  INFO 98259 --- [igreen-backend] [main] o.h.c.internal.RegionFactoryInitiator    : HHH000026: Second-level cache disabled
2026-02-28T21:19:24.701+08:00  INFO 98259 --- [igreen-backend] [main] o.s.o.j.p.SpringPersistenceUnitInfo      : No LoadTimeWeaver setup: ignoring JPA class transformer
2026-02-28T21:19:24.734+08:00  INFO 98259 --- [igreen-backend] [main] com.zaxxer.hikari.HikariDataSource       : HikariPool-1 - Starting...
2026-02-28T21:19:25.247+08:00  INFO 98259 --- [igreen-backend] [main] com.zaxxer.hikari.pool.HikariPool        : HikariPool-1 - Added connection com.mysql.cj.jdbc.ConnectionImpl@47b494ce
2026-02-28T21:19:25.250+08:00  INFO 98259 --- [igreen-backend] [main] com.zaxxer.hikari.HikariDataSource       : HikariPool-1 - Start completed.
2026-02-28T21:19:25.755+08:00  INFO 98259 --- [igreen-backend] [main] o.h.e.t.j.p.i.JtaPlatformInitiator       : HHH000489: No JTA platform available (set 'hibernate.transaction.jta.platform' to enable JTA platform integration)
2026-02-28T21:19:25.760+08:00  INFO 98259 --- [igreen-backend] [main] j.LocalContainerEntityManagerFactoryBean : Initialized JPA EntityManagerFactory for persistence unit 'default'
2026-02-28T21:19:26.977+08:00  INFO 98259 --- [igreen-backend] [main] o.s.b.a.e.web.EndpointLinksResolver      : Exposing 2 endpoint(s) beneath base path '/actuator'
2026-02-28T21:19:27.078+08:00  INFO 98259 --- [igreen-backend] [main] o.s.s.web.DefaultSecurityFilterChain     : Will secure any request with [org.springframework.security.web.session.DisableEncodeUrlFilter@44a7a331, org.springframework.security.web.context.request.async.WebAsyncManagerIntegrationFilter@72f71ea2, com.igreen.common.config.SecurityConfig$1@5a097a83, org.springframework.security.web.context.SecurityContextHolderFilter@71eb4ea4, org.springframework.security.web.header.HeaderWriterFilter@1f4083ac, org.springframework.web.filter.CorsFilter@10d8769e, org.springframework.security.web.authentication.logout.LogoutFilter@4c140b12, com.igreen.common.config.RateLimitFilter@4db46344, com.igreen.common.utils.JwtAuthenticationFilter@1df9f7c6, org.springframework.security.web.savedrequest.RequestCacheAwareFilter@12e04531, org.springframework.security.web.servletapi.SecurityContextHolderAwareRequestFilter@7473cfe2, org.springframework.security.web.authentication.AnonymousAuthenticationFilter@699fe19f, org.springframework.security.web.session.SessionManagementFilter@5ef03158, org.springframework.security.web.access.ExceptionTranslationFilter@25865fca, org.springframework.security.web.access.intercept.AuthorizationFilter@197c3101]
2026-02-28T21:19:28.100+08:00  INFO 98259 --- [igreen-backend] [main] j.LocalContainerEntityManagerFactoryBean : Closing JPA EntityManagerFactory for persistence unit 'default'
2026-02-28T21:19:28.107+08:00  INFO 98259 --- [igreen-backend] [main] com.zaxxer.hikari.HikariDataSource       : HikariPool-1 - Shutdown initiated...
2026-02-28T21:19:28.119+08:00  INFO 98259 --- [igreen-backend] [main] com.zaxxer.hikari.HikariDataSource       : HikariPool-1 - Shutdown completed.
2026-02-28T23:09:23.448+08:00  INFO 2393 --- [igreen-backend] [main] com.igreen.IGreenApplication             : Starting IGreenApplication using Java 17.0.15 with PID 2393 (/Users/mac/workspace/iGreenProduct/igreen-backend/target/classes started by mac in /Users/mac/workspace/iGreenProduct/igreen-backend)
2026-02-28T23:09:23.452+08:00  INFO 2393 --- [igreen-backend] [main] com.igreen.IGreenApplication             : The following 1 profile is active: "dev"
2026-02-28T23:09:25.166+08:00  INFO 2393 --- [igreen-backend] [main] .s.d.r.c.RepositoryConfigurationDelegate : Bootstrapping Spring Data JPA repositories in DEFAULT mode.
2026-02-28T23:09:25.204+08:00  INFO 2393 --- [igreen-backend] [main] .s.d.r.c.RepositoryConfigurationDelegate : Finished Spring Data repository scanning in 25 ms. Found 0 JPA repository interfaces.
2026-02-28T23:09:26.094+08:00  INFO 2393 --- [igreen-backend] [main] o.s.b.w.embedded.tomcat.TomcatWebServer  : Tomcat initialized with port 8089 (http)
2026-02-28T23:09:26.103+08:00  INFO 2393 --- [igreen-backend] [main] o.apache.catalina.core.StandardService   : Starting service [Tomcat]
2026-02-28T23:09:26.104+08:00  INFO 2393 --- [igreen-backend] [main] o.apache.catalina.core.StandardEngine    : Starting Servlet engine: [Apache Tomcat/10.1.16]
2026-02-28T23:09:26.163+08:00  INFO 2393 --- [igreen-backend] [main] o.a.c.c.C.[Tomcat].[localhost].[/]       : Initializing Spring embedded WebApplicationContext
2026-02-28T23:09:26.164+08:00  INFO 2393 --- [igreen-backend] [main] w.s.c.ServletWebServerApplicationContext : Root WebApplicationContext: initialization completed in 2655 ms
2026-02-28T23:09:27.264+08:00  INFO 2393 --- [igreen-backend] [main] o.hibernate.jpa.internal.util.LogHelper  : HHH000204: Processing PersistenceUnitInfo [name: default]
2026-02-28T23:09:27.341+08:00  INFO 2393 --- [igreen-backend] [main] org.hibernate.Version                    : HHH000412: Hibernate ORM core version 6.3.1.Final
2026-02-28T23:09:27.381+08:00  INFO 2393 --- [igreen-backend] [main] o.h.c.internal.RegionFactoryInitiator    : HHH000026: Second-level cache disabled
2026-02-28T23:09:27.662+08:00  INFO 2393 --- [igreen-backend] [main] o.s.o.j.p.SpringPersistenceUnitInfo      : No LoadTimeWeaver setup: ignoring JPA class transformer
2026-02-28T23:09:27.706+08:00  INFO 2393 --- [igreen-backend] [main] com.zaxxer.hikari.HikariDataSource       : HikariPool-1 - Starting...
2026-02-28T23:09:28.396+08:00  INFO 2393 --- [igreen-backend] [main] com.zaxxer.hikari.pool.HikariPool        : HikariPool-1 - Added connection com.mysql.cj.jdbc.ConnectionImpl@56d3af4d
2026-02-28T23:09:28.399+08:00  INFO 2393 --- [igreen-backend] [main] com.zaxxer.hikari.HikariDataSource       : HikariPool-1 - Start completed.
2026-02-28T23:09:29.300+08:00  INFO 2393 --- [igreen-backend] [main] o.h.e.t.j.p.i.JtaPlatformInitiator       : HHH000489: No JTA platform available (set 'hibernate.transaction.jta.platform' to enable JTA platform integration)
2026-02-28T23:09:29.314+08:00  INFO 2393 --- [igreen-backend] [main] j.LocalContainerEntityManagerFactoryBean : Initialized JPA EntityManagerFactory for persistence unit 'default'
2026-02-28T23:09:30.922+08:00  INFO 2393 --- [igreen-backend] [main] o.s.b.a.e.web.EndpointLinksResolver      : Exposing 2 endpoint(s) beneath base path '/actuator'
2026-02-28T23:09:31.023+08:00  INFO 2393 --- [igreen-backend] [main] o.s.s.web.DefaultSecurityFilterChain     : Will secure any request with [org.springframework.security.web.session.DisableEncodeUrlFilter@159e9629, org.springframework.security.web.context.request.async.WebAsyncManagerIntegrationFilter@4f78adf, com.igreen.common.config.SecurityConfig$1@183e8c8a, org.springframework.security.web.context.SecurityContextHolderFilter@3c5d183, org.springframework.security.web.header.HeaderWriterFilter@477dc93, org.springframework.web.filter.CorsFilter@31d51518, org.springframework.security.web.authentication.logout.LogoutFilter@56114349, com.igreen.common.config.RateLimitFilter@43fe2008, com.igreen.common.utils.JwtAuthenticationFilter@2ace1cd3, org.springframework.security.web.savedrequest.RequestCacheAwareFilter@712eb075, org.springframework.security.web.servletapi.SecurityContextHolderAwareRequestFilter@2387e60b, org.springframework.security.web.authentication.AnonymousAuthenticationFilter@509bf2d5, org.springframework.security.web.session.SessionManagementFilter@10d8769e, org.springframework.security.web.access.ExceptionTranslationFilter@1f13eabb, org.springframework.security.web.access.intercept.AuthorizationFilter@63893cf6]
2026-02-28T23:09:31.889+08:00  INFO 2393 --- [igreen-backend] [main] o.s.b.w.embedded.tomcat.TomcatWebServer  : Tomcat started on port 8089 (http) with context path ''
2026-02-28T23:09:31.905+08:00  INFO 2393 --- [igreen-backend] [main] com.igreen.IGreenApplication             : Started IGreenApplication in 9.586 seconds (process running for 12.33)
2026-02-28T23:09:31.913+08:00  INFO 2393 --- [igreen-backend] [main] c.i.common.config.DatabaseInitConfig     : 开始初始化数据库表结构...
2026-02-28T23:09:31.913+08:00  INFO 2393 --- [igreen-backend] [main] c.i.common.config.DatabaseInitConfig     : 检查并修复 sla_configs 表结构...
2026-02-28T23:09:32.081+08:00  INFO 2393 --- [igreen-backend] [main] c.i.common.config.DatabaseInitConfig     : sla_configs 表结构修复完成
2026-02-28T23:09:32.081+08:00  INFO 2393 --- [igreen-backend] [main] c.i.common.config.DatabaseInitConfig     : 检查并修复 site_level_configs 表结构...
2026-02-28T23:09:32.114+08:00  INFO 2393 --- [igreen-backend] [main] c.i.common.config.DatabaseInitConfig     : site_level_configs 表结构修复完成
2026-02-28T23:09:32.114+08:00  INFO 2393 --- [igreen-backend] [main] c.i.common.config.DatabaseInitConfig     : 数据库表结构初始化完成
2026-02-28T23:09:32.565+08:00  INFO 2393 --- [igreen-backend] [RMI TCP Connection(3)-127.0.0.1] o.a.c.c.C.[Tomcat].[localhost].[/]       : Initializing Spring DispatcherServlet 'dispatcherServlet'
2026-02-28T23:32:37.036+08:00  INFO 3660 --- [igreen-backend] [main] com.igreen.IGreenApplication             : Starting IGreenApplication using Java 17.0.15 with PID 3660 (/Users/mac/workspace/iGreenProduct/igreen-backend/target/classes started by mac in /Users/mac/workspace/iGreenProduct/igreen-backend)
2026-02-28T23:32:37.040+08:00  INFO 3660 --- [igreen-backend] [main] com.igreen.IGreenApplication             : The following 1 profile is active: "dev"
2026-02-28T23:32:38.403+08:00  INFO 3660 --- [igreen-backend] [main] .s.d.r.c.RepositoryConfigurationDelegate : Bootstrapping Spring Data JPA repositories in DEFAULT mode.
2026-02-28T23:32:38.435+08:00  INFO 3660 --- [igreen-backend] [main] .s.d.r.c.RepositoryConfigurationDelegate : Finished Spring Data repository scanning in 23 ms. Found 0 JPA repository interfaces.
2026-02-28T23:32:39.382+08:00  INFO 3660 --- [igreen-backend] [main] o.s.b.w.embedded.tomcat.TomcatWebServer  : Tomcat initialized with port 8089 (http)
2026-02-28T23:32:39.392+08:00  INFO 3660 --- [igreen-backend] [main] o.apache.catalina.core.StandardService   : Starting service [Tomcat]
2026-02-28T23:32:39.392+08:00  INFO 3660 --- [igreen-backend] [main] o.apache.catalina.core.StandardEngine    : Starting Servlet engine: [Apache Tomcat/10.1.16]
2026-02-28T23:32:39.452+08:00  INFO 3660 --- [igreen-backend] [main] o.a.c.c.C.[Tomcat].[localhost].[/]       : Initializing Spring embedded WebApplicationContext
2026-02-28T23:32:39.453+08:00  INFO 3660 --- [igreen-backend] [main] w.s.c.ServletWebServerApplicationContext : Root WebApplicationContext: initialization completed in 2348 ms
2026-02-28T23:32:40.544+08:00  INFO 3660 --- [igreen-backend] [main] o.hibernate.jpa.internal.util.LogHelper  : HHH000204: Processing PersistenceUnitInfo [name: default]
2026-02-28T23:32:40.630+08:00  INFO 3660 --- [igreen-backend] [main] org.hibernate.Version                    : HHH000412: Hibernate ORM core version 6.3.1.Final
2026-02-28T23:32:40.676+08:00  INFO 3660 --- [igreen-backend] [main] o.h.c.internal.RegionFactoryInitiator    : HHH000026: Second-level cache disabled
2026-02-28T23:32:40.971+08:00  INFO 3660 --- [igreen-backend] [main] o.s.o.j.p.SpringPersistenceUnitInfo      : No LoadTimeWeaver setup: ignoring JPA class transformer
2026-02-28T23:32:41.001+08:00  INFO 3660 --- [igreen-backend] [main] com.zaxxer.hikari.HikariDataSource       : HikariPool-1 - Starting...
2026-02-28T23:32:41.516+08:00  INFO 3660 --- [igreen-backend] [main] com.zaxxer.hikari.pool.HikariPool        : HikariPool-1 - Added connection com.mysql.cj.jdbc.ConnectionImpl@3ee2d546
2026-02-28T23:32:41.519+08:00  INFO 3660 --- [igreen-backend] [main] com.zaxxer.hikari.HikariDataSource       : HikariPool-1 - Start completed.
2026-02-28T23:32:42.008+08:00  INFO 3660 --- [igreen-backend] [main] o.h.e.t.j.p.i.JtaPlatformInitiator       : HHH000489: No JTA platform available (set 'hibernate.transaction.jta.platform' to enable JTA platform integration)
2026-02-28T23:32:42.013+08:00  INFO 3660 --- [igreen-backend] [main] j.LocalContainerEntityManagerFactoryBean : Initialized JPA EntityManagerFactory for persistence unit 'default'
2026-02-28T23:32:43.314+08:00  INFO 3660 --- [igreen-backend] [main] o.s.b.a.e.web.EndpointLinksResolver      : Exposing 2 endpoint(s) beneath base path '/actuator'
2026-02-28T23:32:43.485+08:00  INFO 3660 --- [igreen-backend] [main] o.s.s.web.DefaultSecurityFilterChain     : Will secure any request with [org.springframework.security.web.session.DisableEncodeUrlFilter@29f72685, org.springframework.security.web.context.request.async.WebAsyncManagerIntegrationFilter@4f8488ef, com.igreen.common.config.SecurityConfig$1@27a8bfa1, org.springframework.security.web.context.SecurityContextHolderFilter@cfe881a, org.springframework.security.web.header.HeaderWriterFilter@51751265, org.springframework.web.filter.CorsFilter@56114349, org.springframework.security.web.authentication.logout.LogoutFilter@41acf2f1, com.igreen.common.config.RateLimitFilter@69bc4024, com.igreen.common.utils.JwtAuthenticationFilter@7e0883f3, org.springframework.security.web.savedrequest.RequestCacheAwareFilter@58c48a23, org.springframework.security.web.servletapi.SecurityContextHolderAwareRequestFilter@5cb654e3, org.springframework.security.web.authentication.AnonymousAuthenticationFilter@46c28400, org.springframework.security.web.session.SessionManagementFilter@4c140b12, org.springframework.security.web.access.ExceptionTranslationFilter@118cbb26, org.springframework.security.web.access.intercept.AuthorizationFilter@2c10f9f3]
2026-02-28T23:32:44.466+08:00  INFO 3660 --- [igreen-backend] [main] o.s.b.w.embedded.tomcat.TomcatWebServer  : Tomcat started on port 8089 (http) with context path ''
2026-02-28T23:32:44.485+08:00  INFO 3660 --- [igreen-backend] [main] com.igreen.IGreenApplication             : Started IGreenApplication in 8.167 seconds (process running for 9.644)
2026-02-28T23:32:44.493+08:00  INFO 3660 --- [igreen-backend] [main] c.i.common.config.DatabaseInitConfig     : 开始初始化数据库表结构...
2026-02-28T23:32:44.494+08:00  INFO 3660 --- [igreen-backend] [main] c.i.common.config.DatabaseInitConfig     : 检查并修复 sla_configs 表结构...
2026-02-28T23:32:44.571+08:00  INFO 3660 --- [igreen-backend] [main] c.i.common.config.DatabaseInitConfig     : sla_configs 表结构修复完成
2026-02-28T23:32:44.572+08:00  INFO 3660 --- [igreen-backend] [main] c.i.common.config.DatabaseInitConfig     : 检查并修复 site_level_configs 表结构...
2026-02-28T23:32:44.606+08:00  INFO 3660 --- [igreen-backend] [main] c.i.common.config.DatabaseInitConfig     : site_level_configs 表结构修复完成
2026-02-28T23:32:44.606+08:00  INFO 3660 --- [igreen-backend] [main] c.i.common.config.DatabaseInitConfig     : 数据库表结构初始化完成
2026-02-28T23:32:45.089+08:00  INFO 3660 --- [igreen-backend] [RMI TCP Connection(1)-127.0.0.1] o.a.c.c.C.[Tomcat].[localhost].[/]       : Initializing Spring DispatcherServlet 'dispatcherServlet'
2026-02-28T23:37:59.569+08:00  INFO 3786 --- [igreen-backend] [main] com.igreen.IGreenApplication             : Starting IGreenApplication using Java 17.0.15 with PID 3786 (/Users/mac/workspace/iGreenProduct/igreen-backend/target/classes started by mac in /Users/mac/workspace/iGreenProduct/igreen-backend)
2026-02-28T23:37:59.577+08:00  INFO 3786 --- [igreen-backend] [main] com.igreen.IGreenApplication             : The following 1 profile is active: "dev"
2026-02-28T23:38:01.289+08:00  INFO 3786 --- [igreen-backend] [main] .s.d.r.c.RepositoryConfigurationDelegate : Bootstrapping Spring Data JPA repositories in DEFAULT mode.
2026-02-28T23:38:01.337+08:00  INFO 3786 --- [igreen-backend] [main] .s.d.r.c.RepositoryConfigurationDelegate : Finished Spring Data repository scanning in 35 ms. Found 0 JPA repository interfaces.
2026-02-28T23:38:02.401+08:00  INFO 3786 --- [igreen-backend] [main] o.s.b.w.embedded.tomcat.TomcatWebServer  : Tomcat initialized with port 8089 (http)
2026-02-28T23:38:02.414+08:00  INFO 3786 --- [igreen-backend] [main] o.apache.catalina.core.StandardService   : Starting service [Tomcat]
2026-02-28T23:38:02.414+08:00  INFO 3786 --- [igreen-backend] [main] o.apache.catalina.core.StandardEngine    : Starting Servlet engine: [Apache Tomcat/10.1.16]
2026-02-28T23:38:02.503+08:00  INFO 3786 --- [igreen-backend] [main] o.a.c.c.C.[Tomcat].[localhost].[/]       : Initializing Spring embedded WebApplicationContext
2026-02-28T23:38:02.503+08:00  INFO 3786 --- [igreen-backend] [main] w.s.c.ServletWebServerApplicationContext : Root WebApplicationContext: initialization completed in 2846 ms
2026-02-28T23:38:03.537+08:00  INFO 3786 --- [igreen-backend] [main] o.hibernate.jpa.internal.util.LogHelper  : HHH000204: Processing PersistenceUnitInfo [name: default]
2026-02-28T23:38:03.621+08:00  INFO 3786 --- [igreen-backend] [main] org.hibernate.Version                    : HHH000412: Hibernate ORM core version 6.3.1.Final
2026-02-28T23:38:03.664+08:00  INFO 3786 --- [igreen-backend] [main] o.h.c.internal.RegionFactoryInitiator    : HHH000026: Second-level cache disabled
2026-02-28T23:38:03.897+08:00  INFO 3786 --- [igreen-backend] [main] o.s.o.j.p.SpringPersistenceUnitInfo      : No LoadTimeWeaver setup: ignoring JPA class transformer
2026-02-28T23:38:03.924+08:00  INFO 3786 --- [igreen-backend] [main] com.zaxxer.hikari.HikariDataSource       : HikariPool-1 - Starting...
2026-02-28T23:38:04.474+08:00  INFO 3786 --- [igreen-backend] [main] com.zaxxer.hikari.pool.HikariPool        : HikariPool-1 - Added connection com.mysql.cj.jdbc.ConnectionImpl@3dc4ed6f
2026-02-28T23:38:04.479+08:00  INFO 3786 --- [igreen-backend] [main] com.zaxxer.hikari.HikariDataSource       : HikariPool-1 - Start completed.
2026-02-28T23:38:04.967+08:00  INFO 3786 --- [igreen-backend] [main] o.h.e.t.j.p.i.JtaPlatformInitiator       : HHH000489: No JTA platform available (set 'hibernate.transaction.jta.platform' to enable JTA platform integration)
2026-02-28T23:38:04.973+08:00  INFO 3786 --- [igreen-backend] [main] j.LocalContainerEntityManagerFactoryBean : Initialized JPA EntityManagerFactory for persistence unit 'default'
2026-02-28T23:38:06.021+08:00  INFO 3786 --- [igreen-backend] [main] o.s.b.a.e.web.EndpointLinksResolver      : Exposing 2 endpoint(s) beneath base path '/actuator'
2026-02-28T23:38:06.109+08:00  INFO 3786 --- [igreen-backend] [main] o.s.s.web.DefaultSecurityFilterChain     : Will secure any request with [org.springframework.security.web.session.DisableEncodeUrlFilter@138a51d5, org.springframework.security.web.context.request.async.WebAsyncManagerIntegrationFilter@413a2520, com.igreen.common.config.SecurityConfig$1@39d62e47, org.springframework.security.web.context.SecurityContextHolderFilter@74ea1cd0, org.springframework.security.web.header.HeaderWriterFilter@3204146d, org.springframework.web.filter.CorsFilter@1ced1fb9, org.springframework.security.web.authentication.logout.LogoutFilter@5444c63f, com.igreen.common.config.RateLimitFilter@6cd66f6a, com.igreen.common.utils.JwtAuthenticationFilter@563c3aca, org.springframework.security.web.savedrequest.RequestCacheAwareFilter@520034a, org.springframework.security.web.servletapi.SecurityContextHolderAwareRequestFilter@759862a2, org.springframework.security.web.authentication.AnonymousAuthenticationFilter@5d28e108, org.springframework.security.web.session.SessionManagementFilter@cfe881a, org.springframework.security.web.access.ExceptionTranslationFilter@2db07651, org.springframework.security.web.access.intercept.AuthorizationFilter@4f8488ef]
2026-02-28T23:38:06.912+08:00  INFO 3786 --- [igreen-backend] [main] o.s.b.w.embedded.tomcat.TomcatWebServer  : Tomcat started on port 8089 (http) with context path ''
2026-02-28T23:38:06.928+08:00  INFO 3786 --- [igreen-backend] [main] com.igreen.IGreenApplication             : Started IGreenApplication in 9.053 seconds (process running for 11.906)
2026-02-28T23:38:06.934+08:00  INFO 3786 --- [igreen-backend] [main] c.i.common.config.DatabaseInitConfig     : 开始初始化数据库表结构...
2026-02-28T23:38:06.934+08:00  INFO 3786 --- [igreen-backend] [main] c.i.common.config.DatabaseInitConfig     : 检查并修复 sla_configs 表结构...
2026-02-28T23:38:07.026+08:00  INFO 3786 --- [igreen-backend] [main] c.i.common.config.DatabaseInitConfig     : sla_configs 表结构修复完成
2026-02-28T23:38:07.027+08:00  INFO 3786 --- [igreen-backend] [main] c.i.common.config.DatabaseInitConfig     : 检查并修复 site_level_configs 表结构...
2026-02-28T23:38:07.068+08:00  INFO 3786 --- [igreen-backend] [main] c.i.common.config.DatabaseInitConfig     : site_level_configs 表结构修复完成
2026-02-28T23:38:07.069+08:00  INFO 3786 --- [igreen-backend] [main] c.i.common.config.DatabaseInitConfig     : 数据库表结构初始化完成
2026-02-28T23:39:27.334+08:00  INFO 3786 --- [igreen-backend] [http-nio-8089-exec-1] o.a.c.c.C.[Tomcat].[localhost].[/]       : Initializing Spring DispatcherServlet 'dispatcherServlet'
