[2026-02-10 19:55:42.602] INFO  main com.igreen.IGreenApplication - Starting IGreenApplication using Java 17.0.15 with PID 13649 (/Users/mac/workspace/iGreenProduct/igreen-backend/target/classes started by mac in /Users/mac/workspace/iGreenProduct/igreen-backend)
[2026-02-10 19:55:42.605] INFO  main com.igreen.IGreenApplication - The following 1 profile is active: "dev"
[2026-02-10 19:55:45.704] INFO  main o.s.data.repository.config.RepositoryConfigurationDelegate - Bootstrapping Spring Data JPA repositories in DEFAULT mode.
[2026-02-10 19:55:45.749] INFO  main o.s.data.repository.config.RepositoryConfigurationDelegate - Finished Spring Data repository scanning in 29 ms. Found 0 JPA repository interfaces.
[2026-02-10 19:55:47.672] INFO  main o.springframework.boot.web.embedded.tomcat.TomcatWebServer - Tomcat initialized with port 8000 (http)
[2026-02-10 19:55:47.695] INFO  main org.apache.coyote.http11.Http11NioProtocol - Initializing ProtocolHandler ["http-nio-8000"]
[2026-02-10 19:55:47.699] INFO  main org.apache.catalina.core.StandardService - Starting service [Tomcat]
[2026-02-10 19:55:47.700] INFO  main org.apache.catalina.core.StandardEngine - Starting Servlet engine: [Apache Tomcat/10.1.16]
[2026-02-10 19:55:47.979] INFO  main o.a.catalina.core.ContainerBase.[Tomcat].[localhost].[/] - Initializing Spring embedded WebApplicationContext
[2026-02-10 19:55:47.981] INFO  main o.s.b.web.servlet.context.ServletWebServerApplicationContext - Root WebApplicationContext: initialization completed in 5293 ms
[2026-02-10 19:55:49.102] WARN  main com.baomidou.mybatisplus.core.injector.methods.Insert - [com.igreen.domain.mapper.GroupMapper.insert] Has been loaded by XML or SqlProvider or Mybatis's Annotation, so ignoring this injection for [class com.baomidou.mybatisplus.core.injector.methods.Insert]
[2026-02-10 19:55:49.116] WARN  main com.baomidou.mybatisplus.core.injector.methods.Update - [com.igreen.domain.mapper.GroupMapper.update] Has been loaded by XML or SqlProvider or Mybatis's Annotation, so ignoring this injection for [class com.baomidou.mybatisplus.core.injector.methods.Update]
[2026-02-10 19:55:49.132] WARN  main com.baomidou.mybatisplus.core.injector.methods.SelectList - [com.igreen.domain.mapper.GroupMapper.selectList] Has been loaded by XML or SqlProvider or Mybatis's Annotation, so ignoring this injection for [class com.baomidou.mybatisplus.core.injector.methods.SelectList]
[2026-02-10 19:55:49.132] WARN  main com.baomidou.mybatisplus.core.injector.methods.DeleteById - [com.igreen.domain.mapper.GroupMapper.deleteById] Has been loaded by XML or SqlProvider or Mybatis's Annotation, so ignoring this injection for [class com.baomidou.mybatisplus.core.injector.methods.DeleteById]
[2026-02-10 19:55:49.139] WARN  main com.baomidou.mybatisplus.core.injector.methods.SelectById - [com.igreen.domain.mapper.GroupMapper.selectById] Has been loaded by XML or SqlProvider or Mybatis's Annotation, so ignoring this injection for [class com.baomidou.mybatisplus.core.injector.methods.SelectById]
[2026-02-10 19:55:51.915] INFO  main o.s.orm.jpa.persistenceunit.SpringPersistenceUnitInfo - No LoadTimeWeaver setup: ignoring JPA class transformer
[2026-02-10 19:55:51.971] INFO  main com.zaxxer.hikari.HikariDataSource - HikariPool-1 - Starting...
[2026-02-10 19:55:52.851] INFO  main com.zaxxer.hikari.pool.HikariPool - HikariPool-1 - Added connection com.mysql.cj.jdbc.ConnectionImpl@1165a952
[2026-02-10 19:55:52.856] INFO  main com.zaxxer.hikari.HikariDataSource - HikariPool-1 - Start completed.
[2026-02-10 19:55:53.007] WARN  main org.hibernate.orm.deprecation - HHH90000025: MySQLDialect does not need to be specified explicitly using 'hibernate.dialect' (remove the property setting and it will be selected by default)
[2026-02-10 19:55:53.816] INFO  main o.s.orm.jpa.LocalContainerEntityManagerFactoryBean - Initialized JPA EntityManagerFactory for persistence unit 'default'
[2026-02-10 19:55:55.034] WARN  main o.s.b.a.orm.jpa.JpaBaseConfiguration$JpaWebConfiguration - spring.jpa.open-in-view is enabled by default. Therefore, database queries may be performed during view rendering. Explicitly configure spring.jpa.open-in-view to disable this warning
[2026-02-10 19:55:56.229] INFO  main o.s.boot.actuate.endpoint.web.EndpointLinksResolver - Exposing 2 endpoint(s) beneath base path '/actuator'
[2026-02-10 19:55:56.547] INFO  main org.springframework.security.web.DefaultSecurityFilterChain - Will secure any request with [org.springframework.security.web.session.DisableEncodeUrlFilter@5eb4b746, org.springframework.security.web.context.request.async.WebAsyncManagerIntegrationFilter@4ed94e6a, com.igreen.common.config.SecurityConfig$1@16c6d5a2, org.springframework.security.web.context.SecurityContextHolderFilter@1e470a51, org.springframework.security.web.header.HeaderWriterFilter@d2ca3a9, org.springframework.web.filter.CorsFilter@7314f4cb, org.springframework.security.web.authentication.logout.LogoutFilter@10bae3c0, com.igreen.common.config.RateLimitFilter@3620eab, com.igreen.common.utils.JwtAuthenticationFilter@515940af, org.springframework.security.web.savedrequest.RequestCacheAwareFilter@7806db3f, org.springframework.security.web.servletapi.SecurityContextHolderAwareRequestFilter@6f78c132, org.springframework.security.web.authentication.AnonymousAuthenticationFilter@8616368, org.springframework.security.web.session.SessionManagementFilter@557f0a39, org.springframework.security.web.access.ExceptionTranslationFilter@6bf27411, org.springframework.security.web.access.intercept.AuthorizationFilter@9677f54]
[2026-02-10 19:55:58.092] INFO  main org.apache.coyote.http11.Http11NioProtocol - Starting ProtocolHandler ["http-nio-8000"]
[2026-02-10 19:55:58.123] INFO  main o.springframework.boot.web.embedded.tomcat.TomcatWebServer - Tomcat started on port 8000 (http) with context path ''
[2026-02-10 19:55:58.145] INFO  main com.igreen.IGreenApplication - Started IGreenApplication in 16.706 seconds (process running for 19.97)
[2026-02-10 19:55:58.154] INFO  main com.igreen.common.config.DatabaseInitConfig - 开始初始化数据库表结构...
[2026-02-10 19:55:58.155] INFO  main com.igreen.common.config.DatabaseInitConfig - 检查并修复 sla_configs 表结构...
[2026-02-10 19:55:58.236] INFO  main com.igreen.common.config.DatabaseInitConfig - sla_configs 表结构修复完成
[2026-02-10 19:55:58.236] INFO  main com.igreen.common.config.DatabaseInitConfig - 检查并修复 site_level_configs 表结构...
[2026-02-10 19:55:58.273] INFO  main com.igreen.common.config.DatabaseInitConfig - site_level_configs 表结构修复完成
[2026-02-10 19:55:58.273] INFO  main com.igreen.common.config.DatabaseInitConfig - 数据库表结构初始化完成
[2026-02-10 19:55:59.285] INFO  RMI TCP Connection(5)-127.0.0.1 o.a.catalina.core.ContainerBase.[Tomcat].[localhost].[/] - Initializing Spring DispatcherServlet 'dispatcherServlet'
[2026-02-10 19:55:59.285] INFO  RMI TCP Connection(5)-127.0.0.1 org.springframework.web.servlet.DispatcherServlet - Initializing Servlet 'dispatcherServlet'
[2026-02-10 19:55:59.290] INFO  RMI TCP Connection(5)-127.0.0.1 org.springframework.web.servlet.DispatcherServlet - Completed initialization in 5 ms
[2026-02-10 19:56:04.819] WARN  http-nio-8000-exec-1 o.s.web.servlet.handler.HandlerMappingIntrospector - Cache miss for REQUEST dispatch to '/api/auth/login' (previous null). Performing MatchableHandlerMapping lookup. This is logged once only at WARN level, and every time at TRACE.
[2026-02-10 19:56:06.062] ERROR http-nio-8000-exec-1 com.igreen.common.exception.GlobalExceptionHandler - Business error at /api/auth/login: 邮箱或密码错误
[2026-02-10 19:56:30.002] ERROR http-nio-8000-exec-2 com.igreen.common.exception.GlobalExceptionHandler - Business error at /api/auth/login: 邮箱或密码错误
[2026-02-10 19:56:41.173] ERROR http-nio-8000-exec-3 com.igreen.common.exception.GlobalExceptionHandler - Business error at /api/auth/login: 邮箱或密码错误
[2026-02-10 19:56:49.269] ERROR http-nio-8000-exec-4 com.igreen.common.exception.GlobalExceptionHandler - Business error at /api/auth/login: 邮箱或密码错误
[2026-02-10 19:57:23.531] ERROR http-nio-8000-exec-5 com.igreen.common.exception.GlobalExceptionHandler - Business error at /api/auth/login: 邮箱或密码错误
[2026-02-10 19:58:57.690] ERROR http-nio-8000-exec-6 com.igreen.common.exception.GlobalExceptionHandler - Business error at /api/auth/login: 邮箱或密码错误
[2026-02-10 19:59:53.148] ERROR http-nio-8000-exec-7 com.igreen.common.exception.GlobalExceptionHandler - Business error at /api/auth/login: 邮箱或密码错误
[2026-02-10 20:00:05.363] ERROR http-nio-8000-exec-8 com.igreen.common.exception.GlobalExceptionHandler - Business error at /api/auth/login: 邮箱或密码错误
[2026-02-10 20:00:51.888] ERROR http-nio-8000-exec-10 com.igreen.common.exception.GlobalExceptionHandler - Business error at /api/auth/login: 邮箱或密码错误
[2026-02-10 20:02:38.145] WARN  HikariPool-1 housekeeper com.zaxxer.hikari.pool.HikariPool - HikariPool-1 - Thread starvation or clock leap detected (housekeeper delta=1m15s135ms).
[2026-02-10 20:56:57.279] WARN  HikariPool-1 housekeeper com.zaxxer.hikari.pool.HikariPool - HikariPool-1 - Thread starvation or clock leap detected (housekeeper delta=54m19s133ms).
[2026-02-10 21:41:20.451] INFO  main com.igreen.IGreenApplication - Starting IGreenApplication using Java 17.0.15 with PID 49136 (/Users/mac/workspace/iGreenProduct/igreen-backend/target/classes started by mac in /Users/mac/workspace/iGreenProduct/igreen-backend)
[2026-02-10 21:41:20.453] INFO  main com.igreen.IGreenApplication - The following 1 profile is active: "dev"
[2026-02-10 21:41:22.506] INFO  main o.s.data.repository.config.RepositoryConfigurationDelegate - Bootstrapping Spring Data JPA repositories in DEFAULT mode.
[2026-02-10 21:41:22.577] INFO  main o.s.data.repository.config.RepositoryConfigurationDelegate - Finished Spring Data repository scanning in 45 ms. Found 0 JPA repository interfaces.
[2026-02-10 21:41:25.238] INFO  main o.springframework.boot.web.embedded.tomcat.TomcatWebServer - Tomcat initialized with port 8000 (http)
[2026-02-10 21:41:25.255] INFO  main org.apache.coyote.http11.Http11NioProtocol - Initializing ProtocolHandler ["http-nio-8000"]
[2026-02-10 21:41:25.261] INFO  main org.apache.catalina.core.StandardService - Starting service [Tomcat]
[2026-02-10 21:41:25.261] INFO  main org.apache.catalina.core.StandardEngine - Starting Servlet engine: [Apache Tomcat/10.1.16]
[2026-02-10 21:41:25.491] INFO  main o.a.catalina.core.ContainerBase.[Tomcat].[localhost].[/] - Initializing Spring embedded WebApplicationContext
[2026-02-10 21:41:25.492] INFO  main o.s.b.web.servlet.context.ServletWebServerApplicationContext - Root WebApplicationContext: initialization completed in 4970 ms
[2026-02-10 21:41:26.456] WARN  main com.baomidou.mybatisplus.core.injector.methods.Insert - [com.igreen.domain.mapper.GroupMapper.insert] Has been loaded by XML or SqlProvider or Mybatis's Annotation, so ignoring this injection for [class com.baomidou.mybatisplus.core.injector.methods.Insert]
[2026-02-10 21:41:26.465] WARN  main com.baomidou.mybatisplus.core.injector.methods.Update - [com.igreen.domain.mapper.GroupMapper.update] Has been loaded by XML or SqlProvider or Mybatis's Annotation, so ignoring this injection for [class com.baomidou.mybatisplus.core.injector.methods.Update]
[2026-02-10 21:41:26.480] WARN  main com.baomidou.mybatisplus.core.injector.methods.SelectList - [com.igreen.domain.mapper.GroupMapper.selectList] Has been loaded by XML or SqlProvider or Mybatis's Annotation, so ignoring this injection for [class com.baomidou.mybatisplus.core.injector.methods.SelectList]
[2026-02-10 21:41:26.480] WARN  main com.baomidou.mybatisplus.core.injector.methods.DeleteById - [com.igreen.domain.mapper.GroupMapper.deleteById] Has been loaded by XML or SqlProvider or Mybatis's Annotation, so ignoring this injection for [class com.baomidou.mybatisplus.core.injector.methods.DeleteById]
[2026-02-10 21:41:26.486] WARN  main com.baomidou.mybatisplus.core.injector.methods.SelectById - [com.igreen.domain.mapper.GroupMapper.selectById] Has been loaded by XML or SqlProvider or Mybatis's Annotation, so ignoring this injection for [class com.baomidou.mybatisplus.core.injector.methods.SelectById]
[2026-02-10 21:41:27.960] INFO  main o.s.orm.jpa.persistenceunit.SpringPersistenceUnitInfo - No LoadTimeWeaver setup: ignoring JPA class transformer
[2026-02-10 21:41:28.013] INFO  main com.zaxxer.hikari.HikariDataSource - HikariPool-1 - Starting...
[2026-02-10 21:41:28.663] INFO  main com.zaxxer.hikari.pool.HikariPool - HikariPool-1 - Added connection com.mysql.cj.jdbc.ConnectionImpl@3962b216
[2026-02-10 21:41:28.666] INFO  main com.zaxxer.hikari.HikariDataSource - HikariPool-1 - Start completed.
[2026-02-10 21:41:28.818] WARN  main org.hibernate.orm.deprecation - HHH90000025: MySQLDialect does not need to be specified explicitly using 'hibernate.dialect' (remove the property setting and it will be selected by default)
[2026-02-10 21:41:29.465] INFO  main o.s.orm.jpa.LocalContainerEntityManagerFactoryBean - Initialized JPA EntityManagerFactory for persistence unit 'default'
[2026-02-10 21:41:30.279] WARN  main o.s.b.a.orm.jpa.JpaBaseConfiguration$JpaWebConfiguration - spring.jpa.open-in-view is enabled by default. Therefore, database queries may be performed during view rendering. Explicitly configure spring.jpa.open-in-view to disable this warning
[2026-02-10 21:41:31.209] INFO  main o.s.boot.actuate.endpoint.web.EndpointLinksResolver - Exposing 2 endpoint(s) beneath base path '/actuator'
[2026-02-10 21:41:31.357] INFO  main org.springframework.security.web.DefaultSecurityFilterChain - Will secure any request with [org.springframework.security.web.session.DisableEncodeUrlFilter@92fa950, org.springframework.security.web.context.request.async.WebAsyncManagerIntegrationFilter@31fc1b6e, com.igreen.common.config.SecurityConfig$1@2f271ae2, org.springframework.security.web.context.SecurityContextHolderFilter@10bae3c0, org.springframework.security.web.header.HeaderWriterFilter@723aa04, org.springframework.web.filter.CorsFilter@51aa8c0f, org.springframework.security.web.authentication.logout.LogoutFilter@5713e35f, com.igreen.common.config.RateLimitFilter@1dd44289, com.igreen.common.utils.JwtAuthenticationFilter@1c0680b0, org.springframework.security.web.savedrequest.RequestCacheAwareFilter@24090832, org.springframework.security.web.servletapi.SecurityContextHolderAwareRequestFilter@67d6bb59, org.springframework.security.web.authentication.AnonymousAuthenticationFilter@25bbca43, org.springframework.security.web.session.SessionManagementFilter@753248f8, org.springframework.security.web.access.ExceptionTranslationFilter@6f78c132, org.springframework.security.web.access.intercept.AuthorizationFilter@258ff54a]
[2026-02-10 21:41:32.568] INFO  main org.apache.coyote.http11.Http11NioProtocol - Starting ProtocolHandler ["http-nio-8000"]
[2026-02-10 21:41:32.599] INFO  main o.springframework.boot.web.embedded.tomcat.TomcatWebServer - Tomcat started on port 8000 (http) with context path ''
[2026-02-10 21:41:32.623] INFO  main com.igreen.IGreenApplication - Started IGreenApplication in 13.34 seconds (process running for 16.122)
[2026-02-10 21:41:32.635] INFO  main com.igreen.common.config.DatabaseInitConfig - 开始初始化数据库表结构...
[2026-02-10 21:41:32.635] INFO  main com.igreen.common.config.DatabaseInitConfig - 检查并修复 sla_configs 表结构...
[2026-02-10 21:41:32.737] INFO  main com.igreen.common.config.DatabaseInitConfig - sla_configs 表结构修复完成
[2026-02-10 21:41:32.737] INFO  main com.igreen.common.config.DatabaseInitConfig - 检查并修复 site_level_configs 表结构...
[2026-02-10 21:41:32.779] INFO  main com.igreen.common.config.DatabaseInitConfig - site_level_configs 表结构修复完成
[2026-02-10 21:41:32.780] INFO  main com.igreen.common.config.DatabaseInitConfig - 数据库表结构初始化完成
[2026-02-10 21:43:51.437] INFO  http-nio-8000-exec-1 o.a.catalina.core.ContainerBase.[Tomcat].[localhost].[/] - Initializing Spring DispatcherServlet 'dispatcherServlet'
[2026-02-10 21:43:51.438] INFO  http-nio-8000-exec-1 org.springframework.web.servlet.DispatcherServlet - Initializing Servlet 'dispatcherServlet'
[2026-02-10 21:43:51.441] INFO  http-nio-8000-exec-1 org.springframework.web.servlet.DispatcherServlet - Completed initialization in 3 ms
[2026-02-10 21:43:51.512] WARN  http-nio-8000-exec-1 o.s.web.servlet.handler.HandlerMappingIntrospector - Cache miss for REQUEST dispatch to '/api/auth/login' (previous null). Performing MatchableHandlerMapping lookup. This is logged once only at WARN level, and every time at TRACE.
[2026-02-10 21:47:55.188] WARN  HikariPool-1 housekeeper com.zaxxer.hikari.pool.HikariPool - HikariPool-1 - Thread starvation or clock leap detected (housekeeper delta=3m55s271ms).
[2026-02-10 21:47:55.371] ERROR http-nio-8000-exec-1 com.igreen.common.exception.GlobalExceptionHandler - Business error at /api/auth/login: 邮箱或密码错误
[2026-02-10 21:47:55.448] ERROR http-nio-8000-exec-1 o.a.c.c.C.[Tomcat].[localhost].[/].[dispatcherServlet] - Servlet.service() for servlet [dispatcherServlet] in context with path [] threw exception
java.lang.RuntimeException: jakarta.servlet.ServletException: Request processing failed: com.igreen.common.exception.BusinessException: 邮箱或密码错误
	at com.igreen.common.config.SecurityConfig$1.doFilterInternal(SecurityConfig.java:66)
	at org.springframework.web.filter.OncePerRequestFilter.doFilter(OncePerRequestFilter.java:116)
	at org.springframework.security.web.ObservationFilterChainDecorator$ObservationFilter.wrapFilter(ObservationFilterChainDecorator.java:240)
	at org.springframework.security.web.ObservationFilterChainDecorator$ObservationFilter.doFilter(ObservationFilterChainDecorator.java:227)
	at org.springframework.security.web.ObservationFilterChainDecorator$VirtualFilterChain.doFilter(ObservationFilterChainDecorator.java:137)
	at org.springframework.security.web.context.request.async.WebAsyncManagerIntegrationFilter.doFilterInternal(WebAsyncManagerIntegrationFilter.java:62)
	at org.springframework.web.filter.OncePerRequestFilter.doFilter(OncePerRequestFilter.java:116)
	at org.springframework.security.web.ObservationFilterChainDecorator$ObservationFilter.wrapFilter(ObservationFilterChainDecorator.java:240)
	at org.springframework.security.web.ObservationFilterChainDecorator$ObservationFilter.doFilter(ObservationFilterChainDecorator.java:227)
	at org.springframework.security.web.ObservationFilterChainDecorator$VirtualFilterChain.doFilter(ObservationFilterChainDecorator.java:137)
	at org.springframework.security.web.session.DisableEncodeUrlFilter.doFilterInternal(DisableEncodeUrlFilter.java:42)
	at org.springframework.web.filter.OncePerRequestFilter.doFilter(OncePerRequestFilter.java:116)
	at org.springframework.security.web.ObservationFilterChainDecorator$ObservationFilter.wrapFilter(ObservationFilterChainDecorator.java:240)
	at org.springframework.security.web.ObservationFilterChainDecorator$AroundFilterObservation$SimpleAroundFilterObservation.lambda$wrap$0(ObservationFilterChainDecorator.java:323)
	at org.springframework.security.web.ObservationFilterChainDecorator$ObservationFilter.doFilter(ObservationFilterChainDecorator.java:224)
	at org.springframework.security.web.ObservationFilterChainDecorator$VirtualFilterChain.doFilter(ObservationFilterChainDecorator.java:137)
	at org.springframework.security.web.FilterChainProxy.doFilterInternal(FilterChainProxy.java:233)
	at org.springframework.security.web.FilterChainProxy.doFilter(FilterChainProxy.java:191)
	at org.springframework.web.filter.DelegatingFilterProxy.invokeDelegate(DelegatingFilterProxy.java:352)
	at org.springframework.web.filter.DelegatingFilterProxy.doFilter(DelegatingFilterProxy.java:268)
	at org.apache.catalina.core.ApplicationFilterChain.internalDoFilter(ApplicationFilterChain.java:174)
	at org.apache.catalina.core.ApplicationFilterChain.doFilter(ApplicationFilterChain.java:149)
	at org.springframework.web.filter.RequestContextFilter.doFilterInternal(RequestContextFilter.java:100)
	at org.springframework.web.filter.OncePerRequestFilter.doFilter(OncePerRequestFilter.java:116)
	at org.apache.catalina.core.ApplicationFilterChain.internalDoFilter(ApplicationFilterChain.java:174)
	at org.apache.catalina.core.ApplicationFilterChain.doFilter(ApplicationFilterChain.java:149)
	at org.springframework.web.filter.FormContentFilter.doFilterInternal(FormContentFilter.java:93)
	at org.springframework.web.filter.OncePerRequestFilter.doFilter(OncePerRequestFilter.java:116)
	at org.apache.catalina.core.ApplicationFilterChain.internalDoFilter(ApplicationFilterChain.java:174)
	at org.apache.catalina.core.ApplicationFilterChain.doFilter(ApplicationFilterChain.java:149)
	at org.springframework.web.filter.ServerHttpObservationFilter.doFilterInternal(ServerHttpObservationFilter.java:109)
	at org.springframework.web.filter.OncePerRequestFilter.doFilter(OncePerRequestFilter.java:116)
	at org.apache.catalina.core.ApplicationFilterChain.internalDoFilter(ApplicationFilterChain.java:174)
	at org.apache.catalina.core.ApplicationFilterChain.doFilter(ApplicationFilterChain.java:149)
	at org.springframework.web.filter.CharacterEncodingFilter.doFilterInternal(CharacterEncodingFilter.java:201)
	at org.springframework.web.filter.OncePerRequestFilter.doFilter(OncePerRequestFilter.java:116)
	at org.apache.catalina.core.ApplicationFilterChain.internalDoFilter(ApplicationFilterChain.java:174)
	at org.apache.catalina.core.ApplicationFilterChain.doFilter(ApplicationFilterChain.java:149)
	at org.apache.catalina.core.StandardWrapperValve.invoke(StandardWrapperValve.java:167)
	at org.apache.catalina.core.StandardContextValve.invoke(StandardContextValve.java:90)
	at org.apache.catalina.authenticator.AuthenticatorBase.invoke(AuthenticatorBase.java:482)
	at org.apache.catalina.core.StandardHostValve.invoke(StandardHostValve.java:115)
	at org.apache.catalina.valves.ErrorReportValve.invoke(ErrorReportValve.java:93)
	at org.apache.catalina.core.StandardEngineValve.invoke(StandardEngineValve.java:74)
	at org.apache.catalina.connector.CoyoteAdapter.service(CoyoteAdapter.java:340)
	at org.apache.coyote.http11.Http11Processor.service(Http11Processor.java:391)
	at org.apache.coyote.AbstractProcessorLight.process(AbstractProcessorLight.java:63)
	at org.apache.coyote.AbstractProtocol$ConnectionHandler.process(AbstractProtocol.java:896)
	at org.apache.tomcat.util.net.NioEndpoint$SocketProcessor.doRun(NioEndpoint.java:1744)
	at org.apache.tomcat.util.net.SocketProcessorBase.run(SocketProcessorBase.java:52)
	at org.apache.tomcat.util.threads.ThreadPoolExecutor.runWorker(ThreadPoolExecutor.java:1191)
	at org.apache.tomcat.util.threads.ThreadPoolExecutor$Worker.run(ThreadPoolExecutor.java:659)
	at org.apache.tomcat.util.threads.TaskThread$WrappingRunnable.run(TaskThread.java:61)
	at java.base/java.lang.Thread.run(Thread.java:840)
Caused by: jakarta.servlet.ServletException: Request processing failed: com.igreen.common.exception.BusinessException: 邮箱或密码错误
	at org.springframework.web.servlet.FrameworkServlet.processRequest(FrameworkServlet.java:1022)
	at org.springframework.web.servlet.FrameworkServlet.doPost(FrameworkServlet.java:914)
	at jakarta.servlet.http.HttpServlet.service(HttpServlet.java:590)
	at org.springframework.web.servlet.FrameworkServlet.service(FrameworkServlet.java:885)
	at jakarta.servlet.http.HttpServlet.service(HttpServlet.java:658)
	at org.apache.catalina.core.ApplicationFilterChain.internalDoFilter(ApplicationFilterChain.java:205)
	at org.apache.catalina.core.ApplicationFilterChain.doFilter(ApplicationFilterChain.java:149)
	at org.apache.tomcat.websocket.server.WsFilter.doFilter(WsFilter.java:51)
	at org.apache.catalina.core.ApplicationFilterChain.internalDoFilter(ApplicationFilterChain.java:174)
	at org.apache.catalina.core.ApplicationFilterChain.doFilter(ApplicationFilterChain.java:149)
	at org.springframework.web.filter.OncePerRequestFilter.doFilter(OncePerRequestFilter.java:110)
	at org.apache.catalina.core.ApplicationFilterChain.internalDoFilter(ApplicationFilterChain.java:174)
	at org.apache.catalina.core.ApplicationFilterChain.doFilter(ApplicationFilterChain.java:149)
	at org.springframework.web.filter.OncePerRequestFilter.doFilter(OncePerRequestFilter.java:110)
	at org.apache.catalina.core.ApplicationFilterChain.internalDoFilter(ApplicationFilterChain.java:174)
	at org.apache.catalina.core.ApplicationFilterChain.doFilter(ApplicationFilterChain.java:149)
	at org.springframework.security.web.FilterChainProxy.lambda$doFilterInternal$3(FilterChainProxy.java:231)
	at org.springframework.security.web.ObservationFilterChainDecorator$FilterObservation$SimpleFilterObservation.lambda$wrap$1(ObservationFilterChainDecorator.java:479)
	at org.springframework.security.web.ObservationFilterChainDecorator$AroundFilterObservation$SimpleAroundFilterObservation.lambda$wrap$1(ObservationFilterChainDecorator.java:340)
	at org.springframework.security.web.ObservationFilterChainDecorator.lambda$wrapSecured$0(ObservationFilterChainDecorator.java:82)
	at org.springframework.security.web.ObservationFilterChainDecorator$VirtualFilterChain.doFilter(ObservationFilterChainDecorator.java:128)
	at org.springframework.security.web.access.intercept.AuthorizationFilter.doFilter(AuthorizationFilter.java:100)
	at org.springframework.security.web.ObservationFilterChainDecorator$ObservationFilter.wrapFilter(ObservationFilterChainDecorator.java:240)
	at org.springframework.security.web.ObservationFilterChainDecorator$ObservationFilter.doFilter(ObservationFilterChainDecorator.java:227)
	at org.springframework.security.web.ObservationFilterChainDecorator$VirtualFilterChain.doFilter(ObservationFilterChainDecorator.java:137)
	at org.springframework.security.web.access.ExceptionTranslationFilter.doFilter(ExceptionTranslationFilter.java:126)
	at org.springframework.security.web.access.ExceptionTranslationFilter.doFilter(ExceptionTranslationFilter.java:120)
	at org.springframework.security.web.ObservationFilterChainDecorator$ObservationFilter.wrapFilter(ObservationFilterChainDecorator.java:240)
	at org.springframework.security.web.ObservationFilterChainDecorator$ObservationFilter.doFilter(ObservationFilterChainDecorator.java:227)
	at org.springframework.security.web.ObservationFilterChainDecorator$VirtualFilterChain.doFilter(ObservationFilterChainDecorator.java:137)
	at org.springframework.security.web.session.SessionManagementFilter.doFilter(SessionManagementFilter.java:131)
	at org.springframework.security.web.session.SessionManagementFilter.doFilter(SessionManagementFilter.java:85)
	at org.springframework.security.web.ObservationFilterChainDecorator$ObservationFilter.wrapFilter(ObservationFilterChainDecorator.java:240)
	at org.springframework.security.web.ObservationFilterChainDecorator$ObservationFilter.doFilter(ObservationFilterChainDecorator.java:227)
	at org.springframework.security.web.ObservationFilterChainDecorator$VirtualFilterChain.doFilter(ObservationFilterChainDecorator.java:137)
	at org.springframework.security.web.authentication.AnonymousAuthenticationFilter.doFilter(AnonymousAuthenticationFilter.java:100)
	at org.springframework.security.web.ObservationFilterChainDecorator$ObservationFilter.wrapFilter(ObservationFilterChainDecorator.java:240)
	at org.springframework.security.web.ObservationFilterChainDecorator$ObservationFilter.doFilter(ObservationFilterChainDecorator.java:227)
	at org.springframework.security.web.ObservationFilterChainDecorator$VirtualFilterChain.doFilter(ObservationFilterChainDecorator.java:137)
	at org.springframework.security.web.servletapi.SecurityContextHolderAwareRequestFilter.doFilter(SecurityContextHolderAwareRequestFilter.java:179)
	at org.springframework.security.web.ObservationFilterChainDecorator$ObservationFilter.wrapFilter(ObservationFilterChainDecorator.java:240)
	at org.springframework.security.web.ObservationFilterChainDecorator$ObservationFilter.doFilter(ObservationFilterChainDecorator.java:227)
	at org.springframework.security.web.ObservationFilterChainDecorator$VirtualFilterChain.doFilter(ObservationFilterChainDecorator.java:137)
	at org.springframework.security.web.savedrequest.RequestCacheAwareFilter.doFilter(RequestCacheAwareFilter.java:63)
	at org.springframework.security.web.ObservationFilterChainDecorator$ObservationFilter.wrapFilter(ObservationFilterChainDecorator.java:240)
	at org.springframework.security.web.ObservationFilterChainDecorator$ObservationFilter.doFilter(ObservationFilterChainDecorator.java:227)
	at org.springframework.security.web.ObservationFilterChainDecorator$VirtualFilterChain.doFilter(ObservationFilterChainDecorator.java:137)
	at com.igreen.common.utils.JwtAuthenticationFilter.doFilterInternal(JwtAuthenticationFilter.java:64)
	at org.springframework.web.filter.OncePerRequestFilter.doFilter(OncePerRequestFilter.java:116)
	at org.springframework.security.web.ObservationFilterChainDecorator$ObservationFilter.wrapFilter(ObservationFilterChainDecorator.java:240)
	at org.springframework.security.web.ObservationFilterChainDecorator$ObservationFilter.doFilter(ObservationFilterChainDecorator.java:227)
	at org.springframework.security.web.ObservationFilterChainDecorator$VirtualFilterChain.doFilter(ObservationFilterChainDecorator.java:137)
	at com.igreen.common.config.RateLimitFilter.doFilterInternal(RateLimitFilter.java:50)
	at org.springframework.web.filter.OncePerRequestFilter.doFilter(OncePerRequestFilter.java:116)
	at org.springframework.security.web.ObservationFilterChainDecorator$ObservationFilter.wrapFilter(ObservationFilterChainDecorator.java:240)
	at org.springframework.security.web.ObservationFilterChainDecorator$ObservationFilter.doFilter(ObservationFilterChainDecorator.java:227)
	at org.springframework.security.web.ObservationFilterChainDecorator$VirtualFilterChain.doFilter(ObservationFilterChainDecorator.java:137)
	at org.springframework.security.web.authentication.logout.LogoutFilter.doFilter(LogoutFilter.java:107)
	at org.springframework.security.web.authentication.logout.LogoutFilter.doFilter(LogoutFilter.java:93)
	at org.springframework.security.web.ObservationFilterChainDecorator$ObservationFilter.wrapFilter(ObservationFilterChainDecorator.java:240)
	at org.springframework.security.web.ObservationFilterChainDecorator$ObservationFilter.doFilter(ObservationFilterChainDecorator.java:227)
	at org.springframework.security.web.ObservationFilterChainDecorator$VirtualFilterChain.doFilter(ObservationFilterChainDecorator.java:137)
	at org.springframework.web.filter.CorsFilter.doFilterInternal(CorsFilter.java:91)
	at org.springframework.web.filter.OncePerRequestFilter.doFilter(OncePerRequestFilter.java:116)
	at org.springframework.security.web.ObservationFilterChainDecorator$ObservationFilter.wrapFilter(ObservationFilterChainDecorator.java:240)
	at org.springframework.security.web.ObservationFilterChainDecorator$ObservationFilter.doFilter(ObservationFilterChainDecorator.java:227)
	at org.springframework.security.web.ObservationFilterChainDecorator$VirtualFilterChain.doFilter(ObservationFilterChainDecorator.java:137)
	at org.springframework.security.web.header.HeaderWriterFilter.doHeadersAfter(HeaderWriterFilter.java:90)
	at org.springframework.security.web.header.HeaderWriterFilter.doFilterInternal(HeaderWriterFilter.java:75)
	at org.springframework.web.filter.OncePerRequestFilter.doFilter(OncePerRequestFilter.java:116)
	at org.springframework.security.web.ObservationFilterChainDecorator$ObservationFilter.wrapFilter(ObservationFilterChainDecorator.java:240)
	at org.springframework.security.web.ObservationFilterChainDecorator$ObservationFilter.doFilter(ObservationFilterChainDecorator.java:227)
	at org.springframework.security.web.ObservationFilterChainDecorator$VirtualFilterChain.doFilter(ObservationFilterChainDecorator.java:137)
	at org.springframework.security.web.context.SecurityContextHolderFilter.doFilter(SecurityContextHolderFilter.java:82)
	at org.springframework.security.web.context.SecurityContextHolderFilter.doFilter(SecurityContextHolderFilter.java:69)
	at org.springframework.security.web.ObservationFilterChainDecorator$ObservationFilter.wrapFilter(ObservationFilterChainDecorator.java:240)
	at org.springframework.security.web.ObservationFilterChainDecorator$ObservationFilter.doFilter(ObservationFilterChainDecorator.java:227)
	at org.springframework.security.web.ObservationFilterChainDecorator$VirtualFilterChain.doFilter(ObservationFilterChainDecorator.java:137)
	at com.igreen.common.config.SecurityConfig$1.doFilterInternal(SecurityConfig.java:64)
	... 53 common frames omitted
Caused by: com.igreen.common.exception.BusinessException: 邮箱或密码错误
	at com.igreen.domain.service.UserService.login(UserService.java:76)
	at java.base/jdk.internal.reflect.NativeMethodAccessorImpl.invoke0(Native Method)
	at java.base/jdk.internal.reflect.NativeMethodAccessorImpl.invoke(NativeMethodAccessorImpl.java:77)
	at java.base/jdk.internal.reflect.DelegatingMethodAccessorImpl.invoke(DelegatingMethodAccessorImpl.java:43)
	at java.base/java.lang.reflect.Method.invoke(Method.java:569)
	at org.springframework.aop.support.AopUtils.invokeJoinpointUsingReflection(AopUtils.java:352)
	at org.springframework.aop.framework.ReflectiveMethodInvocation.invokeJoinpoint(ReflectiveMethodInvocation.java:196)
	at org.springframework.aop.framework.ReflectiveMethodInvocation.proceed(ReflectiveMethodInvocation.java:163)
	at org.springframework.aop.framework.CglibAopProxy$CglibMethodInvocation.proceed(CglibAopProxy.java:765)
	at org.springframework.transaction.interceptor.TransactionInterceptor$1.proceedWithInvocation(TransactionInterceptor.java:123)
	at org.springframework.transaction.interceptor.TransactionAspectSupport.invokeWithinTransaction(TransactionAspectSupport.java:385)
	at org.springframework.transaction.interceptor.TransactionInterceptor.invoke(TransactionInterceptor.java:119)
	at org.springframework.aop.framework.ReflectiveMethodInvocation.proceed(ReflectiveMethodInvocation.java:184)
	at org.springframework.aop.framework.CglibAopProxy$CglibMethodInvocation.proceed(CglibAopProxy.java:765)
	at org.springframework.aop.framework.CglibAopProxy$DynamicAdvisedInterceptor.intercept(CglibAopProxy.java:717)
	at com.igreen.domain.service.UserService$$SpringCGLIB$$0.login(<generated>)
	at com.igreen.domain.controller.AuthController.login(AuthController.java:38)
	at java.base/jdk.internal.reflect.NativeMethodAccessorImpl.invoke0(Native Method)
	at java.base/jdk.internal.reflect.NativeMethodAccessorImpl.invoke(NativeMethodAccessorImpl.java:77)
	at java.base/jdk.internal.reflect.DelegatingMethodAccessorImpl.invoke(DelegatingMethodAccessorImpl.java:43)
	at java.base/java.lang.reflect.Method.invoke(Method.java:569)
	at org.springframework.web.method.support.InvocableHandlerMethod.doInvoke(InvocableHandlerMethod.java:254)
	at org.springframework.web.method.support.InvocableHandlerMethod.invokeForRequest(InvocableHandlerMethod.java:182)
	at org.springframework.web.servlet.mvc.method.annotation.ServletInvocableHandlerMethod.invokeAndHandle(ServletInvocableHandlerMethod.java:118)
	at org.springframework.web.servlet.mvc.method.annotation.RequestMappingHandlerAdapter.invokeHandlerMethod(RequestMappingHandlerAdapter.java:917)
	at org.springframework.web.servlet.mvc.method.annotation.RequestMappingHandlerAdapter.handleInternal(RequestMappingHandlerAdapter.java:829)
	at org.springframework.web.servlet.mvc.method.AbstractHandlerMethodAdapter.handle(AbstractHandlerMethodAdapter.java:87)
	at org.springframework.web.servlet.DispatcherServlet.doDispatch(DispatcherServlet.java:1089)
	at org.springframework.web.servlet.DispatcherServlet.doService(DispatcherServlet.java:979)
	at org.springframework.web.servlet.FrameworkServlet.processRequest(FrameworkServlet.java:1014)
	... 131 common frames omitted
[2026-02-10 21:48:07.132] INFO  main com.igreen.IGreenApplication - Starting IGreenApplication using Java 17.0.15 with PID 53092 (/Users/mac/workspace/iGreenProduct/igreen-backend/target/classes started by mac in /Users/mac/workspace/iGreenProduct/igreen-backend)
[2026-02-10 21:48:07.135] INFO  main com.igreen.IGreenApplication - The following 1 profile is active: "dev"
[2026-02-10 21:48:09.256] INFO  main o.s.data.repository.config.RepositoryConfigurationDelegate - Bootstrapping Spring Data JPA repositories in DEFAULT mode.
[2026-02-10 21:48:09.316] INFO  main o.s.data.repository.config.RepositoryConfigurationDelegate - Finished Spring Data repository scanning in 36 ms. Found 0 JPA repository interfaces.
[2026-02-10 21:48:11.321] INFO  main o.springframework.boot.web.embedded.tomcat.TomcatWebServer - Tomcat initialized with port 8000 (http)
[2026-02-10 21:48:11.336] INFO  main org.apache.coyote.http11.Http11NioProtocol - Initializing ProtocolHandler ["http-nio-8000"]
[2026-02-10 21:48:11.340] INFO  main org.apache.catalina.core.StandardService - Starting service [Tomcat]
[2026-02-10 21:48:11.342] INFO  main org.apache.catalina.core.StandardEngine - Starting Servlet engine: [Apache Tomcat/10.1.16]
[2026-02-10 21:48:11.491] INFO  main o.a.catalina.core.ContainerBase.[Tomcat].[localhost].[/] - Initializing Spring embedded WebApplicationContext
[2026-02-10 21:48:11.491] INFO  main o.s.b.web.servlet.context.ServletWebServerApplicationContext - Root WebApplicationContext: initialization completed in 4288 ms
[2026-02-10 21:48:12.417] WARN  main com.baomidou.mybatisplus.core.injector.methods.Insert - [com.igreen.domain.mapper.GroupMapper.insert] Has been loaded by XML or SqlProvider or Mybatis's Annotation, so ignoring this injection for [class com.baomidou.mybatisplus.core.injector.methods.Insert]
[2026-02-10 21:48:12.424] WARN  main com.baomidou.mybatisplus.core.injector.methods.Update - [com.igreen.domain.mapper.GroupMapper.update] Has been loaded by XML or SqlProvider or Mybatis's Annotation, so ignoring this injection for [class com.baomidou.mybatisplus.core.injector.methods.Update]
[2026-02-10 21:48:12.435] WARN  main com.baomidou.mybatisplus.core.injector.methods.SelectList - [com.igreen.domain.mapper.GroupMapper.selectList] Has been loaded by XML or SqlProvider or Mybatis's Annotation, so ignoring this injection for [class com.baomidou.mybatisplus.core.injector.methods.SelectList]
[2026-02-10 21:48:12.435] WARN  main com.baomidou.mybatisplus.core.injector.methods.DeleteById - [com.igreen.domain.mapper.GroupMapper.deleteById] Has been loaded by XML or SqlProvider or Mybatis's Annotation, so ignoring this injection for [class com.baomidou.mybatisplus.core.injector.methods.DeleteById]
[2026-02-10 21:48:12.440] WARN  main com.baomidou.mybatisplus.core.injector.methods.SelectById - [com.igreen.domain.mapper.GroupMapper.selectById] Has been loaded by XML or SqlProvider or Mybatis's Annotation, so ignoring this injection for [class com.baomidou.mybatisplus.core.injector.methods.SelectById]
[2026-02-10 21:48:14.028] INFO  main o.s.orm.jpa.persistenceunit.SpringPersistenceUnitInfo - No LoadTimeWeaver setup: ignoring JPA class transformer
[2026-02-10 21:48:14.083] INFO  main com.zaxxer.hikari.HikariDataSource - HikariPool-1 - Starting...
[2026-02-10 21:48:14.751] INFO  main com.zaxxer.hikari.pool.HikariPool - HikariPool-1 - Added connection com.mysql.cj.jdbc.ConnectionImpl@6785786d
[2026-02-10 21:48:14.755] INFO  main com.zaxxer.hikari.HikariDataSource - HikariPool-1 - Start completed.
[2026-02-10 21:48:14.933] WARN  main org.hibernate.orm.deprecation - HHH90000025: MySQLDialect does not need to be specified explicitly using 'hibernate.dialect' (remove the property setting and it will be selected by default)
[2026-02-10 21:48:15.539] INFO  main o.s.orm.jpa.LocalContainerEntityManagerFactoryBean - Initialized JPA EntityManagerFactory for persistence unit 'default'
[2026-02-10 21:48:16.414] WARN  main o.s.b.a.orm.jpa.JpaBaseConfiguration$JpaWebConfiguration - spring.jpa.open-in-view is enabled by default. Therefore, database queries may be performed during view rendering. Explicitly configure spring.jpa.open-in-view to disable this warning
[2026-02-10 21:48:17.411] INFO  main o.s.boot.actuate.endpoint.web.EndpointLinksResolver - Exposing 2 endpoint(s) beneath base path '/actuator'
[2026-02-10 21:48:17.613] INFO  main org.springframework.security.web.DefaultSecurityFilterChain - Will secure any request with [org.springframework.security.web.session.DisableEncodeUrlFilter@77c41838, org.springframework.security.web.context.request.async.WebAsyncManagerIntegrationFilter@1872a7fe, com.igreen.common.config.SecurityConfig$1@70720b78, org.springframework.security.web.context.SecurityContextHolderFilter@1147ab09, org.springframework.security.web.header.HeaderWriterFilter@17db90a7, org.springframework.web.filter.CorsFilter@628f642d, org.springframework.security.web.authentication.logout.LogoutFilter@653fbbfc, com.igreen.common.config.RateLimitFilter@5d297d4d, com.igreen.common.utils.JwtAuthenticationFilter@5f369fc6, org.springframework.security.web.savedrequest.RequestCacheAwareFilter@c53dfb2, org.springframework.security.web.servletapi.SecurityContextHolderAwareRequestFilter@6f744b4e, org.springframework.security.web.authentication.AnonymousAuthenticationFilter@355da59c, org.springframework.security.web.session.SessionManagementFilter@24090832, org.springframework.security.web.access.ExceptionTranslationFilter@3049dcac, org.springframework.security.web.access.intercept.AuthorizationFilter@66e5441e]
[2026-02-10 21:48:19.098] INFO  main org.apache.coyote.http11.Http11NioProtocol - Starting ProtocolHandler ["http-nio-8000"]
[2026-02-10 21:48:19.134] INFO  main o.springframework.boot.web.embedded.tomcat.TomcatWebServer - Tomcat started on port 8000 (http) with context path ''
[2026-02-10 21:48:19.162] INFO  main com.igreen.IGreenApplication - Started IGreenApplication in 13.076 seconds (process running for 15.346)
[2026-02-10 21:48:19.182] INFO  main com.igreen.common.config.DatabaseInitConfig - 开始初始化数据库表结构...
[2026-02-10 21:48:19.182] INFO  main com.igreen.common.config.DatabaseInitConfig - 检查并修复 sla_configs 表结构...
[2026-02-10 21:48:19.281] INFO  main com.igreen.common.config.DatabaseInitConfig - sla_configs 表结构修复完成
[2026-02-10 21:48:19.281] INFO  main com.igreen.common.config.DatabaseInitConfig - 检查并修复 site_level_configs 表结构...
[2026-02-10 21:48:19.405] INFO  main com.igreen.common.config.DatabaseInitConfig - site_level_configs 表结构修复完成
[2026-02-10 21:48:19.405] INFO  main com.igreen.common.config.DatabaseInitConfig - 数据库表结构初始化完成
[2026-02-10 22:19:42.827] INFO  http-nio-8000-exec-1 o.a.catalina.core.ContainerBase.[Tomcat].[localhost].[/] - Initializing Spring DispatcherServlet 'dispatcherServlet'
[2026-02-10 22:19:42.828] INFO  http-nio-8000-exec-1 org.springframework.web.servlet.DispatcherServlet - Initializing Servlet 'dispatcherServlet'
[2026-02-10 22:19:42.839] INFO  http-nio-8000-exec-1 org.springframework.web.servlet.DispatcherServlet - Completed initialization in 11 ms
[2026-02-10 22:19:42.928] WARN  http-nio-8000-exec-1 o.s.web.servlet.handler.HandlerMappingIntrospector - Cache miss for REQUEST dispatch to '/api/auth/login' (previous null). Performing MatchableHandlerMapping lookup. This is logged once only at WARN level, and every time at TRACE.
[2026-02-10 22:19:51.943] ERROR http-nio-8000-exec-1 com.igreen.common.exception.GlobalExceptionHandler - Business error at /api/auth/login: 邮箱或密码错误
[2026-02-10 22:21:23.002] WARN  HikariPool-1 housekeeper com.zaxxer.hikari.pool.HikariPool - HikariPool-1 - Thread starvation or clock leap detected (housekeeper delta=1m6s977ms).
[2026-02-10 22:21:53.767] ERROR http-nio-8000-exec-2 com.igreen.common.exception.GlobalExceptionHandler - Business error at /api/auth/login: 邮箱或密码错误
