2026-02-27T11:36:51.064+08:00  WARN 68798 --- [igreen-backend] [main] c.b.m.core.injector.methods.Insert       : [com.igreen.domain.mapper.GroupMapper.insert] Has been loaded by XML or SqlProvider or Mybatis's Annotation, so ignoring this injection for [class com.baomidou.mybatisplus.core.injector.methods.Insert]
2026-02-27T11:36:51.077+08:00  WARN 68798 --- [igreen-backend] [main] c.b.m.core.injector.methods.Update       : [com.igreen.domain.mapper.GroupMapper.update] Has been loaded by XML or SqlProvider or Mybatis's Annotation, so ignoring this injection for [class com.baomidou.mybatisplus.core.injector.methods.Update]
2026-02-27T11:36:51.099+08:00  WARN 68798 --- [igreen-backend] [main] c.b.m.core.injector.methods.SelectList   : [com.igreen.domain.mapper.GroupMapper.selectList] Has been loaded by XML or SqlProvider or Mybatis's Annotation, so ignoring this injection for [class com.baomidou.mybatisplus.core.injector.methods.SelectList]
2026-02-27T11:36:51.100+08:00  WARN 68798 --- [igreen-backend] [main] c.b.m.core.injector.methods.DeleteById   : [com.igreen.domain.mapper.GroupMapper.deleteById] Has been loaded by XML or SqlProvider or Mybatis's Annotation, so ignoring this injection for [class com.baomidou.mybatisplus.core.injector.methods.DeleteById]
2026-02-27T11:36:51.109+08:00  WARN 68798 --- [igreen-backend] [main] c.b.m.core.injector.methods.SelectById   : [com.igreen.domain.mapper.GroupMapper.selectById] Has been loaded by XML or SqlProvider or Mybatis's Annotation, so ignoring this injection for [class com.baomidou.mybatisplus.core.injector.methods.SelectById]
2026-02-27T11:36:51.212+08:00  WARN 68798 --- [igreen-backend] [main] c.b.m.core.metadata.TableInfoHelper      : This "id" is the table primary key by default name for `id` in Class: "com.igreen.domain.entity.SiteLevelConfig",So @TableField will not work!
2026-02-27T11:36:53.309+08:00  WARN 68798 --- [igreen-backend] [main] org.hibernate.orm.deprecation            : HHH90000025: MySQLDialect does not need to be specified explicitly using 'hibernate.dialect' (remove the property setting and it will be selected by default)
2026-02-27T11:36:55.119+08:00  WARN 68798 --- [igreen-backend] [main] JpaBaseConfiguration$JpaWebConfiguration : spring.jpa.open-in-view is enabled by default. Therefore, database queries may be performed during view rendering. Explicitly configure spring.jpa.open-in-view to disable this warning
2026-02-27T12:53:00.678+08:00  WARN 16160 --- [igreen-backend] [main] c.b.m.core.injector.methods.Insert       : [com.igreen.domain.mapper.GroupMapper.insert] Has been loaded by XML or SqlProvider or Mybatis's Annotation, so ignoring this injection for [class com.baomidou.mybatisplus.core.injector.methods.Insert]
2026-02-27T12:53:00.687+08:00  WARN 16160 --- [igreen-backend] [main] c.b.m.core.injector.methods.Update       : [com.igreen.domain.mapper.GroupMapper.update] Has been loaded by XML or SqlProvider or Mybatis's Annotation, so ignoring this injection for [class com.baomidou.mybatisplus.core.injector.methods.Update]
2026-02-27T12:53:00.703+08:00  WARN 16160 --- [igreen-backend] [main] c.b.m.core.injector.methods.SelectList   : [com.igreen.domain.mapper.GroupMapper.selectList] Has been loaded by XML or SqlProvider or Mybatis's Annotation, so ignoring this injection for [class com.baomidou.mybatisplus.core.injector.methods.SelectList]
2026-02-27T12:53:00.704+08:00  WARN 16160 --- [igreen-backend] [main] c.b.m.core.injector.methods.DeleteById   : [com.igreen.domain.mapper.GroupMapper.deleteById] Has been loaded by XML or SqlProvider or Mybatis's Annotation, so ignoring this injection for [class com.baomidou.mybatisplus.core.injector.methods.DeleteById]
2026-02-27T12:53:00.711+08:00  WARN 16160 --- [igreen-backend] [main] c.b.m.core.injector.methods.SelectById   : [com.igreen.domain.mapper.GroupMapper.selectById] Has been loaded by XML or SqlProvider or Mybatis's Annotation, so ignoring this injection for [class com.baomidou.mybatisplus.core.injector.methods.SelectById]
2026-02-27T12:53:00.876+08:00  WARN 16160 --- [igreen-backend] [main] c.b.m.core.metadata.TableInfoHelper      : This "id" is the table primary key by default name for `id` in Class: "com.igreen.domain.entity.SiteLevelConfig",So @TableField will not work!
2026-02-27T12:53:04.091+08:00  WARN 16160 --- [igreen-backend] [main] org.hibernate.orm.deprecation            : HHH90000025: MySQLDialect does not need to be specified explicitly using 'hibernate.dialect' (remove the property setting and it will be selected by default)
2026-02-27T12:53:07.483+08:00  WARN 16160 --- [igreen-backend] [main] JpaBaseConfiguration$JpaWebConfiguration : spring.jpa.open-in-view is enabled by default. Therefore, database queries may be performed during view rendering. Explicitly configure spring.jpa.open-in-view to disable this warning
2026-02-27T12:56:34.047+08:00  WARN 16160 --- [igreen-backend] [http-nio-8089-exec-1] com.igreen.common.utils.JwtUtils         : JWT token is expired
2026-02-27T12:56:34.055+08:00  WARN 16160 --- [igreen-backend] [http-nio-8089-exec-1] o.s.w.s.h.HandlerMappingIntrospector     : Cache miss for REQUEST dispatch to '/api/tickets' (previous null). Performing MatchableHandlerMapping lookup. This is logged once only at WARN level, and every time at TRACE.
2026-02-27T12:57:06.193+08:00  WARN 16160 --- [igreen-backend] [http-nio-8089-exec-2] com.igreen.common.utils.JwtUtils         : Invalid JWT signature
2026-02-27T12:57:22.246+08:00  WARN 16160 --- [igreen-backend] [http-nio-8089-exec-3] com.igreen.common.utils.JwtUtils         : Invalid JWT signature
2026-02-27T12:57:30.469+08:00  WARN 16160 --- [igreen-backend] [http-nio-8089-exec-4] com.igreen.common.utils.JwtUtils         : Invalid JWT token format
2026-02-27T12:59:12.145+08:00  WARN 16160 --- [igreen-backend] [HikariPool-1 housekeeper] com.zaxxer.hikari.pool.HikariPool        : HikariPool-1 - Thread starvation or clock leap detected (housekeeper delta=1m6s24ms).
2026-02-27T13:25:18.985+08:00  WARN 30269 --- [igreen-backend] [main] c.b.m.core.injector.methods.Insert       : [com.igreen.domain.mapper.GroupMapper.insert] Has been loaded by XML or SqlProvider or Mybatis's Annotation, so ignoring this injection for [class com.baomidou.mybatisplus.core.injector.methods.Insert]
2026-02-27T13:25:19.005+08:00  WARN 30269 --- [igreen-backend] [main] c.b.m.core.injector.methods.Update       : [com.igreen.domain.mapper.GroupMapper.update] Has been loaded by XML or SqlProvider or Mybatis's Annotation, so ignoring this injection for [class com.baomidou.mybatisplus.core.injector.methods.Update]
2026-02-27T13:25:19.025+08:00  WARN 30269 --- [igreen-backend] [main] c.b.m.core.injector.methods.SelectList   : [com.igreen.domain.mapper.GroupMapper.selectList] Has been loaded by XML or SqlProvider or Mybatis's Annotation, so ignoring this injection for [class com.baomidou.mybatisplus.core.injector.methods.SelectList]
2026-02-27T13:25:19.026+08:00  WARN 30269 --- [igreen-backend] [main] c.b.m.core.injector.methods.DeleteById   : [com.igreen.domain.mapper.GroupMapper.deleteById] Has been loaded by XML or SqlProvider or Mybatis's Annotation, so ignoring this injection for [class com.baomidou.mybatisplus.core.injector.methods.DeleteById]
2026-02-27T13:25:19.032+08:00  WARN 30269 --- [igreen-backend] [main] c.b.m.core.injector.methods.SelectById   : [com.igreen.domain.mapper.GroupMapper.selectById] Has been loaded by XML or SqlProvider or Mybatis's Annotation, so ignoring this injection for [class com.baomidou.mybatisplus.core.injector.methods.SelectById]
2026-02-27T13:25:19.126+08:00  WARN 30269 --- [igreen-backend] [main] c.b.m.core.metadata.TableInfoHelper      : This "id" is the table primary key by default name for `id` in Class: "com.igreen.domain.entity.SiteLevelConfig",So @TableField will not work!
2026-02-27T13:25:21.722+08:00  WARN 30269 --- [igreen-backend] [main] org.hibernate.orm.deprecation            : HHH90000025: MySQLDialect does not need to be specified explicitly using 'hibernate.dialect' (remove the property setting and it will be selected by default)
2026-02-27T13:25:23.008+08:00  WARN 30269 --- [igreen-backend] [main] JpaBaseConfiguration$JpaWebConfiguration : spring.jpa.open-in-view is enabled by default. Therefore, database queries may be performed during view rendering. Explicitly configure spring.jpa.open-in-view to disable this warning
2026-02-27T13:34:21.818+08:00  WARN 35500 --- [igreen-backend] [main] c.b.m.core.injector.methods.Insert       : [com.igreen.domain.mapper.GroupMapper.insert] Has been loaded by XML or SqlProvider or Mybatis's Annotation, so ignoring this injection for [class com.baomidou.mybatisplus.core.injector.methods.Insert]
2026-02-27T13:34:21.826+08:00  WARN 35500 --- [igreen-backend] [main] c.b.m.core.injector.methods.Update       : [com.igreen.domain.mapper.GroupMapper.update] Has been loaded by XML or SqlProvider or Mybatis's Annotation, so ignoring this injection for [class com.baomidou.mybatisplus.core.injector.methods.Update]
2026-02-27T13:34:21.838+08:00  WARN 35500 --- [igreen-backend] [main] c.b.m.core.injector.methods.SelectList   : [com.igreen.domain.mapper.GroupMapper.selectList] Has been loaded by XML or SqlProvider or Mybatis's Annotation, so ignoring this injection for [class com.baomidou.mybatisplus.core.injector.methods.SelectList]
2026-02-27T13:34:21.839+08:00  WARN 35500 --- [igreen-backend] [main] c.b.m.core.injector.methods.DeleteById   : [com.igreen.domain.mapper.GroupMapper.deleteById] Has been loaded by XML or SqlProvider or Mybatis's Annotation, so ignoring this injection for [class com.baomidou.mybatisplus.core.injector.methods.DeleteById]
2026-02-27T13:34:21.844+08:00  WARN 35500 --- [igreen-backend] [main] c.b.m.core.injector.methods.SelectById   : [com.igreen.domain.mapper.GroupMapper.selectById] Has been loaded by XML or SqlProvider or Mybatis's Annotation, so ignoring this injection for [class com.baomidou.mybatisplus.core.injector.methods.SelectById]
2026-02-27T13:34:21.928+08:00  WARN 35500 --- [igreen-backend] [main] c.b.m.core.metadata.TableInfoHelper      : This "id" is the table primary key by default name for `id` in Class: "com.igreen.domain.entity.SiteLevelConfig",So @TableField will not work!
2026-02-27T13:34:22.007+08:00  WARN 35500 --- [igreen-backend] [main] c.b.m.core.metadata.TableInfoHelper      : Can not find table primary key in Class: "com.igreen.domain.entity.TemplateField".
2026-02-27T13:34:22.008+08:00  WARN 35500 --- [igreen-backend] [main] c.b.m.core.injector.DefaultSqlInjector   : class com.igreen.domain.entity.TemplateField ,Not found @TableId annotation, Cannot use Mybatis-Plus 'xxById' Method.
2026-02-27T13:34:22.078+08:00  WARN 35500 --- [igreen-backend] [main] c.b.m.core.metadata.TableInfoHelper      : Can not find table primary key in Class: "com.igreen.domain.entity.TemplateStep".
2026-02-27T13:34:22.079+08:00  WARN 35500 --- [igreen-backend] [main] c.b.m.core.injector.DefaultSqlInjector   : class com.igreen.domain.entity.TemplateStep ,Not found @TableId annotation, Cannot use Mybatis-Plus 'xxById' Method.
2026-02-27T13:34:23.951+08:00  WARN 35500 --- [igreen-backend] [main] org.hibernate.orm.deprecation            : HHH90000025: MySQLDialect does not need to be specified explicitly using 'hibernate.dialect' (remove the property setting and it will be selected by default)
2026-02-27T13:34:25.281+08:00  WARN 35500 --- [igreen-backend] [main] JpaBaseConfiguration$JpaWebConfiguration : spring.jpa.open-in-view is enabled by default. Therefore, database queries may be performed during view rendering. Explicitly configure spring.jpa.open-in-view to disable this warning
2026-02-27T13:37:30.622+08:00  WARN 37433 --- [igreen-backend] [main] c.b.m.core.injector.methods.Insert       : [com.igreen.domain.mapper.GroupMapper.insert] Has been loaded by XML or SqlProvider or Mybatis's Annotation, so ignoring this injection for [class com.baomidou.mybatisplus.core.injector.methods.Insert]
2026-02-27T13:37:30.629+08:00  WARN 37433 --- [igreen-backend] [main] c.b.m.core.injector.methods.Update       : [com.igreen.domain.mapper.GroupMapper.update] Has been loaded by XML or SqlProvider or Mybatis's Annotation, so ignoring this injection for [class com.baomidou.mybatisplus.core.injector.methods.Update]
2026-02-27T13:37:30.638+08:00  WARN 37433 --- [igreen-backend] [main] c.b.m.core.injector.methods.SelectList   : [com.igreen.domain.mapper.GroupMapper.selectList] Has been loaded by XML or SqlProvider or Mybatis's Annotation, so ignoring this injection for [class com.baomidou.mybatisplus.core.injector.methods.SelectList]
2026-02-27T13:37:30.639+08:00  WARN 37433 --- [igreen-backend] [main] c.b.m.core.injector.methods.DeleteById   : [com.igreen.domain.mapper.GroupMapper.deleteById] Has been loaded by XML or SqlProvider or Mybatis's Annotation, so ignoring this injection for [class com.baomidou.mybatisplus.core.injector.methods.DeleteById]
2026-02-27T13:37:30.643+08:00  WARN 37433 --- [igreen-backend] [main] c.b.m.core.injector.methods.SelectById   : [com.igreen.domain.mapper.GroupMapper.selectById] Has been loaded by XML or SqlProvider or Mybatis's Annotation, so ignoring this injection for [class com.baomidou.mybatisplus.core.injector.methods.SelectById]
2026-02-27T13:37:30.718+08:00  WARN 37433 --- [igreen-backend] [main] c.b.m.core.metadata.TableInfoHelper      : This "id" is the table primary key by default name for `id` in Class: "com.igreen.domain.entity.SiteLevelConfig",So @TableField will not work!
2026-02-27T13:37:30.771+08:00  WARN 37433 --- [igreen-backend] [main] c.b.m.core.metadata.TableInfoHelper      : Can not find table primary key in Class: "com.igreen.domain.entity.TemplateField".
2026-02-27T13:37:30.772+08:00  WARN 37433 --- [igreen-backend] [main] c.b.m.core.injector.DefaultSqlInjector   : class com.igreen.domain.entity.TemplateField ,Not found @TableId annotation, Cannot use Mybatis-Plus 'xxById' Method.
2026-02-27T13:37:30.827+08:00  WARN 37433 --- [igreen-backend] [main] c.b.m.core.metadata.TableInfoHelper      : Can not find table primary key in Class: "com.igreen.domain.entity.TemplateStep".
2026-02-27T13:37:30.828+08:00  WARN 37433 --- [igreen-backend] [main] c.b.m.core.injector.DefaultSqlInjector   : class com.igreen.domain.entity.TemplateStep ,Not found @TableId annotation, Cannot use Mybatis-Plus 'xxById' Method.
2026-02-27T13:37:32.520+08:00  WARN 37433 --- [igreen-backend] [main] org.hibernate.orm.deprecation            : HHH90000025: MySQLDialect does not need to be specified explicitly using 'hibernate.dialect' (remove the property setting and it will be selected by default)
2026-02-27T13:37:33.971+08:00  WARN 37433 --- [igreen-backend] [main] JpaBaseConfiguration$JpaWebConfiguration : spring.jpa.open-in-view is enabled by default. Therefore, database queries may be performed during view rendering. Explicitly configure spring.jpa.open-in-view to disable this warning
2026-02-27T13:37:36.609+08:00  WARN 37433 --- [igreen-backend] [main] ConfigServletWebServerApplicationContext : Exception encountered during context initialization - cancelling refresh attempt: org.springframework.context.ApplicationContextException: Failed to start bean 'webServerStartStop'
2026-02-27T13:38:03.364+08:00  WARN 37742 --- [igreen-backend] [main] c.b.m.core.injector.methods.Insert       : [com.igreen.domain.mapper.GroupMapper.insert] Has been loaded by XML or SqlProvider or Mybatis's Annotation, so ignoring this injection for [class com.baomidou.mybatisplus.core.injector.methods.Insert]
2026-02-27T13:38:03.377+08:00  WARN 37742 --- [igreen-backend] [main] c.b.m.core.injector.methods.Update       : [com.igreen.domain.mapper.GroupMapper.update] Has been loaded by XML or SqlProvider or Mybatis's Annotation, so ignoring this injection for [class com.baomidou.mybatisplus.core.injector.methods.Update]
2026-02-27T13:38:03.410+08:00  WARN 37742 --- [igreen-backend] [main] c.b.m.core.injector.methods.SelectList   : [com.igreen.domain.mapper.GroupMapper.selectList] Has been loaded by XML or SqlProvider or Mybatis's Annotation, so ignoring this injection for [class com.baomidou.mybatisplus.core.injector.methods.SelectList]
2026-02-27T13:38:03.419+08:00  WARN 37742 --- [igreen-backend] [main] c.b.m.core.injector.methods.DeleteById   : [com.igreen.domain.mapper.GroupMapper.deleteById] Has been loaded by XML or SqlProvider or Mybatis's Annotation, so ignoring this injection for [class com.baomidou.mybatisplus.core.injector.methods.DeleteById]
2026-02-27T13:38:03.443+08:00  WARN 37742 --- [igreen-backend] [main] c.b.m.core.injector.methods.SelectById   : [com.igreen.domain.mapper.GroupMapper.selectById] Has been loaded by XML or SqlProvider or Mybatis's Annotation, so ignoring this injection for [class com.baomidou.mybatisplus.core.injector.methods.SelectById]
2026-02-27T13:38:03.594+08:00  WARN 37742 --- [igreen-backend] [main] c.b.m.core.metadata.TableInfoHelper      : This "id" is the table primary key by default name for `id` in Class: "com.igreen.domain.entity.SiteLevelConfig",So @TableField will not work!
2026-02-27T13:38:03.774+08:00  WARN 37742 --- [igreen-backend] [main] c.b.m.core.metadata.TableInfoHelper      : Can not find table primary key in Class: "com.igreen.domain.entity.TemplateField".
2026-02-27T13:38:03.775+08:00  WARN 37742 --- [igreen-backend] [main] c.b.m.core.injector.DefaultSqlInjector   : class com.igreen.domain.entity.TemplateField ,Not found @TableId annotation, Cannot use Mybatis-Plus 'xxById' Method.
2026-02-27T13:38:03.881+08:00  WARN 37742 --- [igreen-backend] [main] c.b.m.core.metadata.TableInfoHelper      : Can not find table primary key in Class: "com.igreen.domain.entity.TemplateStep".
2026-02-27T13:38:03.882+08:00  WARN 37742 --- [igreen-backend] [main] c.b.m.core.injector.DefaultSqlInjector   : class com.igreen.domain.entity.TemplateStep ,Not found @TableId annotation, Cannot use Mybatis-Plus 'xxById' Method.
2026-02-27T13:38:05.985+08:00  WARN 37742 --- [igreen-backend] [main] org.hibernate.orm.deprecation            : HHH90000025: MySQLDialect does not need to be specified explicitly using 'hibernate.dialect' (remove the property setting and it will be selected by default)
2026-02-27T13:38:07.833+08:00  WARN 37742 --- [igreen-backend] [main] JpaBaseConfiguration$JpaWebConfiguration : spring.jpa.open-in-view is enabled by default. Therefore, database queries may be performed during view rendering. Explicitly configure spring.jpa.open-in-view to disable this warning
2026-02-27T13:38:17.445+08:00  WARN 37742 --- [igreen-backend] [http-nio-8089-exec-1] o.s.w.s.h.HandlerMappingIntrospector     : Cache miss for REQUEST dispatch to '/api/templates' (previous null). Performing MatchableHandlerMapping lookup. This is logged once only at WARN level, and every time at TRACE.
2026-02-27T13:39:19.725+08:00  WARN 38790 --- [igreen-backend] [main] c.b.m.core.injector.methods.Insert       : [com.igreen.domain.mapper.GroupMapper.insert] Has been loaded by XML or SqlProvider or Mybatis's Annotation, so ignoring this injection for [class com.baomidou.mybatisplus.core.injector.methods.Insert]
2026-02-27T13:39:19.735+08:00  WARN 38790 --- [igreen-backend] [main] c.b.m.core.injector.methods.Update       : [com.igreen.domain.mapper.GroupMapper.update] Has been loaded by XML or SqlProvider or Mybatis's Annotation, so ignoring this injection for [class com.baomidou.mybatisplus.core.injector.methods.Update]
2026-02-27T13:39:19.754+08:00  WARN 38790 --- [igreen-backend] [main] c.b.m.core.injector.methods.SelectList   : [com.igreen.domain.mapper.GroupMapper.selectList] Has been loaded by XML or SqlProvider or Mybatis's Annotation, so ignoring this injection for [class com.baomidou.mybatisplus.core.injector.methods.SelectList]
2026-02-27T13:39:19.755+08:00  WARN 38790 --- [igreen-backend] [main] c.b.m.core.injector.methods.DeleteById   : [com.igreen.domain.mapper.GroupMapper.deleteById] Has been loaded by XML or SqlProvider or Mybatis's Annotation, so ignoring this injection for [class com.baomidou.mybatisplus.core.injector.methods.DeleteById]
2026-02-27T13:39:19.762+08:00  WARN 38790 --- [igreen-backend] [main] c.b.m.core.injector.methods.SelectById   : [com.igreen.domain.mapper.GroupMapper.selectById] Has been loaded by XML or SqlProvider or Mybatis's Annotation, so ignoring this injection for [class com.baomidou.mybatisplus.core.injector.methods.SelectById]
2026-02-27T13:39:19.883+08:00  WARN 38790 --- [igreen-backend] [main] c.b.m.core.metadata.TableInfoHelper      : This "id" is the table primary key by default name for `id` in Class: "com.igreen.domain.entity.SiteLevelConfig",So @TableField will not work!
2026-02-27T13:39:20.010+08:00  WARN 38790 --- [igreen-backend] [main] c.b.m.core.metadata.TableInfoHelper      : Can not find table primary key in Class: "com.igreen.domain.entity.TemplateField".
2026-02-27T13:39:20.011+08:00  WARN 38790 --- [igreen-backend] [main] c.b.m.core.injector.DefaultSqlInjector   : class com.igreen.domain.entity.TemplateField ,Not found @TableId annotation, Cannot use Mybatis-Plus 'xxById' Method.
2026-02-27T13:39:20.066+08:00  WARN 38790 --- [igreen-backend] [main] c.b.m.core.metadata.TableInfoHelper      : Can not find table primary key in Class: "com.igreen.domain.entity.TemplateStep".
2026-02-27T13:39:20.066+08:00  WARN 38790 --- [igreen-backend] [main] c.b.m.core.injector.DefaultSqlInjector   : class com.igreen.domain.entity.TemplateStep ,Not found @TableId annotation, Cannot use Mybatis-Plus 'xxById' Method.
2026-02-27T13:39:22.064+08:00  WARN 38790 --- [igreen-backend] [main] org.hibernate.orm.deprecation            : HHH90000025: MySQLDialect does not need to be specified explicitly using 'hibernate.dialect' (remove the property setting and it will be selected by default)
2026-02-27T13:39:23.645+08:00  WARN 38790 --- [igreen-backend] [main] JpaBaseConfiguration$JpaWebConfiguration : spring.jpa.open-in-view is enabled by default. Therefore, database queries may be performed during view rendering. Explicitly configure spring.jpa.open-in-view to disable this warning
2026-02-27T13:39:47.456+08:00  WARN 38790 --- [igreen-backend] [http-nio-8089-exec-1] o.s.w.s.h.HandlerMappingIntrospector     : Cache miss for REQUEST dispatch to '/api/templates' (previous null). Performing MatchableHandlerMapping lookup. This is logged once only at WARN level, and every time at TRACE.
2026-02-27T13:40:52.190+08:00  WARN 39846 --- [igreen-backend] [main] c.b.m.core.injector.methods.Insert       : [com.igreen.domain.mapper.GroupMapper.insert] Has been loaded by XML or SqlProvider or Mybatis's Annotation, so ignoring this injection for [class com.baomidou.mybatisplus.core.injector.methods.Insert]
2026-02-27T13:40:52.196+08:00  WARN 39846 --- [igreen-backend] [main] c.b.m.core.injector.methods.Update       : [com.igreen.domain.mapper.GroupMapper.update] Has been loaded by XML or SqlProvider or Mybatis's Annotation, so ignoring this injection for [class com.baomidou.mybatisplus.core.injector.methods.Update]
2026-02-27T13:40:52.210+08:00  WARN 39846 --- [igreen-backend] [main] c.b.m.core.injector.methods.SelectList   : [com.igreen.domain.mapper.GroupMapper.selectList] Has been loaded by XML or SqlProvider or Mybatis's Annotation, so ignoring this injection for [class com.baomidou.mybatisplus.core.injector.methods.SelectList]
2026-02-27T13:40:52.211+08:00  WARN 39846 --- [igreen-backend] [main] c.b.m.core.injector.methods.DeleteById   : [com.igreen.domain.mapper.GroupMapper.deleteById] Has been loaded by XML or SqlProvider or Mybatis's Annotation, so ignoring this injection for [class com.baomidou.mybatisplus.core.injector.methods.DeleteById]
2026-02-27T13:40:52.215+08:00  WARN 39846 --- [igreen-backend] [main] c.b.m.core.injector.methods.SelectById   : [com.igreen.domain.mapper.GroupMapper.selectById] Has been loaded by XML or SqlProvider or Mybatis's Annotation, so ignoring this injection for [class com.baomidou.mybatisplus.core.injector.methods.SelectById]
2026-02-27T13:40:52.582+08:00  WARN 39846 --- [igreen-backend] [main] c.b.m.core.metadata.TableInfoHelper      : This "id" is the table primary key by default name for `id` in Class: "com.igreen.domain.entity.SiteLevelConfig",So @TableField will not work!
2026-02-27T13:40:52.746+08:00  WARN 39846 --- [igreen-backend] [main] c.b.m.core.metadata.TableInfoHelper      : Can not find table primary key in Class: "com.igreen.domain.entity.TemplateField".
2026-02-27T13:40:52.748+08:00  WARN 39846 --- [igreen-backend] [main] c.b.m.core.injector.DefaultSqlInjector   : class com.igreen.domain.entity.TemplateField ,Not found @TableId annotation, Cannot use Mybatis-Plus 'xxById' Method.
2026-02-27T13:40:52.872+08:00  WARN 39846 --- [igreen-backend] [main] c.b.m.core.metadata.TableInfoHelper      : Can not find table primary key in Class: "com.igreen.domain.entity.TemplateStep".
2026-02-27T13:40:52.873+08:00  WARN 39846 --- [igreen-backend] [main] c.b.m.core.injector.DefaultSqlInjector   : class com.igreen.domain.entity.TemplateStep ,Not found @TableId annotation, Cannot use Mybatis-Plus 'xxById' Method.
2026-02-27T13:40:56.019+08:00  WARN 39846 --- [igreen-backend] [main] org.hibernate.orm.deprecation            : HHH90000025: MySQLDialect does not need to be specified explicitly using 'hibernate.dialect' (remove the property setting and it will be selected by default)
2026-02-27T13:40:57.834+08:00  WARN 39846 --- [igreen-backend] [main] JpaBaseConfiguration$JpaWebConfiguration : spring.jpa.open-in-view is enabled by default. Therefore, database queries may be performed during view rendering. Explicitly configure spring.jpa.open-in-view to disable this warning
2026-02-27T13:41:11.585+08:00  WARN 39846 --- [igreen-backend] [http-nio-8089-exec-1] o.s.w.s.h.HandlerMappingIntrospector     : Cache miss for REQUEST dispatch to '/api/templates' (previous null). Performing MatchableHandlerMapping lookup. This is logged once only at WARN level, and every time at TRACE.
2026-02-27T13:42:21.711+08:00  WARN 40646 --- [igreen-backend] [main] c.b.m.core.injector.methods.Insert       : [com.igreen.domain.mapper.GroupMapper.insert] Has been loaded by XML or SqlProvider or Mybatis's Annotation, so ignoring this injection for [class com.baomidou.mybatisplus.core.injector.methods.Insert]
2026-02-27T13:42:21.719+08:00  WARN 40646 --- [igreen-backend] [main] c.b.m.core.injector.methods.Update       : [com.igreen.domain.mapper.GroupMapper.update] Has been loaded by XML or SqlProvider or Mybatis's Annotation, so ignoring this injection for [class com.baomidou.mybatisplus.core.injector.methods.Update]
2026-02-27T13:42:21.732+08:00  WARN 40646 --- [igreen-backend] [main] c.b.m.core.injector.methods.SelectList   : [com.igreen.domain.mapper.GroupMapper.selectList] Has been loaded by XML or SqlProvider or Mybatis's Annotation, so ignoring this injection for [class com.baomidou.mybatisplus.core.injector.methods.SelectList]
2026-02-27T13:42:21.733+08:00  WARN 40646 --- [igreen-backend] [main] c.b.m.core.injector.methods.DeleteById   : [com.igreen.domain.mapper.GroupMapper.deleteById] Has been loaded by XML or SqlProvider or Mybatis's Annotation, so ignoring this injection for [class com.baomidou.mybatisplus.core.injector.methods.DeleteById]
2026-02-27T13:42:21.739+08:00  WARN 40646 --- [igreen-backend] [main] c.b.m.core.injector.methods.SelectById   : [com.igreen.domain.mapper.GroupMapper.selectById] Has been loaded by XML or SqlProvider or Mybatis's Annotation, so ignoring this injection for [class com.baomidou.mybatisplus.core.injector.methods.SelectById]
2026-02-27T13:42:21.820+08:00  WARN 40646 --- [igreen-backend] [main] c.b.m.core.metadata.TableInfoHelper      : This "id" is the table primary key by default name for `id` in Class: "com.igreen.domain.entity.SiteLevelConfig",So @TableField will not work!
2026-02-27T13:42:21.916+08:00  WARN 40646 --- [igreen-backend] [main] c.b.m.core.metadata.TableInfoHelper      : Can not find table primary key in Class: "com.igreen.domain.entity.TemplateField".
2026-02-27T13:42:21.917+08:00  WARN 40646 --- [igreen-backend] [main] c.b.m.core.injector.DefaultSqlInjector   : class com.igreen.domain.entity.TemplateField ,Not found @TableId annotation, Cannot use Mybatis-Plus 'xxById' Method.
2026-02-27T13:42:21.970+08:00  WARN 40646 --- [igreen-backend] [main] c.b.m.core.metadata.TableInfoHelper      : Can not find table primary key in Class: "com.igreen.domain.entity.TemplateStep".
2026-02-27T13:42:21.971+08:00  WARN 40646 --- [igreen-backend] [main] c.b.m.core.injector.DefaultSqlInjector   : class com.igreen.domain.entity.TemplateStep ,Not found @TableId annotation, Cannot use Mybatis-Plus 'xxById' Method.
2026-02-27T13:42:23.833+08:00  WARN 40646 --- [igreen-backend] [main] org.hibernate.orm.deprecation            : HHH90000025: MySQLDialect does not need to be specified explicitly using 'hibernate.dialect' (remove the property setting and it will be selected by default)
2026-02-27T13:42:25.450+08:00  WARN 40646 --- [igreen-backend] [main] JpaBaseConfiguration$JpaWebConfiguration : spring.jpa.open-in-view is enabled by default. Therefore, database queries may be performed during view rendering. Explicitly configure spring.jpa.open-in-view to disable this warning
2026-02-27T13:42:40.386+08:00  WARN 40646 --- [igreen-backend] [http-nio-8089-exec-1] o.s.w.s.h.HandlerMappingIntrospector     : Cache miss for REQUEST dispatch to '/api/templates' (previous null). Performing MatchableHandlerMapping lookup. This is logged once only at WARN level, and every time at TRACE.
2026-02-27T13:45:40.165+08:00  WARN 40646 --- [igreen-backend] [http-nio-8089-exec-9] com.igreen.common.utils.JwtUtils         : JWT token is expired
2026-02-27T13:45:40.491+08:00  WARN 40646 --- [igreen-backend] [http-nio-8089-exec-10] com.igreen.common.utils.JwtUtils         : JWT token is expired
2026-02-27T13:45:41.111+08:00  WARN 40646 --- [igreen-backend] [http-nio-8089-exec-1] com.igreen.common.utils.JwtUtils         : JWT token is expired
2026-02-27T13:46:26.116+08:00  WARN 43219 --- [igreen-backend] [main] c.b.m.core.injector.methods.Insert       : [com.igreen.domain.mapper.GroupMapper.insert] Has been loaded by XML or SqlProvider or Mybatis's Annotation, so ignoring this injection for [class com.baomidou.mybatisplus.core.injector.methods.Insert]
2026-02-27T13:46:26.122+08:00  WARN 43219 --- [igreen-backend] [main] c.b.m.core.injector.methods.Update       : [com.igreen.domain.mapper.GroupMapper.update] Has been loaded by XML or SqlProvider or Mybatis's Annotation, so ignoring this injection for [class com.baomidou.mybatisplus.core.injector.methods.Update]
2026-02-27T13:46:26.133+08:00  WARN 43219 --- [igreen-backend] [main] c.b.m.core.injector.methods.SelectList   : [com.igreen.domain.mapper.GroupMapper.selectList] Has been loaded by XML or SqlProvider or Mybatis's Annotation, so ignoring this injection for [class com.baomidou.mybatisplus.core.injector.methods.SelectList]
2026-02-27T13:46:26.134+08:00  WARN 43219 --- [igreen-backend] [main] c.b.m.core.injector.methods.DeleteById   : [com.igreen.domain.mapper.GroupMapper.deleteById] Has been loaded by XML or SqlProvider or Mybatis's Annotation, so ignoring this injection for [class com.baomidou.mybatisplus.core.injector.methods.DeleteById]
2026-02-27T13:46:26.138+08:00  WARN 43219 --- [igreen-backend] [main] c.b.m.core.injector.methods.SelectById   : [com.igreen.domain.mapper.GroupMapper.selectById] Has been loaded by XML or SqlProvider or Mybatis's Annotation, so ignoring this injection for [class com.baomidou.mybatisplus.core.injector.methods.SelectById]
2026-02-27T13:46:26.199+08:00  WARN 43219 --- [igreen-backend] [main] c.b.m.core.metadata.TableInfoHelper      : This "id" is the table primary key by default name for `id` in Class: "com.igreen.domain.entity.SiteLevelConfig",So @TableField will not work!
2026-02-27T13:46:26.273+08:00  WARN 43219 --- [igreen-backend] [main] c.b.m.core.metadata.TableInfoHelper      : Can not find table primary key in Class: "com.igreen.domain.entity.TemplateField".
2026-02-27T13:46:26.274+08:00  WARN 43219 --- [igreen-backend] [main] c.b.m.core.injector.DefaultSqlInjector   : class com.igreen.domain.entity.TemplateField ,Not found @TableId annotation, Cannot use Mybatis-Plus 'xxById' Method.
2026-02-27T13:46:26.317+08:00  WARN 43219 --- [igreen-backend] [main] c.b.m.core.metadata.TableInfoHelper      : Can not find table primary key in Class: "com.igreen.domain.entity.TemplateStep".
2026-02-27T13:46:26.318+08:00  WARN 43219 --- [igreen-backend] [main] c.b.m.core.injector.DefaultSqlInjector   : class com.igreen.domain.entity.TemplateStep ,Not found @TableId annotation, Cannot use Mybatis-Plus 'xxById' Method.
2026-02-27T13:46:27.725+08:00  WARN 43219 --- [igreen-backend] [main] org.hibernate.orm.deprecation            : HHH90000025: MySQLDialect does not need to be specified explicitly using 'hibernate.dialect' (remove the property setting and it will be selected by default)
2026-02-27T13:46:28.671+08:00  WARN 43219 --- [igreen-backend] [main] JpaBaseConfiguration$JpaWebConfiguration : spring.jpa.open-in-view is enabled by default. Therefore, database queries may be performed during view rendering. Explicitly configure spring.jpa.open-in-view to disable this warning
2026-02-27T13:46:30.581+08:00  WARN 43219 --- [igreen-backend] [http-nio-8089-exec-1] o.s.w.s.h.HandlerMappingIntrospector     : Cache miss for REQUEST dispatch to '/api/tickets' (previous null). Performing MatchableHandlerMapping lookup. This is logged once only at WARN level, and every time at TRACE.
2026-02-27T13:47:49.117+08:00  WARN 44446 --- [igreen-backend] [main] c.b.m.core.injector.methods.Insert       : [com.igreen.domain.mapper.GroupMapper.insert] Has been loaded by XML or SqlProvider or Mybatis's Annotation, so ignoring this injection for [class com.baomidou.mybatisplus.core.injector.methods.Insert]
2026-02-27T13:47:49.126+08:00  WARN 44446 --- [igreen-backend] [main] c.b.m.core.injector.methods.Update       : [com.igreen.domain.mapper.GroupMapper.update] Has been loaded by XML or SqlProvider or Mybatis's Annotation, so ignoring this injection for [class com.baomidou.mybatisplus.core.injector.methods.Update]
2026-02-27T13:47:49.134+08:00  WARN 44446 --- [igreen-backend] [main] c.b.m.core.injector.methods.SelectList   : [com.igreen.domain.mapper.GroupMapper.selectList] Has been loaded by XML or SqlProvider or Mybatis's Annotation, so ignoring this injection for [class com.baomidou.mybatisplus.core.injector.methods.SelectList]
2026-02-27T13:47:49.134+08:00  WARN 44446 --- [igreen-backend] [main] c.b.m.core.injector.methods.DeleteById   : [com.igreen.domain.mapper.GroupMapper.deleteById] Has been loaded by XML or SqlProvider or Mybatis's Annotation, so ignoring this injection for [class com.baomidou.mybatisplus.core.injector.methods.DeleteById]
2026-02-27T13:47:49.138+08:00  WARN 44446 --- [igreen-backend] [main] c.b.m.core.injector.methods.SelectById   : [com.igreen.domain.mapper.GroupMapper.selectById] Has been loaded by XML or SqlProvider or Mybatis's Annotation, so ignoring this injection for [class com.baomidou.mybatisplus.core.injector.methods.SelectById]
2026-02-27T13:47:49.200+08:00  WARN 44446 --- [igreen-backend] [main] c.b.m.core.metadata.TableInfoHelper      : This "id" is the table primary key by default name for `id` in Class: "com.igreen.domain.entity.SiteLevelConfig",So @TableField will not work!
2026-02-27T13:47:49.265+08:00  WARN 44446 --- [igreen-backend] [main] c.b.m.core.metadata.TableInfoHelper      : Can not find table primary key in Class: "com.igreen.domain.entity.TemplateField".
2026-02-27T13:47:49.265+08:00  WARN 44446 --- [igreen-backend] [main] c.b.m.core.injector.DefaultSqlInjector   : class com.igreen.domain.entity.TemplateField ,Not found @TableId annotation, Cannot use Mybatis-Plus 'xxById' Method.
2026-02-27T13:47:49.311+08:00  WARN 44446 --- [igreen-backend] [main] c.b.m.core.metadata.TableInfoHelper      : Can not find table primary key in Class: "com.igreen.domain.entity.TemplateStep".
2026-02-27T13:47:49.311+08:00  WARN 44446 --- [igreen-backend] [main] c.b.m.core.injector.DefaultSqlInjector   : class com.igreen.domain.entity.TemplateStep ,Not found @TableId annotation, Cannot use Mybatis-Plus 'xxById' Method.
2026-02-27T13:47:50.712+08:00  WARN 44446 --- [igreen-backend] [main] org.hibernate.orm.deprecation            : HHH90000025: MySQLDialect does not need to be specified explicitly using 'hibernate.dialect' (remove the property setting and it will be selected by default)
2026-02-27T13:47:51.744+08:00  WARN 44446 --- [igreen-backend] [main] JpaBaseConfiguration$JpaWebConfiguration : spring.jpa.open-in-view is enabled by default. Therefore, database queries may be performed during view rendering. Explicitly configure spring.jpa.open-in-view to disable this warning
2026-02-27T13:47:57.107+08:00  WARN 44446 --- [igreen-backend] [http-nio-8089-exec-1] o.s.w.s.h.HandlerMappingIntrospector     : Cache miss for REQUEST dispatch to '/api/tickets' (previous null). Performing MatchableHandlerMapping lookup. This is logged once only at WARN level, and every time at TRACE.
2026-02-27T14:59:15.256+08:00  WARN 44446 --- [igreen-backend] [http-nio-8089-exec-4] com.igreen.common.utils.JwtUtils         : Invalid JWT signature
2026-02-27T15:03:21.459+08:00  WARN 44446 --- [igreen-backend] [http-nio-8089-exec-6] com.igreen.common.utils.JwtUtils         : JWT token is expired
2026-02-27T15:03:21.791+08:00  WARN 44446 --- [igreen-backend] [http-nio-8089-exec-3] com.igreen.common.utils.JwtUtils         : JWT token is expired
2026-02-27T15:03:23.367+08:00  WARN 44446 --- [igreen-backend] [http-nio-8089-exec-8] com.igreen.common.utils.JwtUtils         : JWT token is expired
2026-02-27T16:50:28.113+08:00  WARN 44446 --- [igreen-backend] [http-nio-8089-exec-5] com.igreen.common.utils.JwtUtils         : Invalid JWT signature
2026-02-27T16:50:42.210+08:00  WARN 44446 --- [igreen-backend] [http-nio-8089-exec-2] com.igreen.common.utils.JwtUtils         : Invalid JWT signature
2026-02-27T16:51:12.452+08:00  WARN 44446 --- [igreen-backend] [http-nio-8089-exec-7] com.igreen.common.utils.JwtUtils         : Invalid JWT signature
2026-02-27T16:51:36.756+08:00  WARN 44446 --- [igreen-backend] [http-nio-8089-exec-1] com.igreen.common.utils.JwtUtils         : Invalid JWT signature
2026-02-27T16:52:26.850+08:00  WARN 31697 --- [igreen-backend] [main] c.b.m.core.injector.methods.Insert       : [com.igreen.domain.mapper.GroupMapper.insert] Has been loaded by XML or SqlProvider or Mybatis's Annotation, so ignoring this injection for [class com.baomidou.mybatisplus.core.injector.methods.Insert]
2026-02-27T16:52:26.855+08:00  WARN 31697 --- [igreen-backend] [main] c.b.m.core.injector.methods.Update       : [com.igreen.domain.mapper.GroupMapper.update] Has been loaded by XML or SqlProvider or Mybatis's Annotation, so ignoring this injection for [class com.baomidou.mybatisplus.core.injector.methods.Update]
2026-02-27T16:52:26.865+08:00  WARN 31697 --- [igreen-backend] [main] c.b.m.core.injector.methods.SelectList   : [com.igreen.domain.mapper.GroupMapper.selectList] Has been loaded by XML or SqlProvider or Mybatis's Annotation, so ignoring this injection for [class com.baomidou.mybatisplus.core.injector.methods.SelectList]
2026-02-27T16:52:26.865+08:00  WARN 31697 --- [igreen-backend] [main] c.b.m.core.injector.methods.DeleteById   : [com.igreen.domain.mapper.GroupMapper.deleteById] Has been loaded by XML or SqlProvider or Mybatis's Annotation, so ignoring this injection for [class com.baomidou.mybatisplus.core.injector.methods.DeleteById]
2026-02-27T16:52:26.869+08:00  WARN 31697 --- [igreen-backend] [main] c.b.m.core.injector.methods.SelectById   : [com.igreen.domain.mapper.GroupMapper.selectById] Has been loaded by XML or SqlProvider or Mybatis's Annotation, so ignoring this injection for [class com.baomidou.mybatisplus.core.injector.methods.SelectById]
2026-02-27T16:52:26.925+08:00  WARN 31697 --- [igreen-backend] [main] c.b.m.core.metadata.TableInfoHelper      : This "id" is the table primary key by default name for `id` in Class: "com.igreen.domain.entity.SiteLevelConfig",So @TableField will not work!
2026-02-27T16:52:26.993+08:00  WARN 31697 --- [igreen-backend] [main] c.b.m.core.metadata.TableInfoHelper      : Can not find table primary key in Class: "com.igreen.domain.entity.TemplateField".
2026-02-27T16:52:26.993+08:00  WARN 31697 --- [igreen-backend] [main] c.b.m.core.injector.DefaultSqlInjector   : class com.igreen.domain.entity.TemplateField ,Not found @TableId annotation, Cannot use Mybatis-Plus 'xxById' Method.
2026-02-27T16:52:27.036+08:00  WARN 31697 --- [igreen-backend] [main] c.b.m.core.metadata.TableInfoHelper      : Can not find table primary key in Class: "com.igreen.domain.entity.TemplateStep".
2026-02-27T16:52:27.036+08:00  WARN 31697 --- [igreen-backend] [main] c.b.m.core.injector.DefaultSqlInjector   : class com.igreen.domain.entity.TemplateStep ,Not found @TableId annotation, Cannot use Mybatis-Plus 'xxById' Method.
2026-02-27T16:52:29.053+08:00  WARN 31697 --- [igreen-backend] [main] org.hibernate.orm.deprecation            : HHH90000025: MySQLDialect does not need to be specified explicitly using 'hibernate.dialect' (remove the property setting and it will be selected by default)
2026-02-27T16:52:31.418+08:00  WARN 31697 --- [igreen-backend] [main] JpaBaseConfiguration$JpaWebConfiguration : spring.jpa.open-in-view is enabled by default. Therefore, database queries may be performed during view rendering. Explicitly configure spring.jpa.open-in-view to disable this warning
2026-02-27T16:52:47.535+08:00  WARN 31697 --- [igreen-backend] [http-nio-8089-exec-1] o.s.w.s.h.HandlerMappingIntrospector     : Cache miss for REQUEST dispatch to '/api/templates' (previous null). Performing MatchableHandlerMapping lookup. This is logged once only at WARN level, and every time at TRACE.
2026-02-27T16:52:58.753+08:00  WARN 31697 --- [igreen-backend] [http-nio-8089-exec-4] com.igreen.common.utils.JwtUtils         : Invalid JWT signature
2026-02-27T16:53:16.324+08:00  WARN 31697 --- [igreen-backend] [http-nio-8089-exec-5] com.igreen.common.utils.JwtUtils         : Invalid JWT signature
2026-02-27T16:54:08.719+08:00  WARN 31697 --- [igreen-backend] [http-nio-8089-exec-4] com.igreen.common.utils.JwtUtils         : Invalid JWT signature
2026-02-27T16:54:25.745+08:00  WARN 31697 --- [igreen-backend] [http-nio-8089-exec-5] com.igreen.common.utils.JwtUtils         : JWT token is expired
2026-02-27T16:54:25.772+08:00  WARN 31697 --- [igreen-backend] [http-nio-8089-exec-6] com.igreen.common.utils.JwtUtils         : JWT token is expired
2026-02-27T16:54:28.412+08:00  WARN 31697 --- [igreen-backend] [http-nio-8089-exec-7] com.igreen.common.utils.JwtUtils         : JWT token is expired
2026-02-27T16:54:28.430+08:00  WARN 31697 --- [igreen-backend] [http-nio-8089-exec-8] com.igreen.common.utils.JwtUtils         : JWT token is expired
2026-02-27T16:54:30.701+08:00  WARN 31697 --- [igreen-backend] [http-nio-8089-exec-9] com.igreen.common.utils.JwtUtils         : Invalid JWT signature
2026-02-27T16:54:42.877+08:00  WARN 31697 --- [igreen-backend] [http-nio-8089-exec-1] com.igreen.common.utils.JwtUtils         : Invalid JWT signature
2026-02-27T16:54:49.251+08:00  WARN 31697 --- [igreen-backend] [http-nio-8089-exec-2] com.igreen.common.utils.JwtUtils         : Invalid JWT signature
2026-02-27T16:54:54.353+08:00  WARN 31697 --- [igreen-backend] [http-nio-8089-exec-3] com.igreen.common.utils.JwtUtils         : Invalid JWT signature
2026-02-27T16:56:24.541+08:00  WARN 31697 --- [igreen-backend] [http-nio-8089-exec-8] com.igreen.common.utils.JwtUtils         : JWT token is expired
2026-02-27T16:56:25.075+08:00  WARN 31697 --- [igreen-backend] [http-nio-8089-exec-9] com.igreen.common.utils.JwtUtils         : JWT token is expired
2026-02-27T16:56:25.696+08:00  WARN 31697 --- [igreen-backend] [http-nio-8089-exec-10] com.igreen.common.utils.JwtUtils         : JWT token is expired
2026-02-27T17:04:37.942+08:00  WARN 44033 --- [igreen-backend] [main] c.b.m.core.injector.methods.Insert       : [com.igreen.domain.mapper.GroupMapper.insert] Has been loaded by XML or SqlProvider or Mybatis's Annotation, so ignoring this injection for [class com.baomidou.mybatisplus.core.injector.methods.Insert]
2026-02-27T17:04:37.951+08:00  WARN 44033 --- [igreen-backend] [main] c.b.m.core.injector.methods.Update       : [com.igreen.domain.mapper.GroupMapper.update] Has been loaded by XML or SqlProvider or Mybatis's Annotation, so ignoring this injection for [class com.baomidou.mybatisplus.core.injector.methods.Update]
2026-02-27T17:04:37.960+08:00  WARN 44033 --- [igreen-backend] [main] c.b.m.core.injector.methods.SelectList   : [com.igreen.domain.mapper.GroupMapper.selectList] Has been loaded by XML or SqlProvider or Mybatis's Annotation, so ignoring this injection for [class com.baomidou.mybatisplus.core.injector.methods.SelectList]
2026-02-27T17:04:37.960+08:00  WARN 44033 --- [igreen-backend] [main] c.b.m.core.injector.methods.DeleteById   : [com.igreen.domain.mapper.GroupMapper.deleteById] Has been loaded by XML or SqlProvider or Mybatis's Annotation, so ignoring this injection for [class com.baomidou.mybatisplus.core.injector.methods.DeleteById]
2026-02-27T17:04:37.965+08:00  WARN 44033 --- [igreen-backend] [main] c.b.m.core.injector.methods.SelectById   : [com.igreen.domain.mapper.GroupMapper.selectById] Has been loaded by XML or SqlProvider or Mybatis's Annotation, so ignoring this injection for [class com.baomidou.mybatisplus.core.injector.methods.SelectById]
2026-02-27T17:04:38.075+08:00  WARN 44033 --- [igreen-backend] [main] c.b.m.core.metadata.TableInfoHelper      : This "id" is the table primary key by default name for `id` in Class: "com.igreen.domain.entity.SiteLevelConfig",So @TableField will not work!
2026-02-27T17:04:38.148+08:00  WARN 44033 --- [igreen-backend] [main] c.b.m.core.metadata.TableInfoHelper      : Can not find table primary key in Class: "com.igreen.domain.entity.TemplateField".
2026-02-27T17:04:38.149+08:00  WARN 44033 --- [igreen-backend] [main] c.b.m.core.injector.DefaultSqlInjector   : class com.igreen.domain.entity.TemplateField ,Not found @TableId annotation, Cannot use Mybatis-Plus 'xxById' Method.
2026-02-27T17:04:38.211+08:00  WARN 44033 --- [igreen-backend] [main] c.b.m.core.metadata.TableInfoHelper      : Can not find table primary key in Class: "com.igreen.domain.entity.TemplateStep".
2026-02-27T17:04:38.212+08:00  WARN 44033 --- [igreen-backend] [main] c.b.m.core.injector.DefaultSqlInjector   : class com.igreen.domain.entity.TemplateStep ,Not found @TableId annotation, Cannot use Mybatis-Plus 'xxById' Method.
2026-02-27T17:04:40.763+08:00  WARN 44033 --- [igreen-backend] [main] org.hibernate.orm.deprecation            : HHH90000025: MySQLDialect does not need to be specified explicitly using 'hibernate.dialect' (remove the property setting and it will be selected by default)
2026-02-27T17:04:42.765+08:00  WARN 44033 --- [igreen-backend] [main] JpaBaseConfiguration$JpaWebConfiguration : spring.jpa.open-in-view is enabled by default. Therefore, database queries may be performed during view rendering. Explicitly configure spring.jpa.open-in-view to disable this warning
2026-02-27T17:04:58.699+08:00  WARN 44434 --- [igreen-backend] [main] c.b.m.core.injector.methods.Insert       : [com.igreen.domain.mapper.GroupMapper.insert] Has been loaded by XML or SqlProvider or Mybatis's Annotation, so ignoring this injection for [class com.baomidou.mybatisplus.core.injector.methods.Insert]
2026-02-27T17:04:58.721+08:00  WARN 44434 --- [igreen-backend] [main] c.b.m.core.injector.methods.Update       : [com.igreen.domain.mapper.GroupMapper.update] Has been loaded by XML or SqlProvider or Mybatis's Annotation, so ignoring this injection for [class com.baomidou.mybatisplus.core.injector.methods.Update]
2026-02-27T17:04:58.739+08:00  WARN 44434 --- [igreen-backend] [main] c.b.m.core.injector.methods.SelectList   : [com.igreen.domain.mapper.GroupMapper.selectList] Has been loaded by XML or SqlProvider or Mybatis's Annotation, so ignoring this injection for [class com.baomidou.mybatisplus.core.injector.methods.SelectList]
2026-02-27T17:04:58.739+08:00  WARN 44434 --- [igreen-backend] [main] c.b.m.core.injector.methods.DeleteById   : [com.igreen.domain.mapper.GroupMapper.deleteById] Has been loaded by XML or SqlProvider or Mybatis's Annotation, so ignoring this injection for [class com.baomidou.mybatisplus.core.injector.methods.DeleteById]
2026-02-27T17:04:58.748+08:00  WARN 44434 --- [igreen-backend] [main] c.b.m.core.injector.methods.SelectById   : [com.igreen.domain.mapper.GroupMapper.selectById] Has been loaded by XML or SqlProvider or Mybatis's Annotation, so ignoring this injection for [class com.baomidou.mybatisplus.core.injector.methods.SelectById]
2026-02-27T17:04:58.871+08:00  WARN 44434 --- [igreen-backend] [main] c.b.m.core.metadata.TableInfoHelper      : This "id" is the table primary key by default name for `id` in Class: "com.igreen.domain.entity.SiteLevelConfig",So @TableField will not work!
2026-02-27T17:04:58.952+08:00  WARN 44434 --- [igreen-backend] [main] c.b.m.core.metadata.TableInfoHelper      : Can not find table primary key in Class: "com.igreen.domain.entity.TemplateField".
2026-02-27T17:04:58.953+08:00  WARN 44434 --- [igreen-backend] [main] c.b.m.core.injector.DefaultSqlInjector   : class com.igreen.domain.entity.TemplateField ,Not found @TableId annotation, Cannot use Mybatis-Plus 'xxById' Method.
2026-02-27T17:04:59.016+08:00  WARN 44434 --- [igreen-backend] [main] c.b.m.core.metadata.TableInfoHelper      : Can not find table primary key in Class: "com.igreen.domain.entity.TemplateStep".
2026-02-27T17:04:59.017+08:00  WARN 44434 --- [igreen-backend] [main] c.b.m.core.injector.DefaultSqlInjector   : class com.igreen.domain.entity.TemplateStep ,Not found @TableId annotation, Cannot use Mybatis-Plus 'xxById' Method.
2026-02-27T17:05:01.176+08:00  WARN 44434 --- [igreen-backend] [main] org.hibernate.orm.deprecation            : HHH90000025: MySQLDialect does not need to be specified explicitly using 'hibernate.dialect' (remove the property setting and it will be selected by default)
2026-02-27T17:05:03.287+08:00  WARN 44434 --- [igreen-backend] [main] JpaBaseConfiguration$JpaWebConfiguration : spring.jpa.open-in-view is enabled by default. Therefore, database queries may be performed during view rendering. Explicitly configure spring.jpa.open-in-view to disable this warning
2026-02-27T17:05:13.613+08:00  WARN 44434 --- [igreen-backend] [http-nio-8089-exec-1] o.s.w.s.h.HandlerMappingIntrospector     : Cache miss for REQUEST dispatch to '/api/auth/login' (previous null). Performing MatchableHandlerMapping lookup. This is logged once only at WARN level, and every time at TRACE.
2026-02-27T17:05:24.866+08:00  WARN 44434 --- [igreen-backend] [http-nio-8089-exec-2] com.igreen.common.utils.JwtUtils         : Invalid JWT token format
2026-02-27T21:58:39.316+08:00  WARN 44434 --- [igreen-backend] [HikariPool-1 housekeeper] com.zaxxer.hikari.pool.HikariPool        : HikariPool-1 - Thread starvation or clock leap detected (housekeeper delta=1m36s209ms).
2026-02-27T22:49:11.552+08:00  WARN 44434 --- [igreen-backend] [HikariPool-1 housekeeper] com.zaxxer.hikari.pool.HikariPool        : HikariPool-1 - Thread starvation or clock leap detected (housekeeper delta=50m2s202ms).
2026-02-27T22:50:53.164+08:00  WARN 44434 --- [igreen-backend] [HikariPool-1 housekeeper] com.zaxxer.hikari.pool.HikariPool        : HikariPool-1 - Thread starvation or clock leap detected (housekeeper delta=1m10s424ms).
