2026-02-26T11:43:58.191+08:00  INFO 46781 --- [main] com.igreen.IGreenApplication             : Starting IGreenApplication using Java 17.0.15 with PID 46781 (/Users/mac/workspace/iGreenProduct/igreen-backend/target/classes started by mac in /Users/mac/workspace/iGreenProduct/igreen-backend)
2026-02-26T11:43:58.194+08:00  INFO 46781 --- [main] com.igreen.IGreenApplication             : The following 1 profile is active: "dev"
2026-02-26T11:43:59.974+08:00  INFO 46781 --- [main] .s.d.r.c.RepositoryConfigurationDelegate : Bootstrapping Spring Data JPA repositories in DEFAULT mode.
2026-02-26T11:44:00.028+08:00  INFO 46781 --- [main] .s.d.r.c.RepositoryConfigurationDelegate : Finished Spring Data repository scanning in 20 ms. Found 0 JPA repository interfaces.
2026-02-26T11:44:01.103+08:00  INFO 46781 --- [main] o.s.b.w.embedded.tomcat.TomcatWebServer  : Tomcat initialized with port 8089 (http)
2026-02-26T11:44:01.111+08:00  INFO 46781 --- [main] o.apache.catalina.core.StandardService   : Starting service [Tomcat]
2026-02-26T11:44:01.111+08:00  INFO 46781 --- [main] o.apache.catalina.core.StandardEngine    : Starting Servlet engine: [Apache Tomcat/10.1.16]
2026-02-26T11:44:01.168+08:00  INFO 46781 --- [main] o.a.c.c.C.[Tomcat].[localhost].[/]       : Initializing Spring embedded WebApplicationContext
2026-02-26T11:44:01.169+08:00  INFO 46781 --- [main] w.s.c.ServletWebServerApplicationContext : Root WebApplicationContext: initialization completed in 2887 ms
2026-02-26T11:44:02.109+08:00  INFO 46781 --- [main] org.hibernate.Version                    : HHH000412: Hibernate ORM core version 6.3.1.Final
2026-02-26T11:44:02.141+08:00  INFO 46781 --- [main] o.h.c.internal.RegionFactoryInitiator    : HHH000026: Second-level cache disabled
2026-02-26T11:44:02.335+08:00  INFO 46781 --- [main] o.s.o.j.p.SpringPersistenceUnitInfo      : No LoadTimeWeaver setup: ignoring JPA class transformer
2026-02-26T11:44:02.367+08:00  INFO 46781 --- [main] com.zaxxer.hikari.HikariDataSource       : HikariPool-1 - Starting...
2026-02-26T11:44:02.869+08:00  INFO 46781 --- [main] com.zaxxer.hikari.pool.HikariPool        : HikariPool-1 - Added connection com.mysql.cj.jdbc.ConnectionImpl@6018d82c
2026-02-26T11:44:02.874+08:00  INFO 46781 --- [main] com.zaxxer.hikari.HikariDataSource       : HikariPool-1 - Start completed.
2026-02-26T11:44:03.333+08:00  INFO 46781 --- [main] o.h.e.t.j.p.i.JtaPlatformInitiator       : HHH000489: No JTA platform available (set 'hibernate.transaction.jta.platform' to enable JTA platform integration)
2026-02-26T11:44:03.339+08:00  INFO 46781 --- [main] j.LocalContainerEntityManagerFactoryBean : Initialized JPA EntityManagerFactory for persistence unit 'default'
2026-02-26T11:44:04.791+08:00  INFO 46781 --- [main] o.s.b.a.e.web.EndpointLinksResolver      : Exposing 2 endpoint(s) beneath base path '/actuator'
2026-02-26T11:44:04.935+08:00  INFO 46781 --- [main] o.s.s.web.DefaultSecurityFilterChain     : Will secure any request with [org.springframework.security.web.session.DisableEncodeUrlFilter@524241d9, org.springframework.security.web.context.request.async.WebAsyncManagerIntegrationFilter@6f55aef7, com.igreen.common.config.SecurityConfig$1@69c7fe78, org.springframework.security.web.context.SecurityContextHolderFilter@14237e5, org.springframework.security.web.header.HeaderWriterFilter@4ec28534, org.springframework.web.filter.CorsFilter@1ffe7c42, org.springframework.security.web.authentication.logout.LogoutFilter@566dc0c3, com.igreen.common.config.RateLimitFilter@69bc4024, com.igreen.common.utils.JwtAuthenticationFilter@669580e2, org.springframework.security.web.savedrequest.RequestCacheAwareFilter@7314f4cb, org.springframework.security.web.servletapi.SecurityContextHolderAwareRequestFilter@7b9b244e, org.springframework.security.web.authentication.AnonymousAuthenticationFilter@5f72aaed, org.springframework.security.web.session.SessionManagementFilter@6529b078, org.springframework.security.web.access.ExceptionTranslationFilter@753248f8, org.springframework.security.web.access.intercept.AuthorizationFilter@6894d28d]
2026-02-26T11:44:06.171+08:00  INFO 46781 --- [main] j.LocalContainerEntityManagerFactoryBean : Closing JPA EntityManagerFactory for persistence unit 'default'
2026-02-26T11:44:06.177+08:00  INFO 46781 --- [main] com.zaxxer.hikari.HikariDataSource       : HikariPool-1 - Shutdown initiated...
2026-02-26T11:44:06.191+08:00  INFO 46781 --- [main] com.zaxxer.hikari.HikariDataSource       : HikariPool-1 - Shutdown completed.
2026-02-26T11:47:28.211+08:00  INFO 47162 --- [igreen-backend] [main] com.igreen.IGreenApplication             : Starting IGreenApplication using Java 17.0.15 with PID 47162 (/Users/mac/workspace/iGreenProduct/igreen-backend/target/classes started by mac in /Users/mac/workspace/iGreenProduct/igreen-backend)
2026-02-26T11:47:28.214+08:00  INFO 47162 --- [igreen-backend] [main] com.igreen.IGreenApplication             : The following 1 profile is active: "dev"
2026-02-26T11:47:29.890+08:00  INFO 47162 --- [igreen-backend] [main] .s.d.r.c.RepositoryConfigurationDelegate : Bootstrapping Spring Data JPA repositories in DEFAULT mode.
2026-02-26T11:47:29.943+08:00  INFO 47162 --- [igreen-backend] [main] .s.d.r.c.RepositoryConfigurationDelegate : Finished Spring Data repository scanning in 24 ms. Found 0 JPA repository interfaces.
2026-02-26T11:47:31.205+08:00  INFO 47162 --- [igreen-backend] [main] o.s.b.w.embedded.tomcat.TomcatWebServer  : Tomcat initialized with port 8089 (http)
2026-02-26T11:47:31.214+08:00  INFO 47162 --- [igreen-backend] [main] o.apache.catalina.core.StandardService   : Starting service [Tomcat]
2026-02-26T11:47:31.215+08:00  INFO 47162 --- [igreen-backend] [main] o.apache.catalina.core.StandardEngine    : Starting Servlet engine: [Apache Tomcat/10.1.16]
2026-02-26T11:47:31.270+08:00  INFO 47162 --- [igreen-backend] [main] o.a.c.c.C.[Tomcat].[localhost].[/]       : Initializing Spring embedded WebApplicationContext
2026-02-26T11:47:31.270+08:00  INFO 47162 --- [igreen-backend] [main] w.s.c.ServletWebServerApplicationContext : Root WebApplicationContext: initialization completed in 3002 ms
2026-02-26T11:47:32.389+08:00  INFO 47162 --- [igreen-backend] [main] org.hibernate.Version                    : HHH000412: Hibernate ORM core version 6.3.1.Final
2026-02-26T11:47:32.420+08:00  INFO 47162 --- [igreen-backend] [main] o.h.c.internal.RegionFactoryInitiator    : HHH000026: Second-level cache disabled
2026-02-26T11:47:32.615+08:00  INFO 47162 --- [igreen-backend] [main] o.s.o.j.p.SpringPersistenceUnitInfo      : No LoadTimeWeaver setup: ignoring JPA class transformer
2026-02-26T11:47:32.645+08:00  INFO 47162 --- [igreen-backend] [main] com.zaxxer.hikari.HikariDataSource       : HikariPool-1 - Starting...
2026-02-26T11:47:33.089+08:00  INFO 47162 --- [igreen-backend] [main] com.zaxxer.hikari.pool.HikariPool        : HikariPool-1 - Added connection com.mysql.cj.jdbc.ConnectionImpl@69a3944
2026-02-26T11:47:33.091+08:00  INFO 47162 --- [igreen-backend] [main] com.zaxxer.hikari.HikariDataSource       : HikariPool-1 - Start completed.
2026-02-26T11:47:33.628+08:00  INFO 47162 --- [igreen-backend] [main] o.h.e.t.j.p.i.JtaPlatformInitiator       : HHH000489: No JTA platform available (set 'hibernate.transaction.jta.platform' to enable JTA platform integration)
2026-02-26T11:47:33.635+08:00  INFO 47162 --- [igreen-backend] [main] j.LocalContainerEntityManagerFactoryBean : Initialized JPA EntityManagerFactory for persistence unit 'default'
2026-02-26T11:47:34.957+08:00  INFO 47162 --- [igreen-backend] [main] o.s.b.a.e.web.EndpointLinksResolver      : Exposing 2 endpoint(s) beneath base path '/actuator'
2026-02-26T11:47:35.064+08:00  INFO 47162 --- [igreen-backend] [main] o.s.s.web.DefaultSecurityFilterChain     : Will secure any request with [org.springframework.security.web.session.DisableEncodeUrlFilter@13e12ab6, org.springframework.security.web.context.request.async.WebAsyncManagerIntegrationFilter@5bafe1f1, com.igreen.common.config.SecurityConfig$1@5be783a, org.springframework.security.web.context.SecurityContextHolderFilter@3803bc1a, org.springframework.security.web.header.HeaderWriterFilter@7cd6b76a, org.springframework.web.filter.CorsFilter@1c65740a, org.springframework.security.web.authentication.logout.LogoutFilter@58545c2e, com.igreen.common.config.RateLimitFilter@6f4d2294, com.igreen.common.utils.JwtAuthenticationFilter@7028b5cc, org.springframework.security.web.savedrequest.RequestCacheAwareFilter@87276c4, org.springframework.security.web.servletapi.SecurityContextHolderAwareRequestFilter@63bb52ea, org.springframework.security.web.authentication.AnonymousAuthenticationFilter@6cb59aa, org.springframework.security.web.session.SessionManagementFilter@4f50e974, org.springframework.security.web.access.ExceptionTranslationFilter@265361a, org.springframework.security.web.access.intercept.AuthorizationFilter@4922dc84]
2026-02-26T11:47:36.137+08:00  INFO 47162 --- [igreen-backend] [main] j.LocalContainerEntityManagerFactoryBean : Closing JPA EntityManagerFactory for persistence unit 'default'
2026-02-26T11:47:36.142+08:00  INFO 47162 --- [igreen-backend] [main] com.zaxxer.hikari.HikariDataSource       : HikariPool-1 - Shutdown initiated...
2026-02-26T11:47:36.150+08:00  INFO 47162 --- [igreen-backend] [main] com.zaxxer.hikari.HikariDataSource       : HikariPool-1 - Shutdown completed.
2026-02-26T11:48:48.930+08:00  INFO 47330 --- [igreen-backend] [main] com.igreen.IGreenApplication             : Starting IGreenApplication using Java 17.0.15 with PID 47330 (/Users/mac/workspace/iGreenProduct/igreen-backend/target/classes started by mac in /Users/mac/workspace/iGreenProduct/igreen-backend)
2026-02-26T11:48:48.934+08:00  INFO 47330 --- [igreen-backend] [main] com.igreen.IGreenApplication             : The following 1 profile is active: "dev"
2026-02-26T11:48:50.131+08:00  INFO 47330 --- [igreen-backend] [main] .s.d.r.c.RepositoryConfigurationDelegate : Bootstrapping Spring Data JPA repositories in DEFAULT mode.
2026-02-26T11:48:50.176+08:00  INFO 47330 --- [igreen-backend] [main] .s.d.r.c.RepositoryConfigurationDelegate : Finished Spring Data repository scanning in 32 ms. Found 0 JPA repository interfaces.
2026-02-26T11:48:51.048+08:00  INFO 47330 --- [igreen-backend] [main] o.s.b.w.embedded.tomcat.TomcatWebServer  : Tomcat initialized with port 8089 (http)
2026-02-26T11:48:51.056+08:00  INFO 47330 --- [igreen-backend] [main] o.apache.catalina.core.StandardService   : Starting service [Tomcat]
2026-02-26T11:48:51.056+08:00  INFO 47330 --- [igreen-backend] [main] o.apache.catalina.core.StandardEngine    : Starting Servlet engine: [Apache Tomcat/10.1.16]
2026-02-26T11:48:51.110+08:00  INFO 47330 --- [igreen-backend] [main] o.a.c.c.C.[Tomcat].[localhost].[/]       : Initializing Spring embedded WebApplicationContext
2026-02-26T11:48:51.110+08:00  INFO 47330 --- [igreen-backend] [main] w.s.c.ServletWebServerApplicationContext : Root WebApplicationContext: initialization completed in 2127 ms
2026-02-26T11:48:52.166+08:00  INFO 47330 --- [igreen-backend] [main] o.hibernate.jpa.internal.util.LogHelper  : HHH000204: Processing PersistenceUnitInfo [name: default]
2026-02-26T11:48:52.216+08:00  INFO 47330 --- [igreen-backend] [main] org.hibernate.Version                    : HHH000412: Hibernate ORM core version 6.3.1.Final
2026-02-26T11:48:52.248+08:00  INFO 47330 --- [igreen-backend] [main] o.h.c.internal.RegionFactoryInitiator    : HHH000026: Second-level cache disabled
2026-02-26T11:48:52.483+08:00  INFO 47330 --- [igreen-backend] [main] o.s.o.j.p.SpringPersistenceUnitInfo      : No LoadTimeWeaver setup: ignoring JPA class transformer
2026-02-26T11:48:52.507+08:00  INFO 47330 --- [igreen-backend] [main] com.zaxxer.hikari.HikariDataSource       : HikariPool-1 - Starting...
2026-02-26T11:48:53.040+08:00  INFO 47330 --- [igreen-backend] [main] com.zaxxer.hikari.pool.HikariPool        : HikariPool-1 - Added connection com.mysql.cj.jdbc.ConnectionImpl@578c99ac
2026-02-26T11:48:53.044+08:00  INFO 47330 --- [igreen-backend] [main] com.zaxxer.hikari.HikariDataSource       : HikariPool-1 - Start completed.
2026-02-26T11:48:53.520+08:00  INFO 47330 --- [igreen-backend] [main] o.h.e.t.j.p.i.JtaPlatformInitiator       : HHH000489: No JTA platform available (set 'hibernate.transaction.jta.platform' to enable JTA platform integration)
2026-02-26T11:48:53.526+08:00  INFO 47330 --- [igreen-backend] [main] j.LocalContainerEntityManagerFactoryBean : Initialized JPA EntityManagerFactory for persistence unit 'default'
2026-02-26T11:48:54.605+08:00  INFO 47330 --- [igreen-backend] [main] o.s.b.a.e.web.EndpointLinksResolver      : Exposing 2 endpoint(s) beneath base path '/actuator'
2026-02-26T11:48:54.689+08:00  INFO 47330 --- [igreen-backend] [main] o.s.s.web.DefaultSecurityFilterChain     : Will secure any request with [org.springframework.security.web.session.DisableEncodeUrlFilter@2eef43f5, org.springframework.security.web.context.request.async.WebAsyncManagerIntegrationFilter@2c10f9f3, com.igreen.common.config.SecurityConfig$1@6c65a7fc, org.springframework.security.web.context.SecurityContextHolderFilter@4c140b12, org.springframework.security.web.header.HeaderWriterFilter@5e8f0c54, org.springframework.web.filter.CorsFilter@5c2f5dc, org.springframework.security.web.authentication.logout.LogoutFilter@33da0fad, com.igreen.common.config.RateLimitFilter@1ff542a3, com.igreen.common.utils.JwtAuthenticationFilter@5709e10b, org.springframework.security.web.savedrequest.RequestCacheAwareFilter@1f13eabb, org.springframework.security.web.servletapi.SecurityContextHolderAwareRequestFilter@193f5509, org.springframework.security.web.authentication.AnonymousAuthenticationFilter@5166fe7a, org.springframework.security.web.session.SessionManagementFilter@59c2bf78, org.springframework.security.web.access.ExceptionTranslationFilter@7473cfe2, org.springframework.security.web.access.intercept.AuthorizationFilter@5d8c03cc]
2026-02-26T11:48:55.514+08:00  INFO 47330 --- [igreen-backend] [main] j.LocalContainerEntityManagerFactoryBean : Closing JPA EntityManagerFactory for persistence unit 'default'
2026-02-26T11:48:55.519+08:00  INFO 47330 --- [igreen-backend] [main] com.zaxxer.hikari.HikariDataSource       : HikariPool-1 - Shutdown initiated...
2026-02-26T11:48:55.526+08:00  INFO 47330 --- [igreen-backend] [main] com.zaxxer.hikari.HikariDataSource       : HikariPool-1 - Shutdown completed.
2026-02-26T12:34:46.620+08:00  INFO 49505 --- [igreen-backend] [main] com.igreen.IGreenApplication             : Starting IGreenApplication using Java 17.0.15 with PID 49505 (/Users/mac/workspace/iGreenProduct/igreen-backend/target/classes started by mac in /Users/mac/workspace/iGreenProduct/igreen-backend)
2026-02-26T12:34:46.623+08:00  INFO 49505 --- [igreen-backend] [main] com.igreen.IGreenApplication             : The following 1 profile is active: "dev"
2026-02-26T12:34:48.455+08:00  INFO 49505 --- [igreen-backend] [main] .s.d.r.c.RepositoryConfigurationDelegate : Bootstrapping Spring Data JPA repositories in DEFAULT mode.
2026-02-26T12:34:48.508+08:00  INFO 49505 --- [igreen-backend] [main] .s.d.r.c.RepositoryConfigurationDelegate : Finished Spring Data repository scanning in 38 ms. Found 0 JPA repository interfaces.
2026-02-26T12:34:49.461+08:00  INFO 49505 --- [igreen-backend] [main] o.s.b.w.embedded.tomcat.TomcatWebServer  : Tomcat initialized with port 8089 (http)
2026-02-26T12:34:49.472+08:00  INFO 49505 --- [igreen-backend] [main] o.apache.catalina.core.StandardService   : Starting service [Tomcat]
2026-02-26T12:34:49.473+08:00  INFO 49505 --- [igreen-backend] [main] o.apache.catalina.core.StandardEngine    : Starting Servlet engine: [Apache Tomcat/10.1.16]
2026-02-26T12:34:49.542+08:00  INFO 49505 --- [igreen-backend] [main] o.a.c.c.C.[Tomcat].[localhost].[/]       : Initializing Spring embedded WebApplicationContext
2026-02-26T12:34:49.543+08:00  INFO 49505 --- [igreen-backend] [main] w.s.c.ServletWebServerApplicationContext : Root WebApplicationContext: initialization completed in 2857 ms
2026-02-26T12:34:50.650+08:00  INFO 49505 --- [igreen-backend] [main] o.hibernate.jpa.internal.util.LogHelper  : HHH000204: Processing PersistenceUnitInfo [name: default]
2026-02-26T12:34:50.734+08:00  INFO 49505 --- [igreen-backend] [main] org.hibernate.Version                    : HHH000412: Hibernate ORM core version 6.3.1.Final
2026-02-26T12:34:50.780+08:00  INFO 49505 --- [igreen-backend] [main] o.h.c.internal.RegionFactoryInitiator    : HHH000026: Second-level cache disabled
2026-02-26T12:34:51.078+08:00  INFO 49505 --- [igreen-backend] [main] o.s.o.j.p.SpringPersistenceUnitInfo      : No LoadTimeWeaver setup: ignoring JPA class transformer
2026-02-26T12:34:51.115+08:00  INFO 49505 --- [igreen-backend] [main] com.zaxxer.hikari.HikariDataSource       : HikariPool-1 - Starting...
2026-02-26T12:34:51.698+08:00  INFO 49505 --- [igreen-backend] [main] com.zaxxer.hikari.pool.HikariPool        : HikariPool-1 - Added connection com.mysql.cj.jdbc.ConnectionImpl@27107a97
2026-02-26T12:34:51.702+08:00  INFO 49505 --- [igreen-backend] [main] com.zaxxer.hikari.HikariDataSource       : HikariPool-1 - Start completed.
2026-02-26T12:34:52.213+08:00  INFO 49505 --- [igreen-backend] [main] o.h.e.t.j.p.i.JtaPlatformInitiator       : HHH000489: No JTA platform available (set 'hibernate.transaction.jta.platform' to enable JTA platform integration)
2026-02-26T12:34:52.218+08:00  INFO 49505 --- [igreen-backend] [main] j.LocalContainerEntityManagerFactoryBean : Initialized JPA EntityManagerFactory for persistence unit 'default'
2026-02-26T12:34:53.549+08:00  INFO 49505 --- [igreen-backend] [main] o.s.b.a.e.web.EndpointLinksResolver      : Exposing 2 endpoint(s) beneath base path '/actuator'
2026-02-26T12:34:53.652+08:00  INFO 49505 --- [igreen-backend] [main] o.s.s.web.DefaultSecurityFilterChain     : Will secure any request with [org.springframework.security.web.session.DisableEncodeUrlFilter@22495f2f, org.springframework.security.web.context.request.async.WebAsyncManagerIntegrationFilter@25fb43a9, com.igreen.common.config.SecurityConfig$1@59fa5a39, org.springframework.security.web.context.SecurityContextHolderFilter@35e0d91e, org.springframework.security.web.header.HeaderWriterFilter@6114902c, org.springframework.web.filter.CorsFilter@6dccdc50, org.springframework.security.web.authentication.logout.LogoutFilter@72f71ea2, com.igreen.common.config.RateLimitFilter@4db46344, com.igreen.common.utils.JwtAuthenticationFilter@51297528, org.springframework.security.web.savedrequest.RequestCacheAwareFilter@2ff2a096, org.springframework.security.web.servletapi.SecurityContextHolderAwareRequestFilter@136a5572, org.springframework.security.web.authentication.AnonymousAuthenticationFilter@59456e1, org.springframework.security.web.session.SessionManagementFilter@36a59d8, org.springframework.security.web.access.ExceptionTranslationFilter@79e591bb, org.springframework.security.web.access.intercept.AuthorizationFilter@7df1fc5a]
2026-02-26T12:34:54.703+08:00  INFO 49505 --- [igreen-backend] [main] o.s.b.w.embedded.tomcat.TomcatWebServer  : Tomcat started on port 8089 (http) with context path ''
2026-02-26T12:34:54.719+08:00  INFO 49505 --- [igreen-backend] [main] com.igreen.IGreenApplication             : Started IGreenApplication in 8.97 seconds (process running for 11.11)
2026-02-26T12:34:54.727+08:00  INFO 49505 --- [igreen-backend] [main] c.i.common.config.DatabaseInitConfig     : 开始初始化数据库表结构...
2026-02-26T12:34:54.728+08:00  INFO 49505 --- [igreen-backend] [main] c.i.common.config.DatabaseInitConfig     : 检查并修复 sla_configs 表结构...
2026-02-26T12:34:54.885+08:00  INFO 49505 --- [igreen-backend] [main] c.i.common.config.DatabaseInitConfig     : sla_configs 表结构修复完成
2026-02-26T12:34:54.885+08:00  INFO 49505 --- [igreen-backend] [main] c.i.common.config.DatabaseInitConfig     : 检查并修复 site_level_configs 表结构...
2026-02-26T12:34:54.921+08:00  INFO 49505 --- [igreen-backend] [main] c.i.common.config.DatabaseInitConfig     : site_level_configs 表结构修复完成
2026-02-26T12:34:54.922+08:00  INFO 49505 --- [igreen-backend] [main] c.i.common.config.DatabaseInitConfig     : 数据库表结构初始化完成
2026-02-26T12:38:44.808+08:00  INFO 49505 --- [igreen-backend] [http-nio-8089-exec-1] o.a.c.c.C.[Tomcat].[localhost].[/]       : Initializing Spring DispatcherServlet 'dispatcherServlet'
2026-02-26T12:46:57.731+08:00  INFO 49505 --- [igreen-backend] [SpringApplicationShutdownHook] j.LocalContainerEntityManagerFactoryBean : Closing JPA EntityManagerFactory for persistence unit 'default'
2026-02-26T12:46:57.740+08:00  INFO 49505 --- [igreen-backend] [SpringApplicationShutdownHook] com.zaxxer.hikari.HikariDataSource       : HikariPool-1 - Shutdown initiated...
2026-02-26T12:46:57.755+08:00  INFO 49505 --- [igreen-backend] [SpringApplicationShutdownHook] com.zaxxer.hikari.HikariDataSource       : HikariPool-1 - Shutdown completed.
2026-02-26T12:47:42.742+08:00  INFO 55099 --- [igreen-backend] [main] com.igreen.IGreenApplication             : Starting IGreenApplication using Java 17.0.17 with PID 55099 (/Users/mac/workspace/iGreenProduct/igreen-backend/target/classes started by mac in /Users/mac/workspace/iGreenProduct/igreen-backend)
2026-02-26T12:47:42.745+08:00  INFO 55099 --- [igreen-backend] [main] com.igreen.IGreenApplication             : The following 1 profile is active: "dev"
2026-02-26T12:47:44.230+08:00  INFO 55099 --- [igreen-backend] [main] .s.d.r.c.RepositoryConfigurationDelegate : Bootstrapping Spring Data JPA repositories in DEFAULT mode.
2026-02-26T12:47:44.270+08:00  INFO 55099 --- [igreen-backend] [main] .s.d.r.c.RepositoryConfigurationDelegate : Finished Spring Data repository scanning in 28 ms. Found 0 JPA repository interfaces.
2026-02-26T12:47:45.664+08:00  INFO 55099 --- [igreen-backend] [main] o.s.b.w.embedded.tomcat.TomcatWebServer  : Tomcat initialized with port 8089 (http)
2026-02-26T12:47:45.697+08:00  INFO 55099 --- [igreen-backend] [main] o.apache.catalina.core.StandardService   : Starting service [Tomcat]
2026-02-26T12:47:45.698+08:00  INFO 55099 --- [igreen-backend] [main] o.apache.catalina.core.StandardEngine    : Starting Servlet engine: [Apache Tomcat/10.1.16]
2026-02-26T12:47:45.833+08:00  INFO 55099 --- [igreen-backend] [main] o.a.c.c.C.[Tomcat].[localhost].[/]       : Initializing Spring embedded WebApplicationContext
2026-02-26T12:47:45.834+08:00  INFO 55099 --- [igreen-backend] [main] w.s.c.ServletWebServerApplicationContext : Root WebApplicationContext: initialization completed in 3027 ms
2026-02-26T12:47:47.574+08:00  INFO 55099 --- [igreen-backend] [main] o.hibernate.jpa.internal.util.LogHelper  : HHH000204: Processing PersistenceUnitInfo [name: default]
2026-02-26T12:47:47.675+08:00  INFO 55099 --- [igreen-backend] [main] org.hibernate.Version                    : HHH000412: Hibernate ORM core version 6.3.1.Final
2026-02-26T12:47:47.728+08:00  INFO 55099 --- [igreen-backend] [main] o.h.c.internal.RegionFactoryInitiator    : HHH000026: Second-level cache disabled
2026-02-26T12:47:48.204+08:00  INFO 55099 --- [igreen-backend] [main] o.s.o.j.p.SpringPersistenceUnitInfo      : No LoadTimeWeaver setup: ignoring JPA class transformer
2026-02-26T12:47:48.266+08:00  INFO 55099 --- [igreen-backend] [main] com.zaxxer.hikari.HikariDataSource       : HikariPool-1 - Starting...
2026-02-26T12:47:49.113+08:00  INFO 55099 --- [igreen-backend] [main] com.zaxxer.hikari.pool.HikariPool        : HikariPool-1 - Added connection com.mysql.cj.jdbc.ConnectionImpl@3fb1948c
2026-02-26T12:47:49.116+08:00  INFO 55099 --- [igreen-backend] [main] com.zaxxer.hikari.HikariDataSource       : HikariPool-1 - Start completed.
2026-02-26T12:47:50.359+08:00  INFO 55099 --- [igreen-backend] [main] o.h.e.t.j.p.i.JtaPlatformInitiator       : HHH000489: No JTA platform available (set 'hibernate.transaction.jta.platform' to enable JTA platform integration)
2026-02-26T12:47:50.396+08:00  INFO 55099 --- [igreen-backend] [main] j.LocalContainerEntityManagerFactoryBean : Initialized JPA EntityManagerFactory for persistence unit 'default'
2026-02-26T12:47:53.275+08:00  INFO 55107 --- [igreen-backend] [main] com.igreen.IGreenApplication             : Starting IGreenApplication using Java 17.0.15 with PID 55107 (/Users/mac/workspace/iGreenProduct/igreen-backend/target/classes started by mac in /Users/mac/workspace/iGreenProduct/igreen-backend)
2026-02-26T12:47:53.287+08:00  INFO 55107 --- [igreen-backend] [main] com.igreen.IGreenApplication             : The following 1 profile is active: "dev"
2026-02-26T12:47:54.101+08:00  INFO 55099 --- [igreen-backend] [main] o.s.b.a.e.web.EndpointLinksResolver      : Exposing 2 endpoint(s) beneath base path '/actuator'
2026-02-26T12:47:54.317+08:00  INFO 55099 --- [igreen-backend] [main] o.s.s.web.DefaultSecurityFilterChain     : Will secure any request with [org.springframework.security.web.session.DisableEncodeUrlFilter@60660d21, org.springframework.security.web.context.request.async.WebAsyncManagerIntegrationFilter@2898c70d, com.igreen.common.config.SecurityConfig$1@ec67be1, org.springframework.security.web.context.SecurityContextHolderFilter@307ba188, org.springframework.security.web.header.HeaderWriterFilter@21cb5648, org.springframework.web.filter.CorsFilter@64a00fe0, org.springframework.security.web.authentication.logout.LogoutFilter@1e60890c, com.igreen.common.config.RateLimitFilter@52d9d817, com.igreen.common.utils.JwtAuthenticationFilter@6f4d2294, org.springframework.security.web.savedrequest.RequestCacheAwareFilter@42a198dd, org.springframework.security.web.servletapi.SecurityContextHolderAwareRequestFilter@403b7be3, org.springframework.security.web.authentication.AnonymousAuthenticationFilter@347f0950, org.springframework.security.web.session.SessionManagementFilter@3ed2a30c, org.springframework.security.web.access.ExceptionTranslationFilter@4265cbed, org.springframework.security.web.access.intercept.AuthorizationFilter@3a0f5141]
2026-02-26T12:47:55.643+08:00  INFO 55107 --- [igreen-backend] [main] .s.d.r.c.RepositoryConfigurationDelegate : Bootstrapping Spring Data JPA repositories in DEFAULT mode.
2026-02-26T12:47:55.674+08:00  INFO 55099 --- [igreen-backend] [main] o.s.b.w.embedded.tomcat.TomcatWebServer  : Tomcat started on port 8089 (http) with context path ''
2026-02-26T12:47:55.681+08:00  INFO 55107 --- [igreen-backend] [main] .s.d.r.c.RepositoryConfigurationDelegate : Finished Spring Data repository scanning in 25 ms. Found 0 JPA repository interfaces.
2026-02-26T12:47:55.695+08:00  INFO 55099 --- [igreen-backend] [main] com.igreen.IGreenApplication             : Started IGreenApplication in 13.551 seconds (process running for 13.922)
2026-02-26T12:47:55.757+08:00  INFO 55099 --- [igreen-backend] [main] c.i.common.config.DatabaseInitConfig     : 开始初始化数据库表结构...
2026-02-26T12:47:55.757+08:00  INFO 55099 --- [igreen-backend] [main] c.i.common.config.DatabaseInitConfig     : 检查并修复 sla_configs 表结构...
2026-02-26T12:47:55.836+08:00  INFO 55099 --- [igreen-backend] [main] c.i.common.config.DatabaseInitConfig     : sla_configs 表结构修复完成
2026-02-26T12:47:55.837+08:00  INFO 55099 --- [igreen-backend] [main] c.i.common.config.DatabaseInitConfig     : 检查并修复 site_level_configs 表结构...
2026-02-26T12:47:55.871+08:00  INFO 55099 --- [igreen-backend] [main] c.i.common.config.DatabaseInitConfig     : site_level_configs 表结构修复完成
2026-02-26T12:47:55.871+08:00  INFO 55099 --- [igreen-backend] [main] c.i.common.config.DatabaseInitConfig     : 数据库表结构初始化完成
2026-02-26T12:47:56.972+08:00  INFO 55107 --- [igreen-backend] [main] o.s.b.w.embedded.tomcat.TomcatWebServer  : Tomcat initialized with port 8089 (http)
2026-02-26T12:47:56.983+08:00  INFO 55107 --- [igreen-backend] [main] o.apache.catalina.core.StandardService   : Starting service [Tomcat]
2026-02-26T12:47:56.984+08:00  INFO 55107 --- [igreen-backend] [main] o.apache.catalina.core.StandardEngine    : Starting Servlet engine: [Apache Tomcat/10.1.16]
2026-02-26T12:47:57.074+08:00  INFO 55107 --- [igreen-backend] [main] o.a.c.c.C.[Tomcat].[localhost].[/]       : Initializing Spring embedded WebApplicationContext
2026-02-26T12:47:57.074+08:00  INFO 55107 --- [igreen-backend] [main] w.s.c.ServletWebServerApplicationContext : Root WebApplicationContext: initialization completed in 3607 ms
2026-02-26T12:47:58.757+08:00  INFO 55107 --- [igreen-backend] [main] o.hibernate.jpa.internal.util.LogHelper  : HHH000204: Processing PersistenceUnitInfo [name: default]
2026-02-26T12:47:58.871+08:00  INFO 55107 --- [igreen-backend] [main] org.hibernate.Version                    : HHH000412: Hibernate ORM core version 6.3.1.Final
2026-02-26T12:47:58.939+08:00  INFO 55107 --- [igreen-backend] [main] o.h.c.internal.RegionFactoryInitiator    : HHH000026: Second-level cache disabled
2026-02-26T12:47:59.414+08:00  INFO 55107 --- [igreen-backend] [main] o.s.o.j.p.SpringPersistenceUnitInfo      : No LoadTimeWeaver setup: ignoring JPA class transformer
2026-02-26T12:47:59.467+08:00  INFO 55107 --- [igreen-backend] [main] com.zaxxer.hikari.HikariDataSource       : HikariPool-1 - Starting...
2026-02-26T12:48:00.010+08:00  INFO 55107 --- [igreen-backend] [main] com.zaxxer.hikari.pool.HikariPool        : HikariPool-1 - Added connection com.mysql.cj.jdbc.ConnectionImpl@5f190cfe
2026-02-26T12:48:00.016+08:00  INFO 55107 --- [igreen-backend] [main] com.zaxxer.hikari.HikariDataSource       : HikariPool-1 - Start completed.
2026-02-26T12:48:00.831+08:00  INFO 55107 --- [igreen-backend] [main] o.h.e.t.j.p.i.JtaPlatformInitiator       : HHH000489: No JTA platform available (set 'hibernate.transaction.jta.platform' to enable JTA platform integration)
2026-02-26T12:48:00.843+08:00  INFO 55107 --- [igreen-backend] [main] j.LocalContainerEntityManagerFactoryBean : Initialized JPA EntityManagerFactory for persistence unit 'default'
2026-02-26T12:48:02.614+08:00  INFO 55107 --- [igreen-backend] [main] o.s.b.a.e.web.EndpointLinksResolver      : Exposing 2 endpoint(s) beneath base path '/actuator'
2026-02-26T12:48:02.770+08:00  INFO 55107 --- [igreen-backend] [main] o.s.s.web.DefaultSecurityFilterChain     : Will secure any request with [org.springframework.security.web.session.DisableEncodeUrlFilter@77a13162, org.springframework.security.web.context.request.async.WebAsyncManagerIntegrationFilter@6bea0866, com.igreen.common.config.SecurityConfig$1@3c5d183, org.springframework.security.web.context.SecurityContextHolderFilter@16baf8d0, org.springframework.security.web.header.HeaderWriterFilter@1b5df8b7, org.springframework.web.filter.CorsFilter@471b7c9c, org.springframework.security.web.authentication.logout.LogoutFilter@75f579d2, com.igreen.common.config.RateLimitFilter@3ccfac29, com.igreen.common.utils.JwtAuthenticationFilter@51c008fd, org.springframework.security.web.savedrequest.RequestCacheAwareFilter@6dc98c02, org.springframework.security.web.servletapi.SecurityContextHolderAwareRequestFilter@6cca70e3, org.springframework.security.web.authentication.AnonymousAuthenticationFilter@39cf7f3c, org.springframework.security.web.session.SessionManagementFilter@2456716b, org.springframework.security.web.access.ExceptionTranslationFilter@2ecb87b2, org.springframework.security.web.access.intercept.AuthorizationFilter@5a097a83]
2026-02-26T12:48:04.423+08:00  INFO 55107 --- [igreen-backend] [main] j.LocalContainerEntityManagerFactoryBean : Closing JPA EntityManagerFactory for persistence unit 'default'
2026-02-26T12:48:04.431+08:00  INFO 55107 --- [igreen-backend] [main] com.zaxxer.hikari.HikariDataSource       : HikariPool-1 - Shutdown initiated...
2026-02-26T12:48:04.444+08:00  INFO 55107 --- [igreen-backend] [main] com.zaxxer.hikari.HikariDataSource       : HikariPool-1 - Shutdown completed.
2026-02-26T12:48:07.733+08:00  INFO 55099 --- [igreen-backend] [http-nio-8089-exec-1] o.a.c.c.C.[Tomcat].[localhost].[/]       : Initializing Spring DispatcherServlet 'dispatcherServlet'
2026-02-26T12:48:17.194+08:00  INFO 55099 --- [igreen-backend] [SpringApplicationShutdownHook] j.LocalContainerEntityManagerFactoryBean : Closing JPA EntityManagerFactory for persistence unit 'default'
2026-02-26T12:48:17.214+08:00  INFO 55099 --- [igreen-backend] [SpringApplicationShutdownHook] com.zaxxer.hikari.HikariDataSource       : HikariPool-1 - Shutdown initiated...
2026-02-26T12:48:17.237+08:00  INFO 55099 --- [igreen-backend] [SpringApplicationShutdownHook] com.zaxxer.hikari.HikariDataSource       : HikariPool-1 - Shutdown completed.
2026-02-26T12:48:29.293+08:00  INFO 55410 --- [igreen-backend] [main] com.igreen.IGreenApplication             : Starting IGreenApplication using Java 17.0.17 with PID 55410 (/Users/mac/workspace/iGreenProduct/igreen-backend/target/classes started by mac in /Users/mac/workspace/iGreenProduct/igreen-backend)
2026-02-26T12:48:29.295+08:00  INFO 55410 --- [igreen-backend] [main] com.igreen.IGreenApplication             : The following 1 profile is active: "dev"
2026-02-26T12:48:30.348+08:00  INFO 55410 --- [igreen-backend] [main] .s.d.r.c.RepositoryConfigurationDelegate : Bootstrapping Spring Data JPA repositories in DEFAULT mode.
2026-02-26T12:48:30.379+08:00  INFO 55410 --- [igreen-backend] [main] .s.d.r.c.RepositoryConfigurationDelegate : Finished Spring Data repository scanning in 21 ms. Found 0 JPA repository interfaces.
2026-02-26T12:48:31.313+08:00  INFO 55410 --- [igreen-backend] [main] o.s.b.w.embedded.tomcat.TomcatWebServer  : Tomcat initialized with port 8089 (http)
2026-02-26T12:48:31.325+08:00  INFO 55410 --- [igreen-backend] [main] o.apache.catalina.core.StandardService   : Starting service [Tomcat]
2026-02-26T12:48:31.325+08:00  INFO 55410 --- [igreen-backend] [main] o.apache.catalina.core.StandardEngine    : Starting Servlet engine: [Apache Tomcat/10.1.16]
2026-02-26T12:48:31.389+08:00  INFO 55410 --- [igreen-backend] [main] o.a.c.c.C.[Tomcat].[localhost].[/]       : Initializing Spring embedded WebApplicationContext
2026-02-26T12:48:31.390+08:00  INFO 55410 --- [igreen-backend] [main] w.s.c.ServletWebServerApplicationContext : Root WebApplicationContext: initialization completed in 2057 ms
2026-02-26T12:48:32.265+08:00  INFO 55410 --- [igreen-backend] [main] o.hibernate.jpa.internal.util.LogHelper  : HHH000204: Processing PersistenceUnitInfo [name: default]
2026-02-26T12:48:32.318+08:00  INFO 55410 --- [igreen-backend] [main] org.hibernate.Version                    : HHH000412: Hibernate ORM core version 6.3.1.Final
2026-02-26T12:48:32.356+08:00  INFO 55410 --- [igreen-backend] [main] o.h.c.internal.RegionFactoryInitiator    : HHH000026: Second-level cache disabled
2026-02-26T12:48:32.575+08:00  INFO 55410 --- [igreen-backend] [main] o.s.o.j.p.SpringPersistenceUnitInfo      : No LoadTimeWeaver setup: ignoring JPA class transformer
2026-02-26T12:48:32.596+08:00  INFO 55410 --- [igreen-backend] [main] com.zaxxer.hikari.HikariDataSource       : HikariPool-1 - Starting...
2026-02-26T12:48:33.050+08:00  INFO 55410 --- [igreen-backend] [main] com.zaxxer.hikari.pool.HikariPool        : HikariPool-1 - Added connection com.mysql.cj.jdbc.ConnectionImpl@129aaac1
2026-02-26T12:48:33.052+08:00  INFO 55410 --- [igreen-backend] [main] com.zaxxer.hikari.HikariDataSource       : HikariPool-1 - Start completed.
2026-02-26T12:48:33.402+08:00  INFO 55410 --- [igreen-backend] [main] o.h.e.t.j.p.i.JtaPlatformInitiator       : HHH000489: No JTA platform available (set 'hibernate.transaction.jta.platform' to enable JTA platform integration)
2026-02-26T12:48:33.407+08:00  INFO 55410 --- [igreen-backend] [main] j.LocalContainerEntityManagerFactoryBean : Initialized JPA EntityManagerFactory for persistence unit 'default'
2026-02-26T12:48:34.457+08:00  INFO 55410 --- [igreen-backend] [main] o.s.b.a.e.web.EndpointLinksResolver      : Exposing 2 endpoint(s) beneath base path '/actuator'
2026-02-26T12:48:34.541+08:00  INFO 55410 --- [igreen-backend] [main] o.s.s.web.DefaultSecurityFilterChain     : Will secure any request with [org.springframework.security.web.session.DisableEncodeUrlFilter@507e3e77, org.springframework.security.web.context.request.async.WebAsyncManagerIntegrationFilter@73796ae5, com.igreen.common.config.SecurityConfig$1@3956e933, org.springframework.security.web.context.SecurityContextHolderFilter@2a5d9ede, org.springframework.security.web.header.HeaderWriterFilter@38568876, org.springframework.web.filter.CorsFilter@2fb40e49, org.springframework.security.web.authentication.logout.LogoutFilter@4b477121, com.igreen.common.config.RateLimitFilter@6ce2e079, com.igreen.common.utils.JwtAuthenticationFilter@2fcc5f49, org.springframework.security.web.savedrequest.RequestCacheAwareFilter@500beb9f, org.springframework.security.web.servletapi.SecurityContextHolderAwareRequestFilter@52dc71b2, org.springframework.security.web.authentication.AnonymousAuthenticationFilter@e98004e, org.springframework.security.web.session.SessionManagementFilter@3437fc4f, org.springframework.security.web.access.ExceptionTranslationFilter@1ee5792a, org.springframework.security.web.access.intercept.AuthorizationFilter@671561b9]
2026-02-26T12:48:35.268+08:00  INFO 55410 --- [igreen-backend] [main] o.s.b.w.embedded.tomcat.TomcatWebServer  : Tomcat started on port 8089 (http) with context path ''
2026-02-26T12:48:35.289+08:00  INFO 55410 --- [igreen-backend] [main] com.igreen.IGreenApplication             : Started IGreenApplication in 6.525 seconds (process running for 6.844)
2026-02-26T12:48:35.337+08:00  INFO 55410 --- [igreen-backend] [main] c.i.common.config.DatabaseInitConfig     : 开始初始化数据库表结构...
2026-02-26T12:48:35.338+08:00  INFO 55410 --- [igreen-backend] [main] c.i.common.config.DatabaseInitConfig     : 检查并修复 sla_configs 表结构...
2026-02-26T12:48:35.423+08:00  INFO 55410 --- [igreen-backend] [main] c.i.common.config.DatabaseInitConfig     : sla_configs 表结构修复完成
2026-02-26T12:48:35.424+08:00  INFO 55410 --- [igreen-backend] [main] c.i.common.config.DatabaseInitConfig     : 检查并修复 site_level_configs 表结构...
2026-02-26T12:48:35.460+08:00  INFO 55410 --- [igreen-backend] [main] c.i.common.config.DatabaseInitConfig     : site_level_configs 表结构修复完成
2026-02-26T12:48:35.461+08:00  INFO 55410 --- [igreen-backend] [main] c.i.common.config.DatabaseInitConfig     : 数据库表结构初始化完成
2026-02-26T12:48:41.217+08:00  INFO 55410 --- [igreen-backend] [http-nio-8089-exec-1] o.a.c.c.C.[Tomcat].[localhost].[/]       : Initializing Spring DispatcherServlet 'dispatcherServlet'
2026-02-26T13:15:34.350+08:00  INFO 68880 --- [igreen-backend] [main] com.igreen.IGreenApplication             : Starting IGreenApplication using Java 17.0.15 with PID 68880 (/Users/mac/workspace/iGreenProduct/igreen-backend/target/classes started by mac in /Users/mac/workspace/iGreenProduct/igreen-backend)
2026-02-26T13:15:34.354+08:00  INFO 68880 --- [igreen-backend] [main] com.igreen.IGreenApplication             : The following 1 profile is active: "dev"
2026-02-26T13:15:35.751+08:00  INFO 68880 --- [igreen-backend] [main] .s.d.r.c.RepositoryConfigurationDelegate : Bootstrapping Spring Data JPA repositories in DEFAULT mode.
2026-02-26T13:15:35.800+08:00  INFO 68880 --- [igreen-backend] [main] .s.d.r.c.RepositoryConfigurationDelegate : Finished Spring Data repository scanning in 34 ms. Found 0 JPA repository interfaces.
2026-02-26T13:15:36.860+08:00  INFO 68880 --- [igreen-backend] [main] o.s.b.w.embedded.tomcat.TomcatWebServer  : Tomcat initialized with port 8089 (http)
2026-02-26T13:15:36.871+08:00  INFO 68880 --- [igreen-backend] [main] o.apache.catalina.core.StandardService   : Starting service [Tomcat]
2026-02-26T13:15:36.871+08:00  INFO 68880 --- [igreen-backend] [main] o.apache.catalina.core.StandardEngine    : Starting Servlet engine: [Apache Tomcat/10.1.16]
2026-02-26T13:15:36.945+08:00  INFO 68880 --- [igreen-backend] [main] o.a.c.c.C.[Tomcat].[localhost].[/]       : Initializing Spring embedded WebApplicationContext
2026-02-26T13:15:36.945+08:00  INFO 68880 --- [igreen-backend] [main] w.s.c.ServletWebServerApplicationContext : Root WebApplicationContext: initialization completed in 2526 ms
2026-02-26T13:15:38.349+08:00  INFO 68880 --- [igreen-backend] [main] o.hibernate.jpa.internal.util.LogHelper  : HHH000204: Processing PersistenceUnitInfo [name: default]
2026-02-26T13:15:38.442+08:00  INFO 68880 --- [igreen-backend] [main] org.hibernate.Version                    : HHH000412: Hibernate ORM core version 6.3.1.Final
2026-02-26T13:15:38.484+08:00  INFO 68880 --- [igreen-backend] [main] o.h.c.internal.RegionFactoryInitiator    : HHH000026: Second-level cache disabled
2026-02-26T13:15:38.772+08:00  INFO 68880 --- [igreen-backend] [main] o.s.o.j.p.SpringPersistenceUnitInfo      : No LoadTimeWeaver setup: ignoring JPA class transformer
2026-02-26T13:15:38.804+08:00  INFO 68880 --- [igreen-backend] [main] com.zaxxer.hikari.HikariDataSource       : HikariPool-1 - Starting...
2026-02-26T13:15:39.358+08:00  INFO 68880 --- [igreen-backend] [main] com.zaxxer.hikari.pool.HikariPool        : HikariPool-1 - Added connection com.mysql.cj.jdbc.ConnectionImpl@78c23ade
2026-02-26T13:15:39.360+08:00  INFO 68880 --- [igreen-backend] [main] com.zaxxer.hikari.HikariDataSource       : HikariPool-1 - Start completed.
2026-02-26T13:15:39.870+08:00  INFO 68880 --- [igreen-backend] [main] o.h.e.t.j.p.i.JtaPlatformInitiator       : HHH000489: No JTA platform available (set 'hibernate.transaction.jta.platform' to enable JTA platform integration)
2026-02-26T13:15:39.876+08:00  INFO 68880 --- [igreen-backend] [main] j.LocalContainerEntityManagerFactoryBean : Initialized JPA EntityManagerFactory for persistence unit 'default'
2026-02-26T13:15:41.148+08:00  INFO 68880 --- [igreen-backend] [main] o.s.b.a.e.web.EndpointLinksResolver      : Exposing 2 endpoint(s) beneath base path '/actuator'
2026-02-26T13:15:41.251+08:00  INFO 68880 --- [igreen-backend] [main] o.s.s.web.DefaultSecurityFilterChain     : Will secure any request with [org.springframework.security.web.session.DisableEncodeUrlFilter@699fe19f, org.springframework.security.web.context.request.async.WebAsyncManagerIntegrationFilter@2357f000, com.igreen.common.config.SecurityConfig$1@329b4b8b, org.springframework.security.web.context.SecurityContextHolderFilter@467625e3, org.springframework.security.web.header.HeaderWriterFilter@605c2b9f, org.springframework.web.filter.CorsFilter@6124a7c0, org.springframework.security.web.authentication.logout.LogoutFilter@7ca0aa55, com.igreen.common.config.RateLimitFilter@2d73767e, com.igreen.common.utils.JwtAuthenticationFilter@2dd2ff87, org.springframework.security.web.savedrequest.RequestCacheAwareFilter@3123ac1a, org.springframework.security.web.servletapi.SecurityContextHolderAwareRequestFilter@7af4286, org.springframework.security.web.authentication.AnonymousAuthenticationFilter@77a13162, org.springframework.security.web.session.SessionManagementFilter@79e591bb, org.springframework.security.web.access.ExceptionTranslationFilter@18372705, org.springframework.security.web.access.intercept.AuthorizationFilter@2df0a4c3]
2026-02-26T13:15:42.293+08:00  INFO 68880 --- [igreen-backend] [main] j.LocalContainerEntityManagerFactoryBean : Closing JPA EntityManagerFactory for persistence unit 'default'
2026-02-26T13:15:42.299+08:00  INFO 68880 --- [igreen-backend] [main] com.zaxxer.hikari.HikariDataSource       : HikariPool-1 - Shutdown initiated...
2026-02-26T13:15:42.313+08:00  INFO 68880 --- [igreen-backend] [main] com.zaxxer.hikari.HikariDataSource       : HikariPool-1 - Shutdown completed.
2026-02-26T13:16:13.739+08:00  INFO 55410 --- [igreen-backend] [SpringApplicationShutdownHook] j.LocalContainerEntityManagerFactoryBean : Closing JPA EntityManagerFactory for persistence unit 'default'
2026-02-26T13:16:13.746+08:00  INFO 55410 --- [igreen-backend] [SpringApplicationShutdownHook] com.zaxxer.hikari.HikariDataSource       : HikariPool-1 - Shutdown initiated...
2026-02-26T13:16:13.750+08:00  INFO 55410 --- [igreen-backend] [SpringApplicationShutdownHook] com.zaxxer.hikari.HikariDataSource       : HikariPool-1 - Shutdown completed.
2026-02-26T13:16:59.223+08:00  INFO 69571 --- [igreen-backend] [main] com.igreen.IGreenApplication             : Starting IGreenApplication using Java 17.0.15 with PID 69571 (/Users/mac/workspace/iGreenProduct/igreen-backend/target/classes started by mac in /Users/mac/workspace/iGreenProduct/igreen-backend)
2026-02-26T13:16:59.227+08:00  INFO 69571 --- [igreen-backend] [main] com.igreen.IGreenApplication             : The following 1 profile is active: "dev"
2026-02-26T13:17:00.716+08:00  INFO 69571 --- [igreen-backend] [main] .s.d.r.c.RepositoryConfigurationDelegate : Bootstrapping Spring Data JPA repositories in DEFAULT mode.
2026-02-26T13:17:00.750+08:00  INFO 69571 --- [igreen-backend] [main] .s.d.r.c.RepositoryConfigurationDelegate : Finished Spring Data repository scanning in 23 ms. Found 0 JPA repository interfaces.
2026-02-26T13:17:02.007+08:00  INFO 69571 --- [igreen-backend] [main] o.s.b.w.embedded.tomcat.TomcatWebServer  : Tomcat initialized with port 8089 (http)
2026-02-26T13:17:02.021+08:00  INFO 69571 --- [igreen-backend] [main] o.apache.catalina.core.StandardService   : Starting service [Tomcat]
2026-02-26T13:17:02.022+08:00  INFO 69571 --- [igreen-backend] [main] o.apache.catalina.core.StandardEngine    : Starting Servlet engine: [Apache Tomcat/10.1.16]
2026-02-26T13:17:02.108+08:00  INFO 69571 --- [igreen-backend] [main] o.a.c.c.C.[Tomcat].[localhost].[/]       : Initializing Spring embedded WebApplicationContext
2026-02-26T13:17:02.109+08:00  INFO 69571 --- [igreen-backend] [main] w.s.c.ServletWebServerApplicationContext : Root WebApplicationContext: initialization completed in 2822 ms
2026-02-26T13:17:03.620+08:00  INFO 69571 --- [igreen-backend] [main] o.hibernate.jpa.internal.util.LogHelper  : HHH000204: Processing PersistenceUnitInfo [name: default]
2026-02-26T13:17:03.678+08:00  INFO 69571 --- [igreen-backend] [main] org.hibernate.Version                    : HHH000412: Hibernate ORM core version 6.3.1.Final
2026-02-26T13:17:03.765+08:00  INFO 69571 --- [igreen-backend] [main] o.h.c.internal.RegionFactoryInitiator    : HHH000026: Second-level cache disabled
2026-02-26T13:17:04.180+08:00  INFO 69571 --- [igreen-backend] [main] o.s.o.j.p.SpringPersistenceUnitInfo      : No LoadTimeWeaver setup: ignoring JPA class transformer
2026-02-26T13:17:04.246+08:00  INFO 69571 --- [igreen-backend] [main] com.zaxxer.hikari.HikariDataSource       : HikariPool-1 - Starting...
2026-02-26T13:17:04.776+08:00  INFO 69571 --- [igreen-backend] [main] com.zaxxer.hikari.pool.HikariPool        : HikariPool-1 - Added connection com.mysql.cj.jdbc.ConnectionImpl@71a7cf7c
2026-02-26T13:17:04.780+08:00  INFO 69571 --- [igreen-backend] [main] com.zaxxer.hikari.HikariDataSource       : HikariPool-1 - Start completed.
2026-02-26T13:17:05.321+08:00  INFO 69571 --- [igreen-backend] [main] o.h.e.t.j.p.i.JtaPlatformInitiator       : HHH000489: No JTA platform available (set 'hibernate.transaction.jta.platform' to enable JTA platform integration)
2026-02-26T13:17:05.326+08:00  INFO 69571 --- [igreen-backend] [main] j.LocalContainerEntityManagerFactoryBean : Initialized JPA EntityManagerFactory for persistence unit 'default'
2026-02-26T13:17:06.649+08:00  INFO 69571 --- [igreen-backend] [main] o.s.b.a.e.web.EndpointLinksResolver      : Exposing 2 endpoint(s) beneath base path '/actuator'
2026-02-26T13:17:06.782+08:00  INFO 69571 --- [igreen-backend] [main] o.s.s.web.DefaultSecurityFilterChain     : Will secure any request with [org.springframework.security.web.session.DisableEncodeUrlFilter@71ad1d0b, org.springframework.security.web.context.request.async.WebAsyncManagerIntegrationFilter@7a087132, com.igreen.common.config.SecurityConfig$1@5d8c03cc, org.springframework.security.web.context.SecurityContextHolderFilter@2ff2a096, org.springframework.security.web.header.HeaderWriterFilter@41a6ab50, org.springframework.web.filter.CorsFilter@4a4979bf, org.springframework.security.web.authentication.logout.LogoutFilter@6124a7c0, com.igreen.common.config.RateLimitFilter@a6dffdb, com.igreen.common.utils.JwtAuthenticationFilter@1df9f7c6, org.springframework.security.web.savedrequest.RequestCacheAwareFilter@11548363, org.springframework.security.web.servletapi.SecurityContextHolderAwareRequestFilter@10007fdc, org.springframework.security.web.authentication.AnonymousAuthenticationFilter@539570b8, org.springframework.security.web.session.SessionManagementFilter@4ab1693b, org.springframework.security.web.access.ExceptionTranslationFilter@6d43c881, org.springframework.security.web.access.intercept.AuthorizationFilter@22495f2f]
2026-02-26T13:17:07.817+08:00  INFO 69571 --- [igreen-backend] [main] o.s.b.w.embedded.tomcat.TomcatWebServer  : Tomcat started on port 8089 (http) with context path ''
2026-02-26T13:17:07.836+08:00  INFO 69571 --- [igreen-backend] [main] com.igreen.IGreenApplication             : Started IGreenApplication in 9.347 seconds (process running for 11.3)
2026-02-26T13:17:07.846+08:00  INFO 69571 --- [igreen-backend] [main] c.i.common.config.DatabaseInitConfig     : 开始初始化数据库表结构...
2026-02-26T13:17:07.846+08:00  INFO 69571 --- [igreen-backend] [main] c.i.common.config.DatabaseInitConfig     : 检查并修复 sla_configs 表结构...
2026-02-26T13:17:07.936+08:00  INFO 69571 --- [igreen-backend] [main] c.i.common.config.DatabaseInitConfig     : sla_configs 表结构修复完成
2026-02-26T13:17:07.936+08:00  INFO 69571 --- [igreen-backend] [main] c.i.common.config.DatabaseInitConfig     : 检查并修复 site_level_configs 表结构...
2026-02-26T13:17:07.975+08:00  INFO 69571 --- [igreen-backend] [main] c.i.common.config.DatabaseInitConfig     : site_level_configs 表结构修复完成
2026-02-26T13:17:07.975+08:00  INFO 69571 --- [igreen-backend] [main] c.i.common.config.DatabaseInitConfig     : 数据库表结构初始化完成
2026-02-26T13:18:04.921+08:00  INFO 69571 --- [igreen-backend] [http-nio-8089-exec-1] o.a.c.c.C.[Tomcat].[localhost].[/]       : Initializing Spring DispatcherServlet 'dispatcherServlet'
2026-02-26T13:19:40.830+08:00  INFO 69571 --- [igreen-backend] [SpringApplicationShutdownHook] j.LocalContainerEntityManagerFactoryBean : Closing JPA EntityManagerFactory for persistence unit 'default'
2026-02-26T13:19:40.836+08:00  INFO 69571 --- [igreen-backend] [SpringApplicationShutdownHook] com.zaxxer.hikari.HikariDataSource       : HikariPool-1 - Shutdown initiated...
2026-02-26T13:19:40.843+08:00  INFO 69571 --- [igreen-backend] [SpringApplicationShutdownHook] com.zaxxer.hikari.HikariDataSource       : HikariPool-1 - Shutdown completed.
2026-02-26T13:19:46.099+08:00  INFO 70668 --- [igreen-backend] [main] com.igreen.IGreenApplication             : Starting IGreenApplication using Java 17.0.15 with PID 70668 (/Users/mac/workspace/iGreenProduct/igreen-backend/target/classes started by mac in /Users/mac/workspace/iGreenProduct/igreen-backend)
2026-02-26T13:19:46.102+08:00  INFO 70668 --- [igreen-backend] [main] com.igreen.IGreenApplication             : The following 1 profile is active: "dev"
2026-02-26T13:19:47.310+08:00  INFO 70668 --- [igreen-backend] [main] .s.d.r.c.RepositoryConfigurationDelegate : Bootstrapping Spring Data JPA repositories in DEFAULT mode.
2026-02-26T13:19:47.344+08:00  INFO 70668 --- [igreen-backend] [main] .s.d.r.c.RepositoryConfigurationDelegate : Finished Spring Data repository scanning in 24 ms. Found 0 JPA repository interfaces.
2026-02-26T13:19:48.196+08:00  INFO 70668 --- [igreen-backend] [main] o.s.b.w.embedded.tomcat.TomcatWebServer  : Tomcat initialized with port 8089 (http)
2026-02-26T13:19:48.207+08:00  INFO 70668 --- [igreen-backend] [main] o.apache.catalina.core.StandardService   : Starting service [Tomcat]
2026-02-26T13:19:48.207+08:00  INFO 70668 --- [igreen-backend] [main] o.apache.catalina.core.StandardEngine    : Starting Servlet engine: [Apache Tomcat/10.1.16]
2026-02-26T13:19:48.264+08:00  INFO 70668 --- [igreen-backend] [main] o.a.c.c.C.[Tomcat].[localhost].[/]       : Initializing Spring embedded WebApplicationContext
2026-02-26T13:19:48.264+08:00  INFO 70668 --- [igreen-backend] [main] w.s.c.ServletWebServerApplicationContext : Root WebApplicationContext: initialization completed in 2105 ms
2026-02-26T13:19:49.225+08:00  INFO 70668 --- [igreen-backend] [main] o.hibernate.jpa.internal.util.LogHelper  : HHH000204: Processing PersistenceUnitInfo [name: default]
2026-02-26T13:19:49.308+08:00  INFO 70668 --- [igreen-backend] [main] org.hibernate.Version                    : HHH000412: Hibernate ORM core version 6.3.1.Final
2026-02-26T13:19:49.349+08:00  INFO 70668 --- [igreen-backend] [main] o.h.c.internal.RegionFactoryInitiator    : HHH000026: Second-level cache disabled
2026-02-26T13:19:49.609+08:00  INFO 70668 --- [igreen-backend] [main] o.s.o.j.p.SpringPersistenceUnitInfo      : No LoadTimeWeaver setup: ignoring JPA class transformer
2026-02-26T13:19:49.636+08:00  INFO 70668 --- [igreen-backend] [main] com.zaxxer.hikari.HikariDataSource       : HikariPool-1 - Starting...
2026-02-26T13:19:50.063+08:00  INFO 70668 --- [igreen-backend] [main] com.zaxxer.hikari.pool.HikariPool        : HikariPool-1 - Added connection com.mysql.cj.jdbc.ConnectionImpl@6af29394
2026-02-26T13:19:50.069+08:00  INFO 70668 --- [igreen-backend] [main] com.zaxxer.hikari.HikariDataSource       : HikariPool-1 - Start completed.
2026-02-26T13:19:50.532+08:00  INFO 70668 --- [igreen-backend] [main] o.h.e.t.j.p.i.JtaPlatformInitiator       : HHH000489: No JTA platform available (set 'hibernate.transaction.jta.platform' to enable JTA platform integration)
2026-02-26T13:19:50.537+08:00  INFO 70668 --- [igreen-backend] [main] j.LocalContainerEntityManagerFactoryBean : Initialized JPA EntityManagerFactory for persistence unit 'default'
2026-02-26T13:19:51.592+08:00  INFO 70668 --- [igreen-backend] [main] o.s.b.a.e.web.EndpointLinksResolver      : Exposing 2 endpoint(s) beneath base path '/actuator'
2026-02-26T13:19:51.687+08:00  INFO 70668 --- [igreen-backend] [main] o.s.s.web.DefaultSecurityFilterChain     : Will secure any request with [org.springframework.security.web.session.DisableEncodeUrlFilter@cfe881a, org.springframework.security.web.context.request.async.WebAsyncManagerIntegrationFilter@75f579d2, com.igreen.common.config.SecurityConfig$1@61bfd7da, org.springframework.security.web.context.SecurityContextHolderFilter@3cb4f1a6, org.springframework.security.web.header.HeaderWriterFilter@5ab0168, org.springframework.web.filter.CorsFilter@6179af64, org.springframework.security.web.authentication.logout.LogoutFilter@2aaed928, com.igreen.common.config.RateLimitFilter@4dac40b, com.igreen.common.utils.JwtAuthenticationFilter@493968a9, org.springframework.security.web.savedrequest.RequestCacheAwareFilter@1adc38a0, org.springframework.security.web.servletapi.SecurityContextHolderAwareRequestFilter@4bacabc4, org.springframework.security.web.authentication.AnonymousAuthenticationFilter@193f5509, org.springframework.security.web.session.SessionManagementFilter@18372705, org.springframework.security.web.access.ExceptionTranslationFilter@189c6683, org.springframework.security.web.access.intercept.AuthorizationFilter@d140627]
2026-02-26T13:19:52.578+08:00  INFO 70668 --- [igreen-backend] [main] o.s.b.w.embedded.tomcat.TomcatWebServer  : Tomcat started on port 8089 (http) with context path ''
2026-02-26T13:19:52.594+08:00  INFO 70668 --- [igreen-backend] [main] com.igreen.IGreenApplication             : Started IGreenApplication in 7.17 seconds (process running for 8.806)
2026-02-26T13:19:52.603+08:00  INFO 70668 --- [igreen-backend] [main] c.i.common.config.DatabaseInitConfig     : 开始初始化数据库表结构...
2026-02-26T13:19:52.603+08:00  INFO 70668 --- [igreen-backend] [main] c.i.common.config.DatabaseInitConfig     : 检查并修复 sla_configs 表结构...
2026-02-26T13:19:52.687+08:00  INFO 70668 --- [igreen-backend] [main] c.i.common.config.DatabaseInitConfig     : sla_configs 表结构修复完成
2026-02-26T13:19:52.687+08:00  INFO 70668 --- [igreen-backend] [main] c.i.common.config.DatabaseInitConfig     : 检查并修复 site_level_configs 表结构...
2026-02-26T13:19:52.724+08:00  INFO 70668 --- [igreen-backend] [main] c.i.common.config.DatabaseInitConfig     : site_level_configs 表结构修复完成
2026-02-26T13:19:52.724+08:00  INFO 70668 --- [igreen-backend] [main] c.i.common.config.DatabaseInitConfig     : 数据库表结构初始化完成
2026-02-26T13:19:53.048+08:00  INFO 70668 --- [igreen-backend] [RMI TCP Connection(1)-127.0.0.1] o.a.c.c.C.[Tomcat].[localhost].[/]       : Initializing Spring DispatcherServlet 'dispatcherServlet'
2026-02-26T13:38:34.647+08:00  INFO 70668 --- [igreen-backend] [SpringApplicationShutdownHook] j.LocalContainerEntityManagerFactoryBean : Closing JPA EntityManagerFactory for persistence unit 'default'
2026-02-26T13:38:34.654+08:00  INFO 70668 --- [igreen-backend] [SpringApplicationShutdownHook] com.zaxxer.hikari.HikariDataSource       : HikariPool-1 - Shutdown initiated...
2026-02-26T13:38:34.656+08:00  INFO 70668 --- [igreen-backend] [SpringApplicationShutdownHook] com.zaxxer.hikari.HikariDataSource       : HikariPool-1 - Shutdown completed.
2026-02-26T13:42:52.953+08:00  INFO 81604 --- [igreen-backend] [main] com.igreen.IGreenApplication             : Starting IGreenApplication using Java 17.0.15 with PID 81604 (/Users/mac/workspace/iGreenProduct/igreen-backend/target/classes started by mac in /Users/mac/workspace/iGreenProduct/igreen-backend)
2026-02-26T13:42:52.957+08:00  INFO 81604 --- [igreen-backend] [main] com.igreen.IGreenApplication             : The following 1 profile is active: "dev"
2026-02-26T13:42:54.596+08:00  INFO 81604 --- [igreen-backend] [main] .s.d.r.c.RepositoryConfigurationDelegate : Bootstrapping Spring Data JPA repositories in DEFAULT mode.
2026-02-26T13:42:54.630+08:00  INFO 81604 --- [igreen-backend] [main] .s.d.r.c.RepositoryConfigurationDelegate : Finished Spring Data repository scanning in 22 ms. Found 0 JPA repository interfaces.
2026-02-26T13:42:55.501+08:00  INFO 81604 --- [igreen-backend] [main] o.s.b.w.embedded.tomcat.TomcatWebServer  : Tomcat initialized with port 8089 (http)
2026-02-26T13:42:55.511+08:00  INFO 81604 --- [igreen-backend] [main] o.apache.catalina.core.StandardService   : Starting service [Tomcat]
2026-02-26T13:42:55.511+08:00  INFO 81604 --- [igreen-backend] [main] o.apache.catalina.core.StandardEngine    : Starting Servlet engine: [Apache Tomcat/10.1.16]
2026-02-26T13:42:55.568+08:00  INFO 81604 --- [igreen-backend] [main] o.a.c.c.C.[Tomcat].[localhost].[/]       : Initializing Spring embedded WebApplicationContext
2026-02-26T13:42:55.568+08:00  INFO 81604 --- [igreen-backend] [main] w.s.c.ServletWebServerApplicationContext : Root WebApplicationContext: initialization completed in 2444 ms
2026-02-26T13:42:56.466+08:00  INFO 81604 --- [igreen-backend] [main] o.hibernate.jpa.internal.util.LogHelper  : HHH000204: Processing PersistenceUnitInfo [name: default]
2026-02-26T13:42:56.559+08:00  INFO 81604 --- [igreen-backend] [main] org.hibernate.Version                    : HHH000412: Hibernate ORM core version 6.3.1.Final
2026-02-26T13:42:56.595+08:00  INFO 81604 --- [igreen-backend] [main] o.h.c.internal.RegionFactoryInitiator    : HHH000026: Second-level cache disabled
2026-02-26T13:42:56.859+08:00  INFO 81604 --- [igreen-backend] [main] o.s.o.j.p.SpringPersistenceUnitInfo      : No LoadTimeWeaver setup: ignoring JPA class transformer
2026-02-26T13:42:56.888+08:00  INFO 81604 --- [igreen-backend] [main] com.zaxxer.hikari.HikariDataSource       : HikariPool-1 - Starting...
2026-02-26T13:42:57.373+08:00  INFO 81604 --- [igreen-backend] [main] com.zaxxer.hikari.pool.HikariPool        : HikariPool-1 - Added connection com.mysql.cj.jdbc.ConnectionImpl@3f2d2f22
2026-02-26T13:42:57.379+08:00  INFO 81604 --- [igreen-backend] [main] com.zaxxer.hikari.HikariDataSource       : HikariPool-1 - Start completed.
2026-02-26T13:42:57.867+08:00  INFO 81604 --- [igreen-backend] [main] o.h.e.t.j.p.i.JtaPlatformInitiator       : HHH000489: No JTA platform available (set 'hibernate.transaction.jta.platform' to enable JTA platform integration)
2026-02-26T13:42:57.875+08:00  INFO 81604 --- [igreen-backend] [main] j.LocalContainerEntityManagerFactoryBean : Initialized JPA EntityManagerFactory for persistence unit 'default'
2026-02-26T13:42:58.978+08:00  INFO 81604 --- [igreen-backend] [main] o.s.b.a.e.web.EndpointLinksResolver      : Exposing 2 endpoint(s) beneath base path '/actuator'
2026-02-26T13:42:59.064+08:00  INFO 81604 --- [igreen-backend] [main] o.s.s.web.DefaultSecurityFilterChain     : Will secure any request with [org.springframework.security.web.session.DisableEncodeUrlFilter@741f8cf, org.springframework.security.web.context.request.async.WebAsyncManagerIntegrationFilter@2926144f, com.igreen.common.config.SecurityConfig$1@1df8ea34, org.springframework.security.web.context.SecurityContextHolderFilter@44a7a331, org.springframework.security.web.header.HeaderWriterFilter@1f13eabb, org.springframework.web.filter.CorsFilter@6b0636d9, org.springframework.security.web.authentication.logout.LogoutFilter@2eef43f5, com.igreen.common.config.RateLimitFilter@210c1b9d, com.igreen.common.utils.JwtAuthenticationFilter@25dad235, org.springframework.security.web.savedrequest.RequestCacheAwareFilter@329b4b8b, org.springframework.security.web.servletapi.SecurityContextHolderAwareRequestFilter@471b7c9c, org.springframework.security.web.authentication.AnonymousAuthenticationFilter@63893cf6, org.springframework.security.web.session.SessionManagementFilter@543b855, org.springframework.security.web.access.ExceptionTranslationFilter@5f9f1886, org.springframework.security.web.access.intercept.AuthorizationFilter@17d606c9]
2026-02-26T13:42:59.948+08:00  INFO 81604 --- [igreen-backend] [main] o.s.b.w.embedded.tomcat.TomcatWebServer  : Tomcat started on port 8089 (http) with context path ''
2026-02-26T13:42:59.966+08:00  INFO 81604 --- [igreen-backend] [main] com.igreen.IGreenApplication             : Started IGreenApplication in 8.342 seconds (process running for 11.275)
2026-02-26T13:42:59.975+08:00  INFO 81604 --- [igreen-backend] [main] c.i.common.config.DatabaseInitConfig     : 开始初始化数据库表结构...
2026-02-26T13:42:59.975+08:00  INFO 81604 --- [igreen-backend] [main] c.i.common.config.DatabaseInitConfig     : 检查并修复 sla_configs 表结构...
2026-02-26T13:43:00.053+08:00  INFO 81604 --- [igreen-backend] [main] c.i.common.config.DatabaseInitConfig     : sla_configs 表结构修复完成
2026-02-26T13:43:00.054+08:00  INFO 81604 --- [igreen-backend] [main] c.i.common.config.DatabaseInitConfig     : 检查并修复 site_level_configs 表结构...
2026-02-26T13:43:00.172+08:00  INFO 81604 --- [igreen-backend] [main] c.i.common.config.DatabaseInitConfig     : site_level_configs 表结构修复完成
2026-02-26T13:43:00.172+08:00  INFO 81604 --- [igreen-backend] [main] c.i.common.config.DatabaseInitConfig     : 数据库表结构初始化完成
2026-02-26T13:43:00.557+08:00  INFO 81604 --- [igreen-backend] [RMI TCP Connection(4)-127.0.0.1] o.a.c.c.C.[Tomcat].[localhost].[/]       : Initializing Spring DispatcherServlet 'dispatcherServlet'
2026-02-26T13:46:59.744+08:00  INFO 81604 --- [igreen-backend] [SpringApplicationShutdownHook] j.LocalContainerEntityManagerFactoryBean : Closing JPA EntityManagerFactory for persistence unit 'default'
2026-02-26T13:46:59.748+08:00  INFO 81604 --- [igreen-backend] [SpringApplicationShutdownHook] com.zaxxer.hikari.HikariDataSource       : HikariPool-1 - Shutdown initiated...
2026-02-26T13:46:59.754+08:00  INFO 81604 --- [igreen-backend] [SpringApplicationShutdownHook] com.zaxxer.hikari.HikariDataSource       : HikariPool-1 - Shutdown completed.
2026-02-26T13:47:05.124+08:00  INFO 84268 --- [igreen-backend] [main] com.igreen.IGreenApplication             : Starting IGreenApplication using Java 17.0.15 with PID 84268 (/Users/mac/workspace/iGreenProduct/igreen-backend/target/classes started by mac in /Users/mac/workspace/iGreenProduct/igreen-backend)
2026-02-26T13:47:05.127+08:00  INFO 84268 --- [igreen-backend] [main] com.igreen.IGreenApplication             : The following 1 profile is active: "dev"
2026-02-26T13:47:06.148+08:00  INFO 84268 --- [igreen-backend] [main] .s.d.r.c.RepositoryConfigurationDelegate : Bootstrapping Spring Data JPA repositories in DEFAULT mode.
2026-02-26T13:47:06.175+08:00  INFO 84268 --- [igreen-backend] [main] .s.d.r.c.RepositoryConfigurationDelegate : Finished Spring Data repository scanning in 19 ms. Found 0 JPA repository interfaces.
2026-02-26T13:47:06.904+08:00  INFO 84268 --- [igreen-backend] [main] o.s.b.w.embedded.tomcat.TomcatWebServer  : Tomcat initialized with port 8089 (http)
2026-02-26T13:47:06.912+08:00  INFO 84268 --- [igreen-backend] [main] o.apache.catalina.core.StandardService   : Starting service [Tomcat]
2026-02-26T13:47:06.912+08:00  INFO 84268 --- [igreen-backend] [main] o.apache.catalina.core.StandardEngine    : Starting Servlet engine: [Apache Tomcat/10.1.16]
2026-02-26T13:47:06.959+08:00  INFO 84268 --- [igreen-backend] [main] o.a.c.c.C.[Tomcat].[localhost].[/]       : Initializing Spring embedded WebApplicationContext
2026-02-26T13:47:06.959+08:00  INFO 84268 --- [igreen-backend] [main] w.s.c.ServletWebServerApplicationContext : Root WebApplicationContext: initialization completed in 1790 ms
2026-02-26T13:47:07.751+08:00  INFO 84268 --- [igreen-backend] [main] o.hibernate.jpa.internal.util.LogHelper  : HHH000204: Processing PersistenceUnitInfo [name: default]
2026-02-26T13:47:07.789+08:00  INFO 84268 --- [igreen-backend] [main] org.hibernate.Version                    : HHH000412: Hibernate ORM core version 6.3.1.Final
2026-02-26T13:47:07.816+08:00  INFO 84268 --- [igreen-backend] [main] o.h.c.internal.RegionFactoryInitiator    : HHH000026: Second-level cache disabled
2026-02-26T13:47:08.003+08:00  INFO 84268 --- [igreen-backend] [main] o.s.o.j.p.SpringPersistenceUnitInfo      : No LoadTimeWeaver setup: ignoring JPA class transformer
2026-02-26T13:47:08.026+08:00  INFO 84268 --- [igreen-backend] [main] com.zaxxer.hikari.HikariDataSource       : HikariPool-1 - Starting...
2026-02-26T13:47:08.507+08:00  INFO 84268 --- [igreen-backend] [main] com.zaxxer.hikari.pool.HikariPool        : HikariPool-1 - Added connection com.mysql.cj.jdbc.ConnectionImpl@1cd2e348
2026-02-26T13:47:08.511+08:00  INFO 84268 --- [igreen-backend] [main] com.zaxxer.hikari.HikariDataSource       : HikariPool-1 - Start completed.
2026-02-26T13:47:08.996+08:00  INFO 84268 --- [igreen-backend] [main] o.h.e.t.j.p.i.JtaPlatformInitiator       : HHH000489: No JTA platform available (set 'hibernate.transaction.jta.platform' to enable JTA platform integration)
2026-02-26T13:47:09.001+08:00  INFO 84268 --- [igreen-backend] [main] j.LocalContainerEntityManagerFactoryBean : Initialized JPA EntityManagerFactory for persistence unit 'default'
2026-02-26T13:47:09.973+08:00  INFO 84268 --- [igreen-backend] [main] o.s.b.a.e.web.EndpointLinksResolver      : Exposing 2 endpoint(s) beneath base path '/actuator'
2026-02-26T13:47:10.056+08:00  INFO 84268 --- [igreen-backend] [main] o.s.s.web.DefaultSecurityFilterChain     : Will secure any request with [org.springframework.security.web.session.DisableEncodeUrlFilter@1ae69abe, org.springframework.security.web.context.request.async.WebAsyncManagerIntegrationFilter@557f0a39, com.igreen.common.config.SecurityConfig$1@50508ed3, org.springframework.security.web.context.SecurityContextHolderFilter@2eef43f5, org.springframework.security.web.header.HeaderWriterFilter@2387e60b, org.springframework.web.filter.CorsFilter@d319d2c, org.springframework.security.web.authentication.logout.LogoutFilter@68823b6b, com.igreen.common.config.RateLimitFilter@8b89b3a, com.igreen.common.utils.JwtAuthenticationFilter@5e46a125, org.springframework.security.web.savedrequest.RequestCacheAwareFilter@3b09582d, org.springframework.security.web.servletapi.SecurityContextHolderAwareRequestFilter@46c28400, org.springframework.security.web.authentication.AnonymousAuthenticationFilter@23acd55e, org.springframework.security.web.session.SessionManagementFilter@7a087132, org.springframework.security.web.access.ExceptionTranslationFilter@471b7c9c, org.springframework.security.web.access.intercept.AuthorizationFilter@77eb76f]
2026-02-26T13:47:10.819+08:00  INFO 84268 --- [igreen-backend] [main] o.s.b.w.embedded.tomcat.TomcatWebServer  : Tomcat started on port 8089 (http) with context path ''
2026-02-26T13:47:10.834+08:00  INFO 84268 --- [igreen-backend] [main] com.igreen.IGreenApplication             : Started IGreenApplication in 6.237 seconds (process running for 7.476)
2026-02-26T13:47:10.840+08:00  INFO 84268 --- [igreen-backend] [main] c.i.common.config.DatabaseInitConfig     : 开始初始化数据库表结构...
2026-02-26T13:47:10.840+08:00  INFO 84268 --- [igreen-backend] [main] c.i.common.config.DatabaseInitConfig     : 检查并修复 sla_configs 表结构...
2026-02-26T13:47:10.928+08:00  INFO 84268 --- [igreen-backend] [main] c.i.common.config.DatabaseInitConfig     : sla_configs 表结构修复完成
2026-02-26T13:47:10.929+08:00  INFO 84268 --- [igreen-backend] [main] c.i.common.config.DatabaseInitConfig     : 检查并修复 site_level_configs 表结构...
2026-02-26T13:47:10.974+08:00  INFO 84268 --- [igreen-backend] [main] c.i.common.config.DatabaseInitConfig     : site_level_configs 表结构修复完成
2026-02-26T13:47:10.976+08:00  INFO 84268 --- [igreen-backend] [main] c.i.common.config.DatabaseInitConfig     : 数据库表结构初始化完成
2026-02-26T13:47:11.206+08:00  INFO 84268 --- [igreen-backend] [RMI TCP Connection(4)-127.0.0.1] o.a.c.c.C.[Tomcat].[localhost].[/]       : Initializing Spring DispatcherServlet 'dispatcherServlet'
2026-02-26T21:30:39.100+08:00  INFO 84268 --- [igreen-backend] [SpringApplicationShutdownHook] j.LocalContainerEntityManagerFactoryBean : Closing JPA EntityManagerFactory for persistence unit 'default'
2026-02-26T21:30:39.163+08:00  INFO 84268 --- [igreen-backend] [SpringApplicationShutdownHook] com.zaxxer.hikari.HikariDataSource       : HikariPool-1 - Shutdown initiated...
2026-02-26T21:30:39.170+08:00  INFO 84268 --- [igreen-backend] [SpringApplicationShutdownHook] com.zaxxer.hikari.HikariDataSource       : HikariPool-1 - Shutdown completed.
