2026-02-28T01:41:46.830+08:00  WARN 87341 --- [igreen-backend] [main] c.b.m.core.injector.methods.Insert       : [com.igreen.domain.mapper.GroupMapper.insert] Has been loaded by XML or SqlProvider or Mybatis's Annotation, so ignoring this injection for [class com.baomidou.mybatisplus.core.injector.methods.Insert]
2026-02-28T01:41:46.854+08:00  WARN 87341 --- [igreen-backend] [main] c.b.m.core.injector.methods.Update       : [com.igreen.domain.mapper.GroupMapper.update] Has been loaded by XML or SqlProvider or Mybatis's Annotation, so ignoring this injection for [class com.baomidou.mybatisplus.core.injector.methods.Update]
2026-02-28T01:41:46.865+08:00  WARN 87341 --- [igreen-backend] [main] c.b.m.core.injector.methods.SelectList   : [com.igreen.domain.mapper.GroupMapper.selectList] Has been loaded by XML or SqlProvider or Mybatis's Annotation, so ignoring this injection for [class com.baomidou.mybatisplus.core.injector.methods.SelectList]
2026-02-28T01:41:46.926+08:00  WARN 87341 --- [igreen-backend] [main] c.b.m.core.injector.methods.DeleteById   : [com.igreen.domain.mapper.GroupMapper.deleteById] Has been loaded by XML or SqlProvider or Mybatis's Annotation, so ignoring this injection for [class com.baomidou.mybatisplus.core.injector.methods.DeleteById]
2026-02-28T01:41:46.931+08:00  WARN 87341 --- [igreen-backend] [main] c.b.m.core.injector.methods.SelectById   : [com.igreen.domain.mapper.GroupMapper.selectById] Has been loaded by XML or SqlProvider or Mybatis's Annotation, so ignoring this injection for [class com.baomidou.mybatisplus.core.injector.methods.SelectById]
2026-02-28T01:41:47.269+08:00  WARN 87341 --- [igreen-backend] [main] c.b.m.core.metadata.TableInfoHelper      : This "id" is the table primary key by default name for `id` in Class: "com.igreen.domain.entity.SiteLevelConfig",So @TableField will not work!
2026-02-28T01:41:47.521+08:00  WARN 87341 --- [igreen-backend] [main] c.b.m.core.metadata.TableInfoHelper      : Can not find table primary key in Class: "com.igreen.domain.entity.TemplateField".
2026-02-28T01:41:47.522+08:00  WARN 87341 --- [igreen-backend] [main] c.b.m.core.injector.DefaultSqlInjector   : class com.igreen.domain.entity.TemplateField ,Not found @TableId annotation, Cannot use Mybatis-Plus 'xxById' Method.
2026-02-28T01:41:47.673+08:00  WARN 87341 --- [igreen-backend] [main] c.b.m.core.metadata.TableInfoHelper      : Can not find table primary key in Class: "com.igreen.domain.entity.TemplateStep".
2026-02-28T01:41:47.674+08:00  WARN 87341 --- [igreen-backend] [main] c.b.m.core.injector.DefaultSqlInjector   : class com.igreen.domain.entity.TemplateStep ,Not found @TableId annotation, Cannot use Mybatis-Plus 'xxById' Method.
2026-02-28T01:41:50.827+08:00  WARN 87341 --- [igreen-backend] [main] org.hibernate.orm.deprecation            : HHH90000025: MySQLDialect does not need to be specified explicitly using 'hibernate.dialect' (remove the property setting and it will be selected by default)
2026-02-28T01:41:53.148+08:00  WARN 87341 --- [igreen-backend] [main] JpaBaseConfiguration$JpaWebConfiguration : spring.jpa.open-in-view is enabled by default. Therefore, database queries may be performed during view rendering. Explicitly configure spring.jpa.open-in-view to disable this warning
2026-02-28T01:41:57.411+08:00  WARN 87341 --- [igreen-backend] [main] ConfigServletWebServerApplicationContext : Exception encountered during context initialization - cancelling refresh attempt: org.springframework.context.ApplicationContextException: Failed to start bean 'webServerStartStop'
2026-02-28T01:42:38.463+08:00  WARN 88631 --- [igreen-backend] [main] c.b.m.core.injector.methods.Insert       : [com.igreen.domain.mapper.GroupMapper.insert] Has been loaded by XML or SqlProvider or Mybatis's Annotation, so ignoring this injection for [class com.baomidou.mybatisplus.core.injector.methods.Insert]
2026-02-28T01:42:38.471+08:00  WARN 88631 --- [igreen-backend] [main] c.b.m.core.injector.methods.Update       : [com.igreen.domain.mapper.GroupMapper.update] Has been loaded by XML or SqlProvider or Mybatis's Annotation, so ignoring this injection for [class com.baomidou.mybatisplus.core.injector.methods.Update]
2026-02-28T01:42:38.483+08:00  WARN 88631 --- [igreen-backend] [main] c.b.m.core.injector.methods.SelectList   : [com.igreen.domain.mapper.GroupMapper.selectList] Has been loaded by XML or SqlProvider or Mybatis's Annotation, so ignoring this injection for [class com.baomidou.mybatisplus.core.injector.methods.SelectList]
2026-02-28T01:42:38.484+08:00  WARN 88631 --- [igreen-backend] [main] c.b.m.core.injector.methods.DeleteById   : [com.igreen.domain.mapper.GroupMapper.deleteById] Has been loaded by XML or SqlProvider or Mybatis's Annotation, so ignoring this injection for [class com.baomidou.mybatisplus.core.injector.methods.DeleteById]
2026-02-28T01:42:38.488+08:00  WARN 88631 --- [igreen-backend] [main] c.b.m.core.injector.methods.SelectById   : [com.igreen.domain.mapper.GroupMapper.selectById] Has been loaded by XML or SqlProvider or Mybatis's Annotation, so ignoring this injection for [class com.baomidou.mybatisplus.core.injector.methods.SelectById]
2026-02-28T01:42:38.795+08:00  WARN 88631 --- [igreen-backend] [main] c.b.m.core.metadata.TableInfoHelper      : This "id" is the table primary key by default name for `id` in Class: "com.igreen.domain.entity.SiteLevelConfig",So @TableField will not work!
2026-02-28T01:42:39.055+08:00  WARN 88631 --- [igreen-backend] [main] c.b.m.core.metadata.TableInfoHelper      : Can not find table primary key in Class: "com.igreen.domain.entity.TemplateField".
2026-02-28T01:42:39.056+08:00  WARN 88631 --- [igreen-backend] [main] c.b.m.core.injector.DefaultSqlInjector   : class com.igreen.domain.entity.TemplateField ,Not found @TableId annotation, Cannot use Mybatis-Plus 'xxById' Method.
2026-02-28T01:42:39.295+08:00  WARN 88631 --- [igreen-backend] [main] c.b.m.core.metadata.TableInfoHelper      : Can not find table primary key in Class: "com.igreen.domain.entity.TemplateStep".
2026-02-28T01:42:39.296+08:00  WARN 88631 --- [igreen-backend] [main] c.b.m.core.injector.DefaultSqlInjector   : class com.igreen.domain.entity.TemplateStep ,Not found @TableId annotation, Cannot use Mybatis-Plus 'xxById' Method.
2026-02-28T01:42:42.725+08:00  WARN 88631 --- [igreen-backend] [main] org.hibernate.orm.deprecation            : HHH90000025: MySQLDialect does not need to be specified explicitly using 'hibernate.dialect' (remove the property setting and it will be selected by default)
2026-02-28T01:42:44.898+08:00  WARN 88631 --- [igreen-backend] [main] JpaBaseConfiguration$JpaWebConfiguration : spring.jpa.open-in-view is enabled by default. Therefore, database queries may be performed during view rendering. Explicitly configure spring.jpa.open-in-view to disable this warning
2026-02-28T01:43:34.117+08:00  WARN 88631 --- [igreen-backend] [http-nio-8089-exec-1] o.s.w.s.h.HandlerMappingIntrospector     : Cache miss for ERROR dispatch to '/api/error' (previous null). Performing MatchableHandlerMapping lookup. This is logged once only at WARN level, and every time at TRACE.
2026-02-28T02:27:19.857+08:00  WARN 88631 --- [igreen-backend] [http-nio-8089-exec-4] com.igreen.common.utils.JwtUtils         : JWT token is expired
2026-02-28T02:27:20.072+08:00  WARN 88631 --- [igreen-backend] [http-nio-8089-exec-5] com.igreen.common.utils.JwtUtils         : JWT token is expired
2026-02-28T02:27:22.127+08:00  WARN 88631 --- [igreen-backend] [http-nio-8089-exec-6] com.igreen.common.utils.JwtUtils         : JWT token is expired
2026-02-28T02:27:22.520+08:00  WARN 88631 --- [igreen-backend] [http-nio-8089-exec-7] com.igreen.common.utils.JwtUtils         : JWT token is expired
2026-02-28T02:27:22.889+08:00  WARN 88631 --- [igreen-backend] [http-nio-8089-exec-8] com.igreen.common.utils.JwtUtils         : JWT token is expired
2026-02-28T02:27:23.165+08:00  WARN 88631 --- [igreen-backend] [http-nio-8089-exec-9] com.igreen.common.utils.JwtUtils         : JWT token is expired
2026-02-28T02:27:24.169+08:00  WARN 88631 --- [igreen-backend] [http-nio-8089-exec-10] com.igreen.common.utils.JwtUtils         : JWT token is expired
2026-02-28T02:27:25.165+08:00  WARN 88631 --- [igreen-backend] [http-nio-8089-exec-1] com.igreen.common.utils.JwtUtils         : JWT token is expired
