2026-02-27T11:36:45.101+08:00  INFO 68798 --- [igreen-backend] [main] com.igreen.IGreenApplication             : Starting IGreenApplication using Java 17.0.15 with PID 68798 (/Users/mac/workspace/iGreenProduct/igreen-backend/target/classes started by mac in /Users/mac/workspace/iGreenProduct/igreen-backend)
2026-02-27T11:36:45.115+08:00  INFO 68798 --- [igreen-backend] [main] com.igreen.IGreenApplication             : The following 1 profile is active: "dev"
2026-02-27T11:36:48.245+08:00  INFO 68798 --- [igreen-backend] [main] .s.d.r.c.RepositoryConfigurationDelegate : Bootstrapping Spring Data JPA repositories in DEFAULT mode.
2026-02-27T11:36:48.293+08:00  INFO 68798 --- [igreen-backend] [main] .s.d.r.c.RepositoryConfigurationDelegate : Finished Spring Data repository scanning in 30 ms. Found 0 JPA repository interfaces.
2026-02-27T11:36:49.938+08:00  INFO 68798 --- [igreen-backend] [main] o.s.b.w.embedded.tomcat.TomcatWebServer  : Tomcat initialized with port 8089 (http)
2026-02-27T11:36:49.956+08:00  INFO 68798 --- [igreen-backend] [main] o.apache.catalina.core.StandardService   : Starting service [Tomcat]
2026-02-27T11:36:49.957+08:00  INFO 68798 --- [igreen-backend] [main] o.apache.catalina.core.StandardEngine    : Starting Servlet engine: [Apache Tomcat/10.1.16]
2026-02-27T11:36:50.064+08:00  INFO 68798 --- [igreen-backend] [main] o.a.c.c.C.[Tomcat].[localhost].[/]       : Initializing Spring embedded WebApplicationContext
2026-02-27T11:36:50.065+08:00  INFO 68798 --- [igreen-backend] [main] w.s.c.ServletWebServerApplicationContext : Root WebApplicationContext: initialization completed in 4699 ms
2026-02-27T11:36:51.933+08:00  INFO 68798 --- [igreen-backend] [main] o.hibernate.jpa.internal.util.LogHelper  : HHH000204: Processing PersistenceUnitInfo [name: default]
2026-02-27T11:36:52.039+08:00  INFO 68798 --- [igreen-backend] [main] org.hibernate.Version                    : HHH000412: Hibernate ORM core version 6.3.1.Final
2026-02-27T11:36:52.109+08:00  INFO 68798 --- [igreen-backend] [main] o.h.c.internal.RegionFactoryInitiator    : HHH000026: Second-level cache disabled
2026-02-27T11:36:52.528+08:00  INFO 68798 --- [igreen-backend] [main] o.s.o.j.p.SpringPersistenceUnitInfo      : No LoadTimeWeaver setup: ignoring JPA class transformer
2026-02-27T11:36:52.576+08:00  INFO 68798 --- [igreen-backend] [main] com.zaxxer.hikari.HikariDataSource       : HikariPool-1 - Starting...
2026-02-27T11:36:53.152+08:00  INFO 68798 --- [igreen-backend] [main] com.zaxxer.hikari.pool.HikariPool        : HikariPool-1 - Added connection com.mysql.cj.jdbc.ConnectionImpl@7ee9920a
2026-02-27T11:36:53.157+08:00  INFO 68798 --- [igreen-backend] [main] com.zaxxer.hikari.HikariDataSource       : HikariPool-1 - Start completed.
2026-02-27T11:36:54.216+08:00  INFO 68798 --- [igreen-backend] [main] o.h.e.t.j.p.i.JtaPlatformInitiator       : HHH000489: No JTA platform available (set 'hibernate.transaction.jta.platform' to enable JTA platform integration)
2026-02-27T11:36:54.230+08:00  INFO 68798 --- [igreen-backend] [main] j.LocalContainerEntityManagerFactoryBean : Initialized JPA EntityManagerFactory for persistence unit 'default'
2026-02-27T11:36:56.131+08:00  INFO 68798 --- [igreen-backend] [main] o.s.b.a.e.web.EndpointLinksResolver      : Exposing 2 endpoint(s) beneath base path '/actuator'
2026-02-27T11:36:56.284+08:00  INFO 68798 --- [igreen-backend] [main] o.s.s.web.DefaultSecurityFilterChain     : Will secure any request with [org.springframework.security.web.session.DisableEncodeUrlFilter@760f4310, org.springframework.security.web.context.request.async.WebAsyncManagerIntegrationFilter@3b9d85c2, com.igreen.common.config.SecurityConfig$1@65e4eba5, org.springframework.security.web.context.SecurityContextHolderFilter@7a8dbbf1, org.springframework.security.web.header.HeaderWriterFilter@39cf7f3c, org.springframework.web.filter.CorsFilter@77eb76f, org.springframework.security.web.authentication.logout.LogoutFilter@20673498, com.igreen.common.config.RateLimitFilter@6cc56b32, com.igreen.common.utils.JwtAuthenticationFilter@194e78af, org.springframework.security.web.savedrequest.RequestCacheAwareFilter@6a2d0a19, org.springframework.security.web.servletapi.SecurityContextHolderAwareRequestFilter@6c65a7fc, org.springframework.security.web.authentication.AnonymousAuthenticationFilter@be56353, org.springframework.security.web.session.SessionManagementFilter@203b98cf, org.springframework.security.web.access.ExceptionTranslationFilter@5a097a83, org.springframework.security.web.access.intercept.AuthorizationFilter@526a1b51]
2026-02-27T11:36:57.698+08:00  INFO 68798 --- [igreen-backend] [main] o.s.b.w.embedded.tomcat.TomcatWebServer  : Tomcat started on port 8089 (http) with context path ''
2026-02-27T11:36:57.725+08:00  INFO 68798 --- [igreen-backend] [main] com.igreen.IGreenApplication             : Started IGreenApplication in 14.471 seconds (process running for 18.907)
2026-02-27T11:36:57.742+08:00  INFO 68798 --- [igreen-backend] [main] c.i.common.config.DatabaseInitConfig     : 开始初始化数据库表结构...
2026-02-27T11:36:57.743+08:00  INFO 68798 --- [igreen-backend] [main] c.i.common.config.DatabaseInitConfig     : 检查并修复 sla_configs 表结构...
2026-02-27T11:36:57.863+08:00  INFO 68798 --- [igreen-backend] [main] c.i.common.config.DatabaseInitConfig     : sla_configs 表结构修复完成
2026-02-27T11:36:57.863+08:00  INFO 68798 --- [igreen-backend] [main] c.i.common.config.DatabaseInitConfig     : 检查并修复 site_level_configs 表结构...
2026-02-27T11:36:57.898+08:00  INFO 68798 --- [igreen-backend] [main] c.i.common.config.DatabaseInitConfig     : site_level_configs 表结构修复完成
2026-02-27T11:36:57.899+08:00  INFO 68798 --- [igreen-backend] [main] c.i.common.config.DatabaseInitConfig     : 数据库表结构初始化完成
2026-02-27T11:36:58.677+08:00  INFO 68798 --- [igreen-backend] [RMI TCP Connection(5)-127.0.0.1] o.a.c.c.C.[Tomcat].[localhost].[/]       : Initializing Spring DispatcherServlet 'dispatcherServlet'
2026-02-27T12:52:51.076+08:00  INFO 16160 --- [igreen-backend] [main] com.igreen.IGreenApplication             : Starting IGreenApplication using Java 17.0.15 with PID 16160 (/Users/mac/workspace/iGreenProduct/igreen-backend/target/classes started by mac in /Users/mac/workspace/iGreenProduct/igreen-backend)
2026-02-27T12:52:51.095+08:00  INFO 16160 --- [igreen-backend] [main] com.igreen.IGreenApplication             : The following 1 profile is active: "dev"
2026-02-27T12:52:54.943+08:00  INFO 16160 --- [igreen-backend] [main] .s.d.r.c.RepositoryConfigurationDelegate : Bootstrapping Spring Data JPA repositories in DEFAULT mode.
2026-02-27T12:52:55.022+08:00  INFO 16160 --- [igreen-backend] [main] .s.d.r.c.RepositoryConfigurationDelegate : Finished Spring Data repository scanning in 52 ms. Found 0 JPA repository interfaces.
2026-02-27T12:52:58.237+08:00  INFO 16160 --- [igreen-backend] [main] o.s.b.w.embedded.tomcat.TomcatWebServer  : Tomcat initialized with port 8089 (http)
2026-02-27T12:52:58.265+08:00  INFO 16160 --- [igreen-backend] [main] o.apache.catalina.core.StandardService   : Starting service [Tomcat]
2026-02-27T12:52:58.266+08:00  INFO 16160 --- [igreen-backend] [main] o.apache.catalina.core.StandardEngine    : Starting Servlet engine: [Apache Tomcat/10.1.16]
2026-02-27T12:52:58.807+08:00  INFO 16160 --- [igreen-backend] [main] o.a.c.c.C.[Tomcat].[localhost].[/]       : Initializing Spring embedded WebApplicationContext
2026-02-27T12:52:58.808+08:00  INFO 16160 --- [igreen-backend] [main] w.s.c.ServletWebServerApplicationContext : Root WebApplicationContext: initialization completed in 7541 ms
2026-02-27T12:53:01.960+08:00  INFO 16160 --- [igreen-backend] [main] o.hibernate.jpa.internal.util.LogHelper  : HHH000204: Processing PersistenceUnitInfo [name: default]
2026-02-27T12:53:02.147+08:00  INFO 16160 --- [igreen-backend] [main] org.hibernate.Version                    : HHH000412: Hibernate ORM core version 6.3.1.Final
2026-02-27T12:53:02.268+08:00  INFO 16160 --- [igreen-backend] [main] o.h.c.internal.RegionFactoryInitiator    : HHH000026: Second-level cache disabled
2026-02-27T12:53:03.000+08:00  INFO 16160 --- [igreen-backend] [main] o.s.o.j.p.SpringPersistenceUnitInfo      : No LoadTimeWeaver setup: ignoring JPA class transformer
2026-02-27T12:53:03.073+08:00  INFO 16160 --- [igreen-backend] [main] com.zaxxer.hikari.HikariDataSource       : HikariPool-1 - Starting...
2026-02-27T12:53:03.823+08:00  INFO 16160 --- [igreen-backend] [main] com.zaxxer.hikari.pool.HikariPool        : HikariPool-1 - Added connection com.mysql.cj.jdbc.ConnectionImpl@c3ca482
2026-02-27T12:53:03.829+08:00  INFO 16160 --- [igreen-backend] [main] com.zaxxer.hikari.HikariDataSource       : HikariPool-1 - Start completed.
2026-02-27T12:53:05.487+08:00  INFO 16160 --- [igreen-backend] [main] o.h.e.t.j.p.i.JtaPlatformInitiator       : HHH000489: No JTA platform available (set 'hibernate.transaction.jta.platform' to enable JTA platform integration)
2026-02-27T12:53:05.508+08:00  INFO 16160 --- [igreen-backend] [main] j.LocalContainerEntityManagerFactoryBean : Initialized JPA EntityManagerFactory for persistence unit 'default'
2026-02-27T12:53:10.269+08:00  INFO 16160 --- [igreen-backend] [main] o.s.b.a.e.web.EndpointLinksResolver      : Exposing 2 endpoint(s) beneath base path '/actuator'
2026-02-27T12:53:10.672+08:00  INFO 16160 --- [igreen-backend] [main] o.s.s.web.DefaultSecurityFilterChain     : Will secure any request with [org.springframework.security.web.session.DisableEncodeUrlFilter@3e60be48, org.springframework.security.web.context.request.async.WebAsyncManagerIntegrationFilter@20a533b, com.igreen.common.config.SecurityConfig$1@5db6083b, org.springframework.security.web.context.SecurityContextHolderFilter@7ab17cf, org.springframework.security.web.header.HeaderWriterFilter@42af2977, org.springframework.web.filter.CorsFilter@3db48e6, org.springframework.security.web.authentication.logout.LogoutFilter@1695f7cb, com.igreen.common.config.RateLimitFilter@22c29aa8, com.igreen.common.utils.JwtAuthenticationFilter@4efed0e0, org.springframework.security.web.savedrequest.RequestCacheAwareFilter@680408ac, org.springframework.security.web.servletapi.SecurityContextHolderAwareRequestFilter@77f1026e, org.springframework.security.web.authentication.AnonymousAuthenticationFilter@38f2342b, org.springframework.security.web.session.SessionManagementFilter@276e5add, org.springframework.security.web.access.ExceptionTranslationFilter@5dd79a57, org.springframework.security.web.access.intercept.AuthorizationFilter@51f412e6]
2026-02-27T12:53:13.355+08:00  INFO 16160 --- [igreen-backend] [main] o.s.b.w.embedded.tomcat.TomcatWebServer  : Tomcat started on port 8089 (http) with context path ''
2026-02-27T12:53:13.387+08:00  INFO 16160 --- [igreen-backend] [main] com.igreen.IGreenApplication             : Started IGreenApplication in 25.829 seconds (process running for 31.01)
2026-02-27T12:53:13.400+08:00  INFO 16160 --- [igreen-backend] [main] c.i.common.config.DatabaseInitConfig     : 开始初始化数据库表结构...
2026-02-27T12:53:13.401+08:00  INFO 16160 --- [igreen-backend] [main] c.i.common.config.DatabaseInitConfig     : 检查并修复 sla_configs 表结构...
2026-02-27T12:53:13.493+08:00  INFO 16160 --- [igreen-backend] [main] c.i.common.config.DatabaseInitConfig     : sla_configs 表结构修复完成
2026-02-27T12:53:13.495+08:00  INFO 16160 --- [igreen-backend] [main] c.i.common.config.DatabaseInitConfig     : 检查并修复 site_level_configs 表结构...
2026-02-27T12:53:13.531+08:00  INFO 16160 --- [igreen-backend] [main] c.i.common.config.DatabaseInitConfig     : site_level_configs 表结构修复完成
2026-02-27T12:53:13.532+08:00  INFO 16160 --- [igreen-backend] [main] c.i.common.config.DatabaseInitConfig     : 数据库表结构初始化完成
2026-02-27T12:56:33.786+08:00  INFO 16160 --- [igreen-backend] [http-nio-8089-exec-1] o.a.c.c.C.[Tomcat].[localhost].[/]       : Initializing Spring DispatcherServlet 'dispatcherServlet'
2026-02-27T13:25:06.050+08:00  INFO 16160 --- [igreen-backend] [SpringApplicationShutdownHook] j.LocalContainerEntityManagerFactoryBean : Closing JPA EntityManagerFactory for persistence unit 'default'
2026-02-27T13:25:06.070+08:00  INFO 16160 --- [igreen-backend] [SpringApplicationShutdownHook] com.zaxxer.hikari.HikariDataSource       : HikariPool-1 - Shutdown initiated...
2026-02-27T13:25:06.074+08:00  INFO 16160 --- [igreen-backend] [SpringApplicationShutdownHook] com.zaxxer.hikari.HikariDataSource       : HikariPool-1 - Shutdown completed.
2026-02-27T13:25:14.726+08:00  INFO 30269 --- [igreen-backend] [main] com.igreen.IGreenApplication             : Starting IGreenApplication using Java 17.0.15 with PID 30269 (/Users/mac/workspace/iGreenProduct/igreen-backend/target/classes started by mac in /Users/mac/workspace/iGreenProduct/igreen-backend)
2026-02-27T13:25:14.729+08:00  INFO 30269 --- [igreen-backend] [main] com.igreen.IGreenApplication             : The following 1 profile is active: "dev"
2026-02-27T13:25:16.422+08:00  INFO 30269 --- [igreen-backend] [main] .s.d.r.c.RepositoryConfigurationDelegate : Bootstrapping Spring Data JPA repositories in DEFAULT mode.
2026-02-27T13:25:16.460+08:00  INFO 30269 --- [igreen-backend] [main] .s.d.r.c.RepositoryConfigurationDelegate : Finished Spring Data repository scanning in 27 ms. Found 0 JPA repository interfaces.
2026-02-27T13:25:17.992+08:00  INFO 30269 --- [igreen-backend] [main] o.s.b.w.embedded.tomcat.TomcatWebServer  : Tomcat initialized with port 8089 (http)
2026-02-27T13:25:18.004+08:00  INFO 30269 --- [igreen-backend] [main] o.apache.catalina.core.StandardService   : Starting service [Tomcat]
2026-02-27T13:25:18.004+08:00  INFO 30269 --- [igreen-backend] [main] o.apache.catalina.core.StandardEngine    : Starting Servlet engine: [Apache Tomcat/10.1.16]
2026-02-27T13:25:18.098+08:00  INFO 30269 --- [igreen-backend] [main] o.a.c.c.C.[Tomcat].[localhost].[/]       : Initializing Spring embedded WebApplicationContext
2026-02-27T13:25:18.099+08:00  INFO 30269 --- [igreen-backend] [main] w.s.c.ServletWebServerApplicationContext : Root WebApplicationContext: initialization completed in 3283 ms
2026-02-27T13:25:20.018+08:00  INFO 30269 --- [igreen-backend] [main] o.hibernate.jpa.internal.util.LogHelper  : HHH000204: Processing PersistenceUnitInfo [name: default]
2026-02-27T13:25:20.155+08:00  INFO 30269 --- [igreen-backend] [main] org.hibernate.Version                    : HHH000412: Hibernate ORM core version 6.3.1.Final
2026-02-27T13:25:20.225+08:00  INFO 30269 --- [igreen-backend] [main] o.h.c.internal.RegionFactoryInitiator    : HHH000026: Second-level cache disabled
2026-02-27T13:25:20.980+08:00  INFO 30269 --- [igreen-backend] [main] o.s.o.j.p.SpringPersistenceUnitInfo      : No LoadTimeWeaver setup: ignoring JPA class transformer
2026-02-27T13:25:21.019+08:00  INFO 30269 --- [igreen-backend] [main] com.zaxxer.hikari.HikariDataSource       : HikariPool-1 - Starting...
2026-02-27T13:25:21.570+08:00  INFO 30269 --- [igreen-backend] [main] com.zaxxer.hikari.pool.HikariPool        : HikariPool-1 - Added connection com.mysql.cj.jdbc.ConnectionImpl@5ec06e97
2026-02-27T13:25:21.574+08:00  INFO 30269 --- [igreen-backend] [main] com.zaxxer.hikari.HikariDataSource       : HikariPool-1 - Start completed.
2026-02-27T13:25:22.198+08:00  INFO 30269 --- [igreen-backend] [main] o.h.e.t.j.p.i.JtaPlatformInitiator       : HHH000489: No JTA platform available (set 'hibernate.transaction.jta.platform' to enable JTA platform integration)
2026-02-27T13:25:22.207+08:00  INFO 30269 --- [igreen-backend] [main] j.LocalContainerEntityManagerFactoryBean : Initialized JPA EntityManagerFactory for persistence unit 'default'
2026-02-27T13:25:23.822+08:00  INFO 30269 --- [igreen-backend] [main] o.s.b.a.e.web.EndpointLinksResolver      : Exposing 2 endpoint(s) beneath base path '/actuator'
2026-02-27T13:25:24.021+08:00  INFO 30269 --- [igreen-backend] [main] o.s.s.web.DefaultSecurityFilterChain     : Will secure any request with [org.springframework.security.web.session.DisableEncodeUrlFilter@72f71ea2, org.springframework.security.web.context.request.async.WebAsyncManagerIntegrationFilter@5a097a83, com.igreen.common.config.SecurityConfig$1@10d8769e, org.springframework.security.web.context.SecurityContextHolderFilter@2456716b, org.springframework.security.web.header.HeaderWriterFilter@3cb4f1a6, org.springframework.web.filter.CorsFilter@699fe19f, org.springframework.security.web.authentication.logout.LogoutFilter@d140627, com.igreen.common.config.RateLimitFilter@5e6522a6, com.igreen.common.utils.JwtAuthenticationFilter@6a38e3d1, org.springframework.security.web.savedrequest.RequestCacheAwareFilter@6114902c, org.springframework.security.web.servletapi.SecurityContextHolderAwareRequestFilter@354ed5c4, org.springframework.security.web.authentication.AnonymousAuthenticationFilter@2357f000, org.springframework.security.web.session.SessionManagementFilter@258f97f8, org.springframework.security.web.access.ExceptionTranslationFilter@4c32aa7e, org.springframework.security.web.access.intercept.AuthorizationFilter@7b5e1b16]
2026-02-27T13:25:25.631+08:00  INFO 30269 --- [igreen-backend] [main] o.s.b.w.embedded.tomcat.TomcatWebServer  : Tomcat started on port 8089 (http) with context path ''
2026-02-27T13:25:25.648+08:00  INFO 30269 --- [igreen-backend] [main] com.igreen.IGreenApplication             : Started IGreenApplication in 11.86 seconds (process running for 13.652)
2026-02-27T13:25:25.660+08:00  INFO 30269 --- [igreen-backend] [main] c.i.common.config.DatabaseInitConfig     : 开始初始化数据库表结构...
2026-02-27T13:25:25.661+08:00  INFO 30269 --- [igreen-backend] [main] c.i.common.config.DatabaseInitConfig     : 检查并修复 sla_configs 表结构...
2026-02-27T13:25:25.744+08:00  INFO 30269 --- [igreen-backend] [main] c.i.common.config.DatabaseInitConfig     : sla_configs 表结构修复完成
2026-02-27T13:25:25.744+08:00  INFO 30269 --- [igreen-backend] [main] c.i.common.config.DatabaseInitConfig     : 检查并修复 site_level_configs 表结构...
2026-02-27T13:25:25.780+08:00  INFO 30269 --- [igreen-backend] [main] c.i.common.config.DatabaseInitConfig     : site_level_configs 表结构修复完成
2026-02-27T13:25:25.780+08:00  INFO 30269 --- [igreen-backend] [main] c.i.common.config.DatabaseInitConfig     : 数据库表结构初始化完成
2026-02-27T13:25:26.467+08:00  INFO 30269 --- [igreen-backend] [RMI TCP Connection(8)-127.0.0.1] o.a.c.c.C.[Tomcat].[localhost].[/]       : Initializing Spring DispatcherServlet 'dispatcherServlet'
2026-02-27T13:30:48.964+08:00  INFO 30269 --- [igreen-backend] [SpringApplicationShutdownHook] j.LocalContainerEntityManagerFactoryBean : Closing JPA EntityManagerFactory for persistence unit 'default'
2026-02-27T13:30:48.971+08:00  INFO 30269 --- [igreen-backend] [SpringApplicationShutdownHook] com.zaxxer.hikari.HikariDataSource       : HikariPool-1 - Shutdown initiated...
2026-02-27T13:30:48.979+08:00  INFO 30269 --- [igreen-backend] [SpringApplicationShutdownHook] com.zaxxer.hikari.HikariDataSource       : HikariPool-1 - Shutdown completed.
2026-02-27T13:34:17.405+08:00  INFO 35500 --- [igreen-backend] [main] com.igreen.IGreenApplication             : Starting IGreenApplication using Java 17.0.15 with PID 35500 (/Users/mac/workspace/iGreenProduct/igreen-backend/target/classes started by mac in /Users/mac/workspace/iGreenProduct/igreen-backend)
2026-02-27T13:34:17.411+08:00  INFO 35500 --- [igreen-backend] [main] com.igreen.IGreenApplication             : The following 1 profile is active: "dev"
2026-02-27T13:34:19.488+08:00  INFO 35500 --- [igreen-backend] [main] .s.d.r.c.RepositoryConfigurationDelegate : Bootstrapping Spring Data JPA repositories in DEFAULT mode.
2026-02-27T13:34:19.528+08:00  INFO 35500 --- [igreen-backend] [main] .s.d.r.c.RepositoryConfigurationDelegate : Finished Spring Data repository scanning in 26 ms. Found 0 JPA repository interfaces.
2026-02-27T13:34:20.931+08:00  INFO 35500 --- [igreen-backend] [main] o.s.b.w.embedded.tomcat.TomcatWebServer  : Tomcat initialized with port 8089 (http)
2026-02-27T13:34:20.947+08:00  INFO 35500 --- [igreen-backend] [main] o.apache.catalina.core.StandardService   : Starting service [Tomcat]
2026-02-27T13:34:20.948+08:00  INFO 35500 --- [igreen-backend] [main] o.apache.catalina.core.StandardEngine    : Starting Servlet engine: [Apache Tomcat/10.1.16]
2026-02-27T13:34:21.028+08:00  INFO 35500 --- [igreen-backend] [main] o.a.c.c.C.[Tomcat].[localhost].[/]       : Initializing Spring embedded WebApplicationContext
2026-02-27T13:34:21.029+08:00  INFO 35500 --- [igreen-backend] [main] w.s.c.ServletWebServerApplicationContext : Root WebApplicationContext: initialization completed in 3545 ms
2026-02-27T13:34:22.669+08:00  INFO 35500 --- [igreen-backend] [main] o.hibernate.jpa.internal.util.LogHelper  : HHH000204: Processing PersistenceUnitInfo [name: default]
2026-02-27T13:34:22.767+08:00  INFO 35500 --- [igreen-backend] [main] org.hibernate.Version                    : HHH000412: Hibernate ORM core version 6.3.1.Final
2026-02-27T13:34:22.818+08:00  INFO 35500 --- [igreen-backend] [main] o.h.c.internal.RegionFactoryInitiator    : HHH000026: Second-level cache disabled
2026-02-27T13:34:23.217+08:00  INFO 35500 --- [igreen-backend] [main] o.s.o.j.p.SpringPersistenceUnitInfo      : No LoadTimeWeaver setup: ignoring JPA class transformer
2026-02-27T13:34:23.271+08:00  INFO 35500 --- [igreen-backend] [main] com.zaxxer.hikari.HikariDataSource       : HikariPool-1 - Starting...
2026-02-27T13:34:23.796+08:00  INFO 35500 --- [igreen-backend] [main] com.zaxxer.hikari.pool.HikariPool        : HikariPool-1 - Added connection com.mysql.cj.jdbc.ConnectionImpl@4bc9389
2026-02-27T13:34:23.801+08:00  INFO 35500 --- [igreen-backend] [main] com.zaxxer.hikari.HikariDataSource       : HikariPool-1 - Start completed.
2026-02-27T13:34:24.465+08:00  INFO 35500 --- [igreen-backend] [main] o.h.e.t.j.p.i.JtaPlatformInitiator       : HHH000489: No JTA platform available (set 'hibernate.transaction.jta.platform' to enable JTA platform integration)
2026-02-27T13:34:24.473+08:00  INFO 35500 --- [igreen-backend] [main] j.LocalContainerEntityManagerFactoryBean : Initialized JPA EntityManagerFactory for persistence unit 'default'
2026-02-27T13:34:26.144+08:00  INFO 35500 --- [igreen-backend] [main] o.s.b.a.e.web.EndpointLinksResolver      : Exposing 2 endpoint(s) beneath base path '/actuator'
2026-02-27T13:34:26.270+08:00  INFO 35500 --- [igreen-backend] [main] o.s.s.web.DefaultSecurityFilterChain     : Will secure any request with [org.springframework.security.web.session.DisableEncodeUrlFilter@6dccdc50, org.springframework.security.web.context.request.async.WebAsyncManagerIntegrationFilter@59456e1, com.igreen.common.config.SecurityConfig$1@7a8dbbf1, org.springframework.security.web.context.SecurityContextHolderFilter@7320bccc, org.springframework.security.web.header.HeaderWriterFilter@3123ac1a, org.springframework.web.filter.CorsFilter@71ad1d0b, org.springframework.security.web.authentication.logout.LogoutFilter@699fe19f, com.igreen.common.config.RateLimitFilter@c4551c6, com.igreen.common.utils.JwtAuthenticationFilter@22f80e36, org.springframework.security.web.savedrequest.RequestCacheAwareFilter@65d3e2ba, org.springframework.security.web.servletapi.SecurityContextHolderAwareRequestFilter@4c140b12, org.springframework.security.web.authentication.AnonymousAuthenticationFilter@7a087132, org.springframework.security.web.session.SessionManagementFilter@5295a774, org.springframework.security.web.access.ExceptionTranslationFilter@71eb4ea4, org.springframework.security.web.access.intercept.AuthorizationFilter@525aadf2]
2026-02-27T13:34:27.604+08:00  INFO 35500 --- [igreen-backend] [main] o.s.b.w.embedded.tomcat.TomcatWebServer  : Tomcat started on port 8089 (http) with context path ''
2026-02-27T13:34:27.628+08:00  INFO 35500 --- [igreen-backend] [main] com.igreen.IGreenApplication             : Started IGreenApplication in 11.296 seconds (process running for 13.146)
2026-02-27T13:34:27.642+08:00  INFO 35500 --- [igreen-backend] [main] c.i.common.config.DatabaseInitConfig     : 开始初始化数据库表结构...
2026-02-27T13:34:27.643+08:00  INFO 35500 --- [igreen-backend] [main] c.i.common.config.DatabaseInitConfig     : 检查并修复 sla_configs 表结构...
2026-02-27T13:34:27.728+08:00  INFO 35500 --- [igreen-backend] [main] c.i.common.config.DatabaseInitConfig     : sla_configs 表结构修复完成
2026-02-27T13:34:27.729+08:00  INFO 35500 --- [igreen-backend] [main] c.i.common.config.DatabaseInitConfig     : 检查并修复 site_level_configs 表结构...
2026-02-27T13:34:27.764+08:00  INFO 35500 --- [igreen-backend] [main] c.i.common.config.DatabaseInitConfig     : site_level_configs 表结构修复完成
2026-02-27T13:34:27.765+08:00  INFO 35500 --- [igreen-backend] [main] c.i.common.config.DatabaseInitConfig     : 数据库表结构初始化完成
2026-02-27T13:37:26.267+08:00  INFO 37433 --- [igreen-backend] [main] com.igreen.IGreenApplication             : Starting IGreenApplication using Java 17.0.17 with PID 37433 (/Users/mac/workspace/iGreenProduct/igreen-backend/target/classes started by mac in /Users/mac/workspace/iGreenProduct/igreen-backend)
2026-02-27T13:37:26.272+08:00  INFO 37433 --- [igreen-backend] [main] com.igreen.IGreenApplication             : The following 1 profile is active: "dev"
2026-02-27T13:37:28.158+08:00  INFO 37433 --- [igreen-backend] [main] .s.d.r.c.RepositoryConfigurationDelegate : Bootstrapping Spring Data JPA repositories in DEFAULT mode.
2026-02-27T13:37:28.200+08:00  INFO 37433 --- [igreen-backend] [main] .s.d.r.c.RepositoryConfigurationDelegate : Finished Spring Data repository scanning in 31 ms. Found 0 JPA repository interfaces.
2026-02-27T13:37:29.678+08:00  INFO 37433 --- [igreen-backend] [main] o.s.b.w.embedded.tomcat.TomcatWebServer  : Tomcat initialized with port 8089 (http)
2026-02-27T13:37:29.694+08:00  INFO 37433 --- [igreen-backend] [main] o.apache.catalina.core.StandardService   : Starting service [Tomcat]
2026-02-27T13:37:29.694+08:00  INFO 37433 --- [igreen-backend] [main] o.apache.catalina.core.StandardEngine    : Starting Servlet engine: [Apache Tomcat/10.1.16]
2026-02-27T13:37:29.812+08:00  INFO 37433 --- [igreen-backend] [main] o.a.c.c.C.[Tomcat].[localhost].[/]       : Initializing Spring embedded WebApplicationContext
2026-02-27T13:37:29.813+08:00  INFO 37433 --- [igreen-backend] [main] w.s.c.ServletWebServerApplicationContext : Root WebApplicationContext: initialization completed in 3456 ms
2026-02-27T13:37:31.274+08:00  INFO 37433 --- [igreen-backend] [main] o.hibernate.jpa.internal.util.LogHelper  : HHH000204: Processing PersistenceUnitInfo [name: default]
2026-02-27T13:37:31.393+08:00  INFO 37433 --- [igreen-backend] [main] org.hibernate.Version                    : HHH000412: Hibernate ORM core version 6.3.1.Final
2026-02-27T13:37:31.444+08:00  INFO 37433 --- [igreen-backend] [main] o.h.c.internal.RegionFactoryInitiator    : HHH000026: Second-level cache disabled
2026-02-27T13:37:31.780+08:00  INFO 37433 --- [igreen-backend] [main] o.s.o.j.p.SpringPersistenceUnitInfo      : No LoadTimeWeaver setup: ignoring JPA class transformer
2026-02-27T13:37:31.817+08:00  INFO 37433 --- [igreen-backend] [main] com.zaxxer.hikari.HikariDataSource       : HikariPool-1 - Starting...
2026-02-27T13:37:32.355+08:00  INFO 37433 --- [igreen-backend] [main] com.zaxxer.hikari.pool.HikariPool        : HikariPool-1 - Added connection com.mysql.cj.jdbc.ConnectionImpl@5513a46b
2026-02-27T13:37:32.361+08:00  INFO 37433 --- [igreen-backend] [main] com.zaxxer.hikari.HikariDataSource       : HikariPool-1 - Start completed.
2026-02-27T13:37:33.034+08:00  INFO 37433 --- [igreen-backend] [main] o.h.e.t.j.p.i.JtaPlatformInitiator       : HHH000489: No JTA platform available (set 'hibernate.transaction.jta.platform' to enable JTA platform integration)
2026-02-27T13:37:33.048+08:00  INFO 37433 --- [igreen-backend] [main] j.LocalContainerEntityManagerFactoryBean : Initialized JPA EntityManagerFactory for persistence unit 'default'
2026-02-27T13:37:35.034+08:00  INFO 37433 --- [igreen-backend] [main] o.s.b.a.e.web.EndpointLinksResolver      : Exposing 2 endpoint(s) beneath base path '/actuator'
2026-02-27T13:37:35.244+08:00  INFO 37433 --- [igreen-backend] [main] o.s.s.web.DefaultSecurityFilterChain     : Will secure any request with [org.springframework.security.web.session.DisableEncodeUrlFilter@3aebdb4, org.springframework.security.web.context.request.async.WebAsyncManagerIntegrationFilter@4fd70118, com.igreen.common.config.SecurityConfig$1@1db7c267, org.springframework.security.web.context.SecurityContextHolderFilter@5924ea91, org.springframework.security.web.header.HeaderWriterFilter@4512f5f1, org.springframework.web.filter.CorsFilter@516370c1, org.springframework.security.web.authentication.logout.LogoutFilter@3e242137, com.igreen.common.config.RateLimitFilter@485451d8, com.igreen.common.utils.JwtAuthenticationFilter@3a9c11fb, org.springframework.security.web.savedrequest.RequestCacheAwareFilter@39e91bda, org.springframework.security.web.servletapi.SecurityContextHolderAwareRequestFilter@500beb9f, org.springframework.security.web.authentication.AnonymousAuthenticationFilter@27563444, org.springframework.security.web.session.SessionManagementFilter@307ba188, org.springframework.security.web.access.ExceptionTranslationFilter@294c36b9, org.springframework.security.web.access.intercept.AuthorizationFilter@2898c70d]
2026-02-27T13:37:36.615+08:00  INFO 37433 --- [igreen-backend] [main] j.LocalContainerEntityManagerFactoryBean : Closing JPA EntityManagerFactory for persistence unit 'default'
2026-02-27T13:37:36.623+08:00  INFO 37433 --- [igreen-backend] [main] com.zaxxer.hikari.HikariDataSource       : HikariPool-1 - Shutdown initiated...
2026-02-27T13:37:36.634+08:00  INFO 37433 --- [igreen-backend] [main] com.zaxxer.hikari.HikariDataSource       : HikariPool-1 - Shutdown completed.
2026-02-27T13:37:57.110+08:00  INFO 37742 --- [igreen-backend] [main] com.igreen.IGreenApplication             : Starting IGreenApplication using Java 17.0.17 with PID 37742 (/Users/mac/workspace/iGreenProduct/igreen-backend/target/classes started by mac in /Users/mac/workspace/iGreenProduct/igreen-backend)
2026-02-27T13:37:57.116+08:00  INFO 37742 --- [igreen-backend] [main] com.igreen.IGreenApplication             : The following 1 profile is active: "dev"
2026-02-27T13:37:59.526+08:00  INFO 37742 --- [igreen-backend] [main] .s.d.r.c.RepositoryConfigurationDelegate : Bootstrapping Spring Data JPA repositories in DEFAULT mode.
2026-02-27T13:37:59.588+08:00  INFO 37742 --- [igreen-backend] [main] .s.d.r.c.RepositoryConfigurationDelegate : Finished Spring Data repository scanning in 45 ms. Found 0 JPA repository interfaces.
2026-02-27T13:38:02.017+08:00  INFO 37742 --- [igreen-backend] [main] o.s.b.w.embedded.tomcat.TomcatWebServer  : Tomcat initialized with port 8089 (http)
2026-02-27T13:38:02.033+08:00  INFO 37742 --- [igreen-backend] [main] o.apache.catalina.core.StandardService   : Starting service [Tomcat]
2026-02-27T13:38:02.034+08:00  INFO 37742 --- [igreen-backend] [main] o.apache.catalina.core.StandardEngine    : Starting Servlet engine: [Apache Tomcat/10.1.16]
2026-02-27T13:38:02.149+08:00  INFO 37742 --- [igreen-backend] [main] o.a.c.c.C.[Tomcat].[localhost].[/]       : Initializing Spring embedded WebApplicationContext
2026-02-27T13:38:02.150+08:00  INFO 37742 --- [igreen-backend] [main] w.s.c.ServletWebServerApplicationContext : Root WebApplicationContext: initialization completed in 4943 ms
2026-02-27T13:38:04.373+08:00  INFO 37742 --- [igreen-backend] [main] o.hibernate.jpa.internal.util.LogHelper  : HHH000204: Processing PersistenceUnitInfo [name: default]
2026-02-27T13:38:04.452+08:00  INFO 37742 --- [igreen-backend] [main] org.hibernate.Version                    : HHH000412: Hibernate ORM core version 6.3.1.Final
2026-02-27T13:38:04.500+08:00  INFO 37742 --- [igreen-backend] [main] o.h.c.internal.RegionFactoryInitiator    : HHH000026: Second-level cache disabled
2026-02-27T13:38:04.838+08:00  INFO 37742 --- [igreen-backend] [main] o.s.o.j.p.SpringPersistenceUnitInfo      : No LoadTimeWeaver setup: ignoring JPA class transformer
2026-02-27T13:38:04.894+08:00  INFO 37742 --- [igreen-backend] [main] com.zaxxer.hikari.HikariDataSource       : HikariPool-1 - Starting...
2026-02-27T13:38:05.790+08:00  INFO 37742 --- [igreen-backend] [main] com.zaxxer.hikari.pool.HikariPool        : HikariPool-1 - Added connection com.mysql.cj.jdbc.ConnectionImpl@5d84b088
2026-02-27T13:38:05.794+08:00  INFO 37742 --- [igreen-backend] [main] com.zaxxer.hikari.HikariDataSource       : HikariPool-1 - Start completed.
2026-02-27T13:38:06.512+08:00  INFO 37742 --- [igreen-backend] [main] o.h.e.t.j.p.i.JtaPlatformInitiator       : HHH000489: No JTA platform available (set 'hibernate.transaction.jta.platform' to enable JTA platform integration)
2026-02-27T13:38:06.520+08:00  INFO 37742 --- [igreen-backend] [main] j.LocalContainerEntityManagerFactoryBean : Initialized JPA EntityManagerFactory for persistence unit 'default'
2026-02-27T13:38:09.057+08:00  INFO 37742 --- [igreen-backend] [main] o.s.b.a.e.web.EndpointLinksResolver      : Exposing 2 endpoint(s) beneath base path '/actuator'
2026-02-27T13:38:09.309+08:00  INFO 37742 --- [igreen-backend] [main] o.s.s.web.DefaultSecurityFilterChain     : Will secure any request with [org.springframework.security.web.session.DisableEncodeUrlFilter@2898c70d, org.springframework.security.web.context.request.async.WebAsyncManagerIntegrationFilter@ec67be1, com.igreen.common.config.SecurityConfig$1@64a00fe0, org.springframework.security.web.context.SecurityContextHolderFilter@34f3c920, org.springframework.security.web.header.HeaderWriterFilter@69fa5536, org.springframework.web.filter.CorsFilter@347f0950, org.springframework.security.web.authentication.logout.LogoutFilter@c680819, com.igreen.common.config.RateLimitFilter@382d549a, com.igreen.common.utils.JwtAuthenticationFilter@2e0516a3, org.springframework.security.web.savedrequest.RequestCacheAwareFilter@5924ea91, org.springframework.security.web.servletapi.SecurityContextHolderAwareRequestFilter@2a5d9ede, org.springframework.security.web.authentication.AnonymousAuthenticationFilter@5ab1107d, org.springframework.security.web.session.SessionManagementFilter@adbc3bc, org.springframework.security.web.access.ExceptionTranslationFilter@30b0d5a7, org.springframework.security.web.access.intercept.AuthorizationFilter@46059b73]
2026-02-27T13:38:11.154+08:00  INFO 37742 --- [igreen-backend] [main] o.s.b.w.embedded.tomcat.TomcatWebServer  : Tomcat started on port 8089 (http) with context path ''
2026-02-27T13:38:11.178+08:00  INFO 37742 --- [igreen-backend] [main] com.igreen.IGreenApplication             : Started IGreenApplication in 15.222 seconds (process running for 15.979)
2026-02-27T13:38:11.305+08:00  INFO 37742 --- [igreen-backend] [main] c.i.common.config.DatabaseInitConfig     : 开始初始化数据库表结构...
2026-02-27T13:38:11.305+08:00  INFO 37742 --- [igreen-backend] [main] c.i.common.config.DatabaseInitConfig     : 检查并修复 sla_configs 表结构...
2026-02-27T13:38:11.395+08:00  INFO 37742 --- [igreen-backend] [main] c.i.common.config.DatabaseInitConfig     : sla_configs 表结构修复完成
2026-02-27T13:38:11.395+08:00  INFO 37742 --- [igreen-backend] [main] c.i.common.config.DatabaseInitConfig     : 检查并修复 site_level_configs 表结构...
2026-02-27T13:38:11.432+08:00  INFO 37742 --- [igreen-backend] [main] c.i.common.config.DatabaseInitConfig     : site_level_configs 表结构修复完成
2026-02-27T13:38:11.433+08:00  INFO 37742 --- [igreen-backend] [main] c.i.common.config.DatabaseInitConfig     : 数据库表结构初始化完成
2026-02-27T13:38:17.384+08:00  INFO 37742 --- [igreen-backend] [http-nio-8089-exec-1] o.a.c.c.C.[Tomcat].[localhost].[/]       : Initializing Spring DispatcherServlet 'dispatcherServlet'
2026-02-27T13:39:06.662+08:00  INFO 37742 --- [igreen-backend] [SpringApplicationShutdownHook] j.LocalContainerEntityManagerFactoryBean : Closing JPA EntityManagerFactory for persistence unit 'default'
2026-02-27T13:39:06.673+08:00  INFO 37742 --- [igreen-backend] [SpringApplicationShutdownHook] com.zaxxer.hikari.HikariDataSource       : HikariPool-1 - Shutdown initiated...
2026-02-27T13:39:06.683+08:00  INFO 37742 --- [igreen-backend] [SpringApplicationShutdownHook] com.zaxxer.hikari.HikariDataSource       : HikariPool-1 - Shutdown completed.
2026-02-27T13:39:13.775+08:00  INFO 38790 --- [igreen-backend] [main] com.igreen.IGreenApplication             : Starting IGreenApplication using Java 17.0.17 with PID 38790 (/Users/mac/workspace/iGreenProduct/igreen-backend/target/classes started by mac in /Users/mac/workspace/iGreenProduct/igreen-backend)
2026-02-27T13:39:13.781+08:00  INFO 38790 --- [igreen-backend] [main] com.igreen.IGreenApplication             : The following 1 profile is active: "dev"
2026-02-27T13:39:16.534+08:00  INFO 38790 --- [igreen-backend] [main] .s.d.r.c.RepositoryConfigurationDelegate : Bootstrapping Spring Data JPA repositories in DEFAULT mode.
2026-02-27T13:39:16.629+08:00  INFO 38790 --- [igreen-backend] [main] .s.d.r.c.RepositoryConfigurationDelegate : Finished Spring Data repository scanning in 73 ms. Found 0 JPA repository interfaces.
2026-02-27T13:39:18.780+08:00  INFO 38790 --- [igreen-backend] [main] o.s.b.w.embedded.tomcat.TomcatWebServer  : Tomcat initialized with port 8089 (http)
2026-02-27T13:39:18.801+08:00  INFO 38790 --- [igreen-backend] [main] o.apache.catalina.core.StandardService   : Starting service [Tomcat]
2026-02-27T13:39:18.801+08:00  INFO 38790 --- [igreen-backend] [main] o.apache.catalina.core.StandardEngine    : Starting Servlet engine: [Apache Tomcat/10.1.16]
2026-02-27T13:39:18.898+08:00  INFO 38790 --- [igreen-backend] [main] o.a.c.c.C.[Tomcat].[localhost].[/]       : Initializing Spring embedded WebApplicationContext
2026-02-27T13:39:18.899+08:00  INFO 38790 --- [igreen-backend] [main] w.s.c.ServletWebServerApplicationContext : Root WebApplicationContext: initialization completed in 5024 ms
2026-02-27T13:39:20.618+08:00  INFO 38790 --- [igreen-backend] [main] o.hibernate.jpa.internal.util.LogHelper  : HHH000204: Processing PersistenceUnitInfo [name: default]
2026-02-27T13:39:20.719+08:00  INFO 38790 --- [igreen-backend] [main] org.hibernate.Version                    : HHH000412: Hibernate ORM core version 6.3.1.Final
2026-02-27T13:39:20.796+08:00  INFO 38790 --- [igreen-backend] [main] o.h.c.internal.RegionFactoryInitiator    : HHH000026: Second-level cache disabled
2026-02-27T13:39:21.287+08:00  INFO 38790 --- [igreen-backend] [main] o.s.o.j.p.SpringPersistenceUnitInfo      : No LoadTimeWeaver setup: ignoring JPA class transformer
2026-02-27T13:39:21.347+08:00  INFO 38790 --- [igreen-backend] [main] com.zaxxer.hikari.HikariDataSource       : HikariPool-1 - Starting...
2026-02-27T13:39:21.901+08:00  INFO 38790 --- [igreen-backend] [main] com.zaxxer.hikari.pool.HikariPool        : HikariPool-1 - Added connection com.mysql.cj.jdbc.ConnectionImpl@29d563bd
2026-02-27T13:39:21.906+08:00  INFO 38790 --- [igreen-backend] [main] com.zaxxer.hikari.HikariDataSource       : HikariPool-1 - Start completed.
2026-02-27T13:39:22.678+08:00  INFO 38790 --- [igreen-backend] [main] o.h.e.t.j.p.i.JtaPlatformInitiator       : HHH000489: No JTA platform available (set 'hibernate.transaction.jta.platform' to enable JTA platform integration)
2026-02-27T13:39:22.689+08:00  INFO 38790 --- [igreen-backend] [main] j.LocalContainerEntityManagerFactoryBean : Initialized JPA EntityManagerFactory for persistence unit 'default'
2026-02-27T13:39:24.799+08:00  INFO 38790 --- [igreen-backend] [main] o.s.b.a.e.web.EndpointLinksResolver      : Exposing 2 endpoint(s) beneath base path '/actuator'
2026-02-27T13:39:24.976+08:00  INFO 38790 --- [igreen-backend] [main] o.s.s.web.DefaultSecurityFilterChain     : Will secure any request with [org.springframework.security.web.session.DisableEncodeUrlFilter@e98004e, org.springframework.security.web.context.request.async.WebAsyncManagerIntegrationFilter@368e7d3a, com.igreen.common.config.SecurityConfig$1@381f05a9, org.springframework.security.web.context.SecurityContextHolderFilter@712dd0b0, org.springframework.security.web.header.HeaderWriterFilter@5603632c, org.springframework.web.filter.CorsFilter@375682a5, org.springframework.security.web.authentication.logout.LogoutFilter@5bd191c2, com.igreen.common.config.RateLimitFilter@7f305f34, com.igreen.common.utils.JwtAuthenticationFilter@57fce8b, org.springframework.security.web.savedrequest.RequestCacheAwareFilter@2e2a2b07, org.springframework.security.web.servletapi.SecurityContextHolderAwareRequestFilter@726d0482, org.springframework.security.web.authentication.AnonymousAuthenticationFilter@79827e71, org.springframework.security.web.session.SessionManagementFilter@709c6768, org.springframework.security.web.access.ExceptionTranslationFilter@4205d1c9, org.springframework.security.web.access.intercept.AuthorizationFilter@516370c1]
2026-02-27T13:39:26.215+08:00  INFO 38790 --- [igreen-backend] [main] o.s.b.w.embedded.tomcat.TomcatWebServer  : Tomcat started on port 8089 (http) with context path ''
2026-02-27T13:39:26.245+08:00  INFO 38790 --- [igreen-backend] [main] com.igreen.IGreenApplication             : Started IGreenApplication in 13.71 seconds (process running for 14.33)
2026-02-27T13:39:26.313+08:00  INFO 38790 --- [igreen-backend] [main] c.i.common.config.DatabaseInitConfig     : 开始初始化数据库表结构...
2026-02-27T13:39:26.313+08:00  INFO 38790 --- [igreen-backend] [main] c.i.common.config.DatabaseInitConfig     : 检查并修复 sla_configs 表结构...
2026-02-27T13:39:26.414+08:00  INFO 38790 --- [igreen-backend] [main] c.i.common.config.DatabaseInitConfig     : sla_configs 表结构修复完成
2026-02-27T13:39:26.414+08:00  INFO 38790 --- [igreen-backend] [main] c.i.common.config.DatabaseInitConfig     : 检查并修复 site_level_configs 表结构...
2026-02-27T13:39:26.450+08:00  INFO 38790 --- [igreen-backend] [main] c.i.common.config.DatabaseInitConfig     : site_level_configs 表结构修复完成
2026-02-27T13:39:26.451+08:00  INFO 38790 --- [igreen-backend] [main] c.i.common.config.DatabaseInitConfig     : 数据库表结构初始化完成
2026-02-27T13:39:47.403+08:00  INFO 38790 --- [igreen-backend] [http-nio-8089-exec-1] o.a.c.c.C.[Tomcat].[localhost].[/]       : Initializing Spring DispatcherServlet 'dispatcherServlet'
2026-02-27T13:40:45.929+08:00  INFO 38790 --- [igreen-backend] [SpringApplicationShutdownHook] j.LocalContainerEntityManagerFactoryBean : Closing JPA EntityManagerFactory for persistence unit 'default'
2026-02-27T13:40:45.940+08:00  INFO 38790 --- [igreen-backend] [SpringApplicationShutdownHook] com.zaxxer.hikari.HikariDataSource       : HikariPool-1 - Shutdown initiated...
2026-02-27T13:40:45.950+08:00  INFO 38790 --- [igreen-backend] [SpringApplicationShutdownHook] com.zaxxer.hikari.HikariDataSource       : HikariPool-1 - Shutdown completed.
2026-02-27T13:40:47.775+08:00  INFO 39846 --- [igreen-backend] [main] com.igreen.IGreenApplication             : Starting IGreenApplication using Java 17.0.17 with PID 39846 (/Users/mac/workspace/iGreenProduct/igreen-backend/target/classes started by mac in /Users/mac/workspace/iGreenProduct/igreen-backend)
2026-02-27T13:40:47.778+08:00  INFO 39846 --- [igreen-backend] [main] com.igreen.IGreenApplication             : The following 1 profile is active: "dev"
2026-02-27T13:40:49.472+08:00  INFO 39846 --- [igreen-backend] [main] .s.d.r.c.RepositoryConfigurationDelegate : Bootstrapping Spring Data JPA repositories in DEFAULT mode.
2026-02-27T13:40:49.561+08:00  INFO 39846 --- [igreen-backend] [main] .s.d.r.c.RepositoryConfigurationDelegate : Finished Spring Data repository scanning in 74 ms. Found 0 JPA repository interfaces.
2026-02-27T13:40:50.966+08:00  INFO 39846 --- [igreen-backend] [main] o.s.b.w.embedded.tomcat.TomcatWebServer  : Tomcat initialized with port 8089 (http)
2026-02-27T13:40:51.014+08:00  INFO 39846 --- [igreen-backend] [main] o.apache.catalina.core.StandardService   : Starting service [Tomcat]
2026-02-27T13:40:51.019+08:00  INFO 39846 --- [igreen-backend] [main] o.apache.catalina.core.StandardEngine    : Starting Servlet engine: [Apache Tomcat/10.1.16]
2026-02-27T13:40:51.199+08:00  INFO 39846 --- [igreen-backend] [main] o.a.c.c.C.[Tomcat].[localhost].[/]       : Initializing Spring embedded WebApplicationContext
2026-02-27T13:40:51.200+08:00  INFO 39846 --- [igreen-backend] [main] w.s.c.ServletWebServerApplicationContext : Root WebApplicationContext: initialization completed in 3365 ms
2026-02-27T13:40:54.504+08:00  INFO 39846 --- [igreen-backend] [main] o.hibernate.jpa.internal.util.LogHelper  : HHH000204: Processing PersistenceUnitInfo [name: default]
2026-02-27T13:40:54.633+08:00  INFO 39846 --- [igreen-backend] [main] org.hibernate.Version                    : HHH000412: Hibernate ORM core version 6.3.1.Final
2026-02-27T13:40:54.717+08:00  INFO 39846 --- [igreen-backend] [main] o.h.c.internal.RegionFactoryInitiator    : HHH000026: Second-level cache disabled
2026-02-27T13:40:55.207+08:00  INFO 39846 --- [igreen-backend] [main] o.s.o.j.p.SpringPersistenceUnitInfo      : No LoadTimeWeaver setup: ignoring JPA class transformer
2026-02-27T13:40:55.255+08:00  INFO 39846 --- [igreen-backend] [main] com.zaxxer.hikari.HikariDataSource       : HikariPool-1 - Starting...
2026-02-27T13:40:55.827+08:00  INFO 39846 --- [igreen-backend] [main] com.zaxxer.hikari.pool.HikariPool        : HikariPool-1 - Added connection com.mysql.cj.jdbc.ConnectionImpl@2648aa1b
2026-02-27T13:40:55.830+08:00  INFO 39846 --- [igreen-backend] [main] com.zaxxer.hikari.HikariDataSource       : HikariPool-1 - Start completed.
2026-02-27T13:40:56.728+08:00  INFO 39846 --- [igreen-backend] [main] o.h.e.t.j.p.i.JtaPlatformInitiator       : HHH000489: No JTA platform available (set 'hibernate.transaction.jta.platform' to enable JTA platform integration)
2026-02-27T13:40:56.742+08:00  INFO 39846 --- [igreen-backend] [main] j.LocalContainerEntityManagerFactoryBean : Initialized JPA EntityManagerFactory for persistence unit 'default'
2026-02-27T13:40:58.907+08:00  INFO 39846 --- [igreen-backend] [main] o.s.b.a.e.web.EndpointLinksResolver      : Exposing 2 endpoint(s) beneath base path '/actuator'
2026-02-27T13:40:59.522+08:00  INFO 39846 --- [igreen-backend] [main] o.s.s.web.DefaultSecurityFilterChain     : Will secure any request with [org.springframework.security.web.session.DisableEncodeUrlFilter@5ab1107d, org.springframework.security.web.context.request.async.WebAsyncManagerIntegrationFilter@671561b9, com.igreen.common.config.SecurityConfig$1@3aebdb4, org.springframework.security.web.context.SecurityContextHolderFilter@3437fc4f, org.springframework.security.web.header.HeaderWriterFilter@779cda39, org.springframework.web.filter.CorsFilter@4fd70118, org.springframework.security.web.authentication.logout.LogoutFilter@167ccc3c, com.igreen.common.config.RateLimitFilter@3e39e0fb, com.igreen.common.utils.JwtAuthenticationFilter@20184ade, org.springframework.security.web.savedrequest.RequestCacheAwareFilter@403b7be3, org.springframework.security.web.servletapi.SecurityContextHolderAwareRequestFilter@712dd0b0, org.springframework.security.web.authentication.AnonymousAuthenticationFilter@1db7c267, org.springframework.security.web.session.SessionManagementFilter@22cca101, org.springframework.security.web.access.ExceptionTranslationFilter@6779959d, org.springframework.security.web.access.intercept.AuthorizationFilter@41c56930]
2026-02-27T13:41:01.715+08:00  INFO 39846 --- [igreen-backend] [main] o.s.b.w.embedded.tomcat.TomcatWebServer  : Tomcat started on port 8089 (http) with context path ''
2026-02-27T13:41:01.760+08:00  INFO 39846 --- [igreen-backend] [main] com.igreen.IGreenApplication             : Started IGreenApplication in 14.798 seconds (process running for 15.315)
2026-02-27T13:41:01.860+08:00  INFO 39846 --- [igreen-backend] [main] c.i.common.config.DatabaseInitConfig     : 开始初始化数据库表结构...
2026-02-27T13:41:01.861+08:00  INFO 39846 --- [igreen-backend] [main] c.i.common.config.DatabaseInitConfig     : 检查并修复 sla_configs 表结构...
2026-02-27T13:41:01.945+08:00  INFO 39846 --- [igreen-backend] [main] c.i.common.config.DatabaseInitConfig     : sla_configs 表结构修复完成
2026-02-27T13:41:01.947+08:00  INFO 39846 --- [igreen-backend] [main] c.i.common.config.DatabaseInitConfig     : 检查并修复 site_level_configs 表结构...
2026-02-27T13:41:01.984+08:00  INFO 39846 --- [igreen-backend] [main] c.i.common.config.DatabaseInitConfig     : site_level_configs 表结构修复完成
2026-02-27T13:41:01.985+08:00  INFO 39846 --- [igreen-backend] [main] c.i.common.config.DatabaseInitConfig     : 数据库表结构初始化完成
2026-02-27T13:41:11.521+08:00  INFO 39846 --- [igreen-backend] [http-nio-8089-exec-1] o.a.c.c.C.[Tomcat].[localhost].[/]       : Initializing Spring DispatcherServlet 'dispatcherServlet'
2026-02-27T13:42:10.985+08:00  INFO 39846 --- [igreen-backend] [SpringApplicationShutdownHook] j.LocalContainerEntityManagerFactoryBean : Closing JPA EntityManagerFactory for persistence unit 'default'
2026-02-27T13:42:10.996+08:00  INFO 39846 --- [igreen-backend] [SpringApplicationShutdownHook] com.zaxxer.hikari.HikariDataSource       : HikariPool-1 - Shutdown initiated...
2026-02-27T13:42:11.007+08:00  INFO 39846 --- [igreen-backend] [SpringApplicationShutdownHook] com.zaxxer.hikari.HikariDataSource       : HikariPool-1 - Shutdown completed.
2026-02-27T13:42:16.284+08:00  INFO 40646 --- [igreen-backend] [main] com.igreen.IGreenApplication             : Starting IGreenApplication using Java 17.0.17 with PID 40646 (/Users/mac/workspace/iGreenProduct/igreen-backend/target/classes started by mac in /Users/mac/workspace/iGreenProduct/igreen-backend)
2026-02-27T13:42:16.291+08:00  INFO 40646 --- [igreen-backend] [main] com.igreen.IGreenApplication             : The following 1 profile is active: "dev"
2026-02-27T13:42:18.888+08:00  INFO 40646 --- [igreen-backend] [main] .s.d.r.c.RepositoryConfigurationDelegate : Bootstrapping Spring Data JPA repositories in DEFAULT mode.
2026-02-27T13:42:18.961+08:00  INFO 40646 --- [igreen-backend] [main] .s.d.r.c.RepositoryConfigurationDelegate : Finished Spring Data repository scanning in 53 ms. Found 0 JPA repository interfaces.
2026-02-27T13:42:20.685+08:00  INFO 40646 --- [igreen-backend] [main] o.s.b.w.embedded.tomcat.TomcatWebServer  : Tomcat initialized with port 8089 (http)
2026-02-27T13:42:20.701+08:00  INFO 40646 --- [igreen-backend] [main] o.apache.catalina.core.StandardService   : Starting service [Tomcat]
2026-02-27T13:42:20.702+08:00  INFO 40646 --- [igreen-backend] [main] o.apache.catalina.core.StandardEngine    : Starting Servlet engine: [Apache Tomcat/10.1.16]
2026-02-27T13:42:20.819+08:00  INFO 40646 --- [igreen-backend] [main] o.a.c.c.C.[Tomcat].[localhost].[/]       : Initializing Spring embedded WebApplicationContext
2026-02-27T13:42:20.819+08:00  INFO 40646 --- [igreen-backend] [main] w.s.c.ServletWebServerApplicationContext : Root WebApplicationContext: initialization completed in 4437 ms
2026-02-27T13:42:22.470+08:00  INFO 40646 --- [igreen-backend] [main] o.hibernate.jpa.internal.util.LogHelper  : HHH000204: Processing PersistenceUnitInfo [name: default]
2026-02-27T13:42:22.591+08:00  INFO 40646 --- [igreen-backend] [main] org.hibernate.Version                    : HHH000412: Hibernate ORM core version 6.3.1.Final
2026-02-27T13:42:22.677+08:00  INFO 40646 --- [igreen-backend] [main] o.h.c.internal.RegionFactoryInitiator    : HHH000026: Second-level cache disabled
2026-02-27T13:42:23.062+08:00  INFO 40646 --- [igreen-backend] [main] o.s.o.j.p.SpringPersistenceUnitInfo      : No LoadTimeWeaver setup: ignoring JPA class transformer
2026-02-27T13:42:23.110+08:00  INFO 40646 --- [igreen-backend] [main] com.zaxxer.hikari.HikariDataSource       : HikariPool-1 - Starting...
2026-02-27T13:42:23.676+08:00  INFO 40646 --- [igreen-backend] [main] com.zaxxer.hikari.pool.HikariPool        : HikariPool-1 - Added connection com.mysql.cj.jdbc.ConnectionImpl@bf18412
2026-02-27T13:42:23.680+08:00  INFO 40646 --- [igreen-backend] [main] com.zaxxer.hikari.HikariDataSource       : HikariPool-1 - Start completed.
2026-02-27T13:42:24.380+08:00  INFO 40646 --- [igreen-backend] [main] o.h.e.t.j.p.i.JtaPlatformInitiator       : HHH000489: No JTA platform available (set 'hibernate.transaction.jta.platform' to enable JTA platform integration)
2026-02-27T13:42:24.389+08:00  INFO 40646 --- [igreen-backend] [main] j.LocalContainerEntityManagerFactoryBean : Initialized JPA EntityManagerFactory for persistence unit 'default'
2026-02-27T13:42:26.502+08:00  INFO 40646 --- [igreen-backend] [main] o.s.b.a.e.web.EndpointLinksResolver      : Exposing 2 endpoint(s) beneath base path '/actuator'
2026-02-27T13:42:26.711+08:00  INFO 40646 --- [igreen-backend] [main] o.s.s.web.DefaultSecurityFilterChain     : Will secure any request with [org.springframework.security.web.session.DisableEncodeUrlFilter@5dcec8e9, org.springframework.security.web.context.request.async.WebAsyncManagerIntegrationFilter@4bc49d70, com.igreen.common.config.SecurityConfig$1@73543048, org.springframework.security.web.context.SecurityContextHolderFilter@7cddc50f, org.springframework.security.web.header.HeaderWriterFilter@78d49939, org.springframework.web.filter.CorsFilter@1851f19f, org.springframework.security.web.authentication.logout.LogoutFilter@3956e933, com.igreen.common.config.RateLimitFilter@a1e912f, com.igreen.common.utils.JwtAuthenticationFilter@340b4f07, org.springframework.security.web.savedrequest.RequestCacheAwareFilter@167ccc3c, org.springframework.security.web.servletapi.SecurityContextHolderAwareRequestFilter@273e622f, org.springframework.security.web.authentication.AnonymousAuthenticationFilter@33f3ebfc, org.springframework.security.web.session.SessionManagementFilter@5a8149f6, org.springframework.security.web.access.ExceptionTranslationFilter@3e356ed6, org.springframework.security.web.access.intercept.AuthorizationFilter@674c01ce]
2026-02-27T13:42:28.965+08:00  INFO 40646 --- [igreen-backend] [main] o.s.b.w.embedded.tomcat.TomcatWebServer  : Tomcat started on port 8089 (http) with context path ''
2026-02-27T13:42:28.996+08:00  INFO 40646 --- [igreen-backend] [main] com.igreen.IGreenApplication             : Started IGreenApplication in 14.12 seconds (process running for 14.722)
2026-02-27T13:42:29.074+08:00  INFO 40646 --- [igreen-backend] [main] c.i.common.config.DatabaseInitConfig     : 开始初始化数据库表结构...
2026-02-27T13:42:29.075+08:00  INFO 40646 --- [igreen-backend] [main] c.i.common.config.DatabaseInitConfig     : 检查并修复 sla_configs 表结构...
2026-02-27T13:42:29.159+08:00  INFO 40646 --- [igreen-backend] [main] c.i.common.config.DatabaseInitConfig     : sla_configs 表结构修复完成
2026-02-27T13:42:29.159+08:00  INFO 40646 --- [igreen-backend] [main] c.i.common.config.DatabaseInitConfig     : 检查并修复 site_level_configs 表结构...
2026-02-27T13:42:29.195+08:00  INFO 40646 --- [igreen-backend] [main] c.i.common.config.DatabaseInitConfig     : site_level_configs 表结构修复完成
2026-02-27T13:42:29.196+08:00  INFO 40646 --- [igreen-backend] [main] c.i.common.config.DatabaseInitConfig     : 数据库表结构初始化完成
2026-02-27T13:42:40.333+08:00  INFO 40646 --- [igreen-backend] [http-nio-8089-exec-1] o.a.c.c.C.[Tomcat].[localhost].[/]       : Initializing Spring DispatcherServlet 'dispatcherServlet'
2026-02-27T13:46:18.675+08:00  INFO 40646 --- [igreen-backend] [SpringApplicationShutdownHook] j.LocalContainerEntityManagerFactoryBean : Closing JPA EntityManagerFactory for persistence unit 'default'
2026-02-27T13:46:18.687+08:00  INFO 40646 --- [igreen-backend] [SpringApplicationShutdownHook] com.zaxxer.hikari.HikariDataSource       : HikariPool-1 - Shutdown initiated...
2026-02-27T13:46:18.695+08:00  INFO 40646 --- [igreen-backend] [SpringApplicationShutdownHook] com.zaxxer.hikari.HikariDataSource       : HikariPool-1 - Shutdown completed.
2026-02-27T13:46:21.923+08:00  INFO 43219 --- [igreen-backend] [main] com.igreen.IGreenApplication             : Starting IGreenApplication using Java 17.0.17 with PID 43219 (/Users/mac/workspace/iGreenProduct/igreen-backend/target/classes started by mac in /Users/mac/workspace/iGreenProduct/igreen-backend)
2026-02-27T13:46:21.927+08:00  INFO 43219 --- [igreen-backend] [main] com.igreen.IGreenApplication             : The following 1 profile is active: "dev"
2026-02-27T13:46:23.865+08:00  INFO 43219 --- [igreen-backend] [main] .s.d.r.c.RepositoryConfigurationDelegate : Bootstrapping Spring Data JPA repositories in DEFAULT mode.
2026-02-27T13:46:23.939+08:00  INFO 43219 --- [igreen-backend] [main] .s.d.r.c.RepositoryConfigurationDelegate : Finished Spring Data repository scanning in 59 ms. Found 0 JPA repository interfaces.
2026-02-27T13:46:25.391+08:00  INFO 43219 --- [igreen-backend] [main] o.s.b.w.embedded.tomcat.TomcatWebServer  : Tomcat initialized with port 8089 (http)
2026-02-27T13:46:25.404+08:00  INFO 43219 --- [igreen-backend] [main] o.apache.catalina.core.StandardService   : Starting service [Tomcat]
2026-02-27T13:46:25.404+08:00  INFO 43219 --- [igreen-backend] [main] o.apache.catalina.core.StandardEngine    : Starting Servlet engine: [Apache Tomcat/10.1.16]
2026-02-27T13:46:25.486+08:00  INFO 43219 --- [igreen-backend] [main] o.a.c.c.C.[Tomcat].[localhost].[/]       : Initializing Spring embedded WebApplicationContext
2026-02-27T13:46:25.487+08:00  INFO 43219 --- [igreen-backend] [main] w.s.c.ServletWebServerApplicationContext : Root WebApplicationContext: initialization completed in 3503 ms
2026-02-27T13:46:26.697+08:00  INFO 43219 --- [igreen-backend] [main] o.hibernate.jpa.internal.util.LogHelper  : HHH000204: Processing PersistenceUnitInfo [name: default]
2026-02-27T13:46:26.776+08:00  INFO 43219 --- [igreen-backend] [main] org.hibernate.Version                    : HHH000412: Hibernate ORM core version 6.3.1.Final
2026-02-27T13:46:26.821+08:00  INFO 43219 --- [igreen-backend] [main] o.h.c.internal.RegionFactoryInitiator    : HHH000026: Second-level cache disabled
2026-02-27T13:46:27.106+08:00  INFO 43219 --- [igreen-backend] [main] o.s.o.j.p.SpringPersistenceUnitInfo      : No LoadTimeWeaver setup: ignoring JPA class transformer
2026-02-27T13:46:27.142+08:00  INFO 43219 --- [igreen-backend] [main] com.zaxxer.hikari.HikariDataSource       : HikariPool-1 - Starting...
2026-02-27T13:46:27.594+08:00  INFO 43219 --- [igreen-backend] [main] com.zaxxer.hikari.pool.HikariPool        : HikariPool-1 - Added connection com.mysql.cj.jdbc.ConnectionImpl@2c2edbe7
2026-02-27T13:46:27.596+08:00  INFO 43219 --- [igreen-backend] [main] com.zaxxer.hikari.HikariDataSource       : HikariPool-1 - Start completed.
2026-02-27T13:46:28.087+08:00  INFO 43219 --- [igreen-backend] [main] o.h.e.t.j.p.i.JtaPlatformInitiator       : HHH000489: No JTA platform available (set 'hibernate.transaction.jta.platform' to enable JTA platform integration)
2026-02-27T13:46:28.092+08:00  INFO 43219 --- [igreen-backend] [main] j.LocalContainerEntityManagerFactoryBean : Initialized JPA EntityManagerFactory for persistence unit 'default'
2026-02-27T13:46:29.278+08:00  INFO 43219 --- [igreen-backend] [main] o.s.b.a.e.web.EndpointLinksResolver      : Exposing 2 endpoint(s) beneath base path '/actuator'
2026-02-27T13:46:29.394+08:00  INFO 43219 --- [igreen-backend] [main] o.s.s.web.DefaultSecurityFilterChain     : Will secure any request with [org.springframework.security.web.session.DisableEncodeUrlFilter@3c20abd6, org.springframework.security.web.context.request.async.WebAsyncManagerIntegrationFilter@7cd2d3b6, com.igreen.common.config.SecurityConfig$1@7f922523, org.springframework.security.web.context.SecurityContextHolderFilter@21f27bb5, org.springframework.security.web.header.HeaderWriterFilter@adbc3bc, org.springframework.web.filter.CorsFilter@1509bd56, org.springframework.security.web.authentication.logout.LogoutFilter@19565b5, com.igreen.common.config.RateLimitFilter@1edf71d9, com.igreen.common.utils.JwtAuthenticationFilter@6b0325d0, org.springframework.security.web.savedrequest.RequestCacheAwareFilter@726d0482, org.springframework.security.web.servletapi.SecurityContextHolderAwareRequestFilter@569026df, org.springframework.security.web.authentication.AnonymousAuthenticationFilter@2c4eda3a, org.springframework.security.web.session.SessionManagementFilter@2c3f81ef, org.springframework.security.web.access.ExceptionTranslationFilter@5f662dd, org.springframework.security.web.access.intercept.AuthorizationFilter@2fb40e49]
2026-02-27T13:46:30.476+08:00  INFO 43219 --- [igreen-backend] [main] o.s.b.w.embedded.tomcat.TomcatWebServer  : Tomcat started on port 8089 (http) with context path ''
2026-02-27T13:46:30.497+08:00  INFO 43219 --- [igreen-backend] [main] com.igreen.IGreenApplication             : Started IGreenApplication in 9.343 seconds (process running for 9.922)
2026-02-27T13:46:30.543+08:00  INFO 43219 --- [igreen-backend] [http-nio-8089-exec-1] o.a.c.c.C.[Tomcat].[localhost].[/]       : Initializing Spring DispatcherServlet 'dispatcherServlet'
2026-02-27T13:46:30.544+08:00  INFO 43219 --- [igreen-backend] [main] c.i.common.config.DatabaseInitConfig     : 开始初始化数据库表结构...
2026-02-27T13:46:30.544+08:00  INFO 43219 --- [igreen-backend] [main] c.i.common.config.DatabaseInitConfig     : 检查并修复 sla_configs 表结构...
2026-02-27T13:46:30.622+08:00  INFO 43219 --- [igreen-backend] [main] c.i.common.config.DatabaseInitConfig     : sla_configs 表结构修复完成
2026-02-27T13:46:30.623+08:00  INFO 43219 --- [igreen-backend] [main] c.i.common.config.DatabaseInitConfig     : 检查并修复 site_level_configs 表结构...
2026-02-27T13:46:30.658+08:00  INFO 43219 --- [igreen-backend] [main] c.i.common.config.DatabaseInitConfig     : site_level_configs 表结构修复完成
2026-02-27T13:46:30.659+08:00  INFO 43219 --- [igreen-backend] [main] c.i.common.config.DatabaseInitConfig     : 数据库表结构初始化完成
2026-02-27T13:47:45.590+08:00  INFO 43219 --- [igreen-backend] [SpringApplicationShutdownHook] j.LocalContainerEntityManagerFactoryBean : Closing JPA EntityManagerFactory for persistence unit 'default'
2026-02-27T13:47:45.598+08:00  INFO 43219 --- [igreen-backend] [SpringApplicationShutdownHook] com.zaxxer.hikari.HikariDataSource       : HikariPool-1 - Shutdown initiated...
2026-02-27T13:47:45.606+08:00  INFO 43219 --- [igreen-backend] [SpringApplicationShutdownHook] com.zaxxer.hikari.HikariDataSource       : HikariPool-1 - Shutdown completed.
2026-02-27T13:47:46.039+08:00  INFO 44446 --- [igreen-backend] [main] com.igreen.IGreenApplication             : Starting IGreenApplication using Java 17.0.17 with PID 44446 (/Users/mac/workspace/iGreenProduct/igreen-backend/target/classes started by mac in /Users/mac/workspace/iGreenProduct/igreen-backend)
2026-02-27T13:47:46.042+08:00  INFO 44446 --- [igreen-backend] [main] com.igreen.IGreenApplication             : The following 1 profile is active: "dev"
2026-02-27T13:47:47.353+08:00  INFO 44446 --- [igreen-backend] [main] .s.d.r.c.RepositoryConfigurationDelegate : Bootstrapping Spring Data JPA repositories in DEFAULT mode.
2026-02-27T13:47:47.389+08:00  INFO 44446 --- [igreen-backend] [main] .s.d.r.c.RepositoryConfigurationDelegate : Finished Spring Data repository scanning in 26 ms. Found 0 JPA repository interfaces.
2026-02-27T13:47:48.443+08:00  INFO 44446 --- [igreen-backend] [main] o.s.b.w.embedded.tomcat.TomcatWebServer  : Tomcat initialized with port 8089 (http)
2026-02-27T13:47:48.454+08:00  INFO 44446 --- [igreen-backend] [main] o.apache.catalina.core.StandardService   : Starting service [Tomcat]
2026-02-27T13:47:48.455+08:00  INFO 44446 --- [igreen-backend] [main] o.apache.catalina.core.StandardEngine    : Starting Servlet engine: [Apache Tomcat/10.1.16]
2026-02-27T13:47:48.531+08:00  INFO 44446 --- [igreen-backend] [main] o.a.c.c.C.[Tomcat].[localhost].[/]       : Initializing Spring embedded WebApplicationContext
2026-02-27T13:47:48.532+08:00  INFO 44446 --- [igreen-backend] [main] w.s.c.ServletWebServerApplicationContext : Root WebApplicationContext: initialization completed in 2438 ms
2026-02-27T13:47:49.660+08:00  INFO 44446 --- [igreen-backend] [main] o.hibernate.jpa.internal.util.LogHelper  : HHH000204: Processing PersistenceUnitInfo [name: default]
2026-02-27T13:47:49.729+08:00  INFO 44446 --- [igreen-backend] [main] org.hibernate.Version                    : HHH000412: Hibernate ORM core version 6.3.1.Final
2026-02-27T13:47:49.774+08:00  INFO 44446 --- [igreen-backend] [main] o.h.c.internal.RegionFactoryInitiator    : HHH000026: Second-level cache disabled
2026-02-27T13:47:50.042+08:00  INFO 44446 --- [igreen-backend] [main] o.s.o.j.p.SpringPersistenceUnitInfo      : No LoadTimeWeaver setup: ignoring JPA class transformer
2026-02-27T13:47:50.076+08:00  INFO 44446 --- [igreen-backend] [main] com.zaxxer.hikari.HikariDataSource       : HikariPool-1 - Starting...
2026-02-27T13:47:50.579+08:00  INFO 44446 --- [igreen-backend] [main] com.zaxxer.hikari.pool.HikariPool        : HikariPool-1 - Added connection com.mysql.cj.jdbc.ConnectionImpl@6ad7a305
2026-02-27T13:47:50.581+08:00  INFO 44446 --- [igreen-backend] [main] com.zaxxer.hikari.HikariDataSource       : HikariPool-1 - Start completed.
2026-02-27T13:47:51.079+08:00  INFO 44446 --- [igreen-backend] [main] o.h.e.t.j.p.i.JtaPlatformInitiator       : HHH000489: No JTA platform available (set 'hibernate.transaction.jta.platform' to enable JTA platform integration)
2026-02-27T13:47:51.085+08:00  INFO 44446 --- [igreen-backend] [main] j.LocalContainerEntityManagerFactoryBean : Initialized JPA EntityManagerFactory for persistence unit 'default'
2026-02-27T13:47:52.364+08:00  INFO 44446 --- [igreen-backend] [main] o.s.b.a.e.web.EndpointLinksResolver      : Exposing 2 endpoint(s) beneath base path '/actuator'
2026-02-27T13:47:52.482+08:00  INFO 44446 --- [igreen-backend] [main] o.s.s.web.DefaultSecurityFilterChain     : Will secure any request with [org.springframework.security.web.session.DisableEncodeUrlFilter@2fb40e49, org.springframework.security.web.context.request.async.WebAsyncManagerIntegrationFilter@e98004e, com.igreen.common.config.SecurityConfig$1@368e7d3a, org.springframework.security.web.context.SecurityContextHolderFilter@374013e8, org.springframework.security.web.header.HeaderWriterFilter@5a1a5521, org.springframework.web.filter.CorsFilter@381f05a9, org.springframework.security.web.authentication.logout.LogoutFilter@2bef33e7, com.igreen.common.config.RateLimitFilter@48fc0211, com.igreen.common.utils.JwtAuthenticationFilter@5256fbc, org.springframework.security.web.savedrequest.RequestCacheAwareFilter@21f27bb5, org.springframework.security.web.servletapi.SecurityContextHolderAwareRequestFilter@430dbcb0, org.springframework.security.web.authentication.AnonymousAuthenticationFilter@375682a5, org.springframework.security.web.session.SessionManagementFilter@7bc239db, org.springframework.security.web.access.ExceptionTranslationFilter@779cda39, org.springframework.security.web.access.intercept.AuthorizationFilter@1db7c267]
2026-02-27T13:47:53.404+08:00  INFO 44446 --- [igreen-backend] [main] o.s.b.w.embedded.tomcat.TomcatWebServer  : Tomcat started on port 8089 (http) with context path ''
2026-02-27T13:47:53.423+08:00  INFO 44446 --- [igreen-backend] [main] com.igreen.IGreenApplication             : Started IGreenApplication in 8.074 seconds (process running for 8.485)
2026-02-27T13:47:53.474+08:00  INFO 44446 --- [igreen-backend] [main] c.i.common.config.DatabaseInitConfig     : 开始初始化数据库表结构...
2026-02-27T13:47:53.475+08:00  INFO 44446 --- [igreen-backend] [main] c.i.common.config.DatabaseInitConfig     : 检查并修复 sla_configs 表结构...
2026-02-27T13:47:53.561+08:00  INFO 44446 --- [igreen-backend] [main] c.i.common.config.DatabaseInitConfig     : sla_configs 表结构修复完成
2026-02-27T13:47:53.561+08:00  INFO 44446 --- [igreen-backend] [main] c.i.common.config.DatabaseInitConfig     : 检查并修复 site_level_configs 表结构...
2026-02-27T13:47:53.599+08:00  INFO 44446 --- [igreen-backend] [main] c.i.common.config.DatabaseInitConfig     : site_level_configs 表结构修复完成
2026-02-27T13:47:53.599+08:00  INFO 44446 --- [igreen-backend] [main] c.i.common.config.DatabaseInitConfig     : 数据库表结构初始化完成
2026-02-27T13:47:57.067+08:00  INFO 44446 --- [igreen-backend] [http-nio-8089-exec-1] o.a.c.c.C.[Tomcat].[localhost].[/]       : Initializing Spring DispatcherServlet 'dispatcherServlet'
2026-02-27T13:48:03.832+08:00  INFO 44446 --- [igreen-backend] [http-nio-8089-exec-2] c.igreen.domain.service.TicketService    : Initialized stepData for ticket 2027259414381092866 from template f140d8fb-2f88-40c8-a631-50438f57eab8
2026-02-27T14:59:55.174+08:00  INFO 44446 --- [igreen-backend] [http-nio-8089-exec-3] c.igreen.domain.service.TicketService    : Initialized stepData for ticket 2027277497552363522 from template 10766aa1-530c-4cc0-8287-6bb832d8c497
2026-02-27T16:06:01.824+08:00  INFO 44446 --- [igreen-backend] [http-nio-8089-exec-7] c.igreen.domain.service.TicketService    : Initialized stepData for ticket 2027294134779273217 from template 10766aa1-530c-4cc0-8287-6bb832d8c497
2026-02-27T16:52:23.182+08:00  INFO 31697 --- [igreen-backend] [main] com.igreen.IGreenApplication             : Starting IGreenApplication using Java 17.0.17 with PID 31697 (/Users/mac/workspace/iGreenProduct/igreen-backend/target/classes started by mac in /Users/mac/workspace/iGreenProduct/igreen-backend)
2026-02-27T16:52:23.186+08:00  INFO 31697 --- [igreen-backend] [main] com.igreen.IGreenApplication             : The following 1 profile is active: "dev"
2026-02-27T16:52:24.729+08:00  INFO 31697 --- [igreen-backend] [main] .s.d.r.c.RepositoryConfigurationDelegate : Bootstrapping Spring Data JPA repositories in DEFAULT mode.
2026-02-27T16:52:24.780+08:00  INFO 31697 --- [igreen-backend] [main] .s.d.r.c.RepositoryConfigurationDelegate : Finished Spring Data repository scanning in 37 ms. Found 0 JPA repository interfaces.
2026-02-27T16:52:25.263+08:00  INFO 44446 --- [igreen-backend] [SpringApplicationShutdownHook] j.LocalContainerEntityManagerFactoryBean : Closing JPA EntityManagerFactory for persistence unit 'default'
2026-02-27T16:52:25.357+08:00  INFO 44446 --- [igreen-backend] [SpringApplicationShutdownHook] com.zaxxer.hikari.HikariDataSource       : HikariPool-1 - Shutdown initiated...
2026-02-27T16:52:25.368+08:00  INFO 44446 --- [igreen-backend] [SpringApplicationShutdownHook] com.zaxxer.hikari.HikariDataSource       : HikariPool-1 - Shutdown completed.
2026-02-27T16:52:26.076+08:00  INFO 31697 --- [igreen-backend] [main] o.s.b.w.embedded.tomcat.TomcatWebServer  : Tomcat initialized with port 8089 (http)
2026-02-27T16:52:26.090+08:00  INFO 31697 --- [igreen-backend] [main] o.apache.catalina.core.StandardService   : Starting service [Tomcat]
2026-02-27T16:52:26.091+08:00  INFO 31697 --- [igreen-backend] [main] o.apache.catalina.core.StandardEngine    : Starting Servlet engine: [Apache Tomcat/10.1.16]
2026-02-27T16:52:26.175+08:00  INFO 31697 --- [igreen-backend] [main] o.a.c.c.C.[Tomcat].[localhost].[/]       : Initializing Spring embedded WebApplicationContext
2026-02-27T16:52:26.175+08:00  INFO 31697 --- [igreen-backend] [main] w.s.c.ServletWebServerApplicationContext : Root WebApplicationContext: initialization completed in 2938 ms
2026-02-27T16:52:27.434+08:00  INFO 31697 --- [igreen-backend] [main] o.hibernate.jpa.internal.util.LogHelper  : HHH000204: Processing PersistenceUnitInfo [name: default]
2026-02-27T16:52:27.516+08:00  INFO 31697 --- [igreen-backend] [main] org.hibernate.Version                    : HHH000412: Hibernate ORM core version 6.3.1.Final
2026-02-27T16:52:27.566+08:00  INFO 31697 --- [igreen-backend] [main] o.h.c.internal.RegionFactoryInitiator    : HHH000026: Second-level cache disabled
2026-02-27T16:52:27.855+08:00  INFO 31697 --- [igreen-backend] [main] o.s.o.j.p.SpringPersistenceUnitInfo      : No LoadTimeWeaver setup: ignoring JPA class transformer
2026-02-27T16:52:27.889+08:00  INFO 31697 --- [igreen-backend] [main] com.zaxxer.hikari.HikariDataSource       : HikariPool-1 - Starting...
2026-02-27T16:52:28.629+08:00  INFO 31697 --- [igreen-backend] [main] com.zaxxer.hikari.pool.HikariPool        : HikariPool-1 - Added connection com.mysql.cj.jdbc.ConnectionImpl@64381526
2026-02-27T16:52:28.634+08:00  INFO 31697 --- [igreen-backend] [main] com.zaxxer.hikari.HikariDataSource       : HikariPool-1 - Start completed.
2026-02-27T16:52:30.117+08:00  INFO 31697 --- [igreen-backend] [main] o.h.e.t.j.p.i.JtaPlatformInitiator       : HHH000489: No JTA platform available (set 'hibernate.transaction.jta.platform' to enable JTA platform integration)
2026-02-27T16:52:30.126+08:00  INFO 31697 --- [igreen-backend] [main] j.LocalContainerEntityManagerFactoryBean : Initialized JPA EntityManagerFactory for persistence unit 'default'
2026-02-27T16:52:32.468+08:00  INFO 31697 --- [igreen-backend] [main] o.s.b.a.e.web.EndpointLinksResolver      : Exposing 2 endpoint(s) beneath base path '/actuator'
2026-02-27T16:52:32.616+08:00  INFO 31697 --- [igreen-backend] [main] o.s.s.web.DefaultSecurityFilterChain     : Will secure any request with [org.springframework.security.web.session.DisableEncodeUrlFilter@cbd3871, org.springframework.security.web.context.request.async.WebAsyncManagerIntegrationFilter@66694050, com.igreen.common.config.SecurityConfig$1@39303a6, org.springframework.security.web.context.SecurityContextHolderFilter@60cbba57, org.springframework.security.web.header.HeaderWriterFilter@3e356ed6, org.springframework.web.filter.CorsFilter@2d7df55, org.springframework.security.web.authentication.logout.LogoutFilter@347f0950, com.igreen.common.config.RateLimitFilter@20fcea37, com.igreen.common.utils.JwtAuthenticationFilter@11295cb1, org.springframework.security.web.savedrequest.RequestCacheAwareFilter@6ba516ff, org.springframework.security.web.servletapi.SecurityContextHolderAwareRequestFilter@1e60890c, org.springframework.security.web.authentication.AnonymousAuthenticationFilter@674c01ce, org.springframework.security.web.session.SessionManagementFilter@186fc6e, org.springframework.security.web.access.ExceptionTranslationFilter@307ba188, org.springframework.security.web.access.intercept.AuthorizationFilter@68a1bb31]
2026-02-27T16:52:33.858+08:00  INFO 31697 --- [igreen-backend] [main] o.s.b.w.embedded.tomcat.TomcatWebServer  : Tomcat started on port 8089 (http) with context path ''
2026-02-27T16:52:33.887+08:00  INFO 31697 --- [igreen-backend] [main] com.igreen.IGreenApplication             : Started IGreenApplication in 11.485 seconds (process running for 11.962)
2026-02-27T16:52:33.959+08:00  INFO 31697 --- [igreen-backend] [main] c.i.common.config.DatabaseInitConfig     : 开始初始化数据库表结构...
2026-02-27T16:52:33.960+08:00  INFO 31697 --- [igreen-backend] [main] c.i.common.config.DatabaseInitConfig     : 检查并修复 sla_configs 表结构...
2026-02-27T16:52:34.064+08:00  INFO 31697 --- [igreen-backend] [main] c.i.common.config.DatabaseInitConfig     : sla_configs 表结构修复完成
2026-02-27T16:52:34.064+08:00  INFO 31697 --- [igreen-backend] [main] c.i.common.config.DatabaseInitConfig     : 检查并修复 site_level_configs 表结构...
2026-02-27T16:52:34.100+08:00  INFO 31697 --- [igreen-backend] [main] c.i.common.config.DatabaseInitConfig     : site_level_configs 表结构修复完成
2026-02-27T16:52:34.101+08:00  INFO 31697 --- [igreen-backend] [main] c.i.common.config.DatabaseInitConfig     : 数据库表结构初始化完成
2026-02-27T16:52:47.474+08:00  INFO 31697 --- [igreen-backend] [http-nio-8089-exec-1] o.a.c.c.C.[Tomcat].[localhost].[/]       : Initializing Spring DispatcherServlet 'dispatcherServlet'
2026-02-27T16:57:55.810+08:00  INFO 31697 --- [igreen-backend] [http-nio-8089-exec-10] c.igreen.domain.service.TicketService    : Initialized stepData for ticket 2027307195825152001 from template 7fe67b5a-b95a-494e-92fb-5efe498a3716
2026-02-27T17:04:32.586+08:00  INFO 44033 --- [igreen-backend] [main] com.igreen.IGreenApplication             : Starting IGreenApplication using Java 17.0.17 with PID 44033 (/Users/mac/workspace/iGreenProduct/igreen-backend/target/classes started by mac in /Users/mac/workspace/iGreenProduct/igreen-backend)
2026-02-27T17:04:32.592+08:00  INFO 44033 --- [igreen-backend] [main] com.igreen.IGreenApplication             : The following 1 profile is active: "dev"
2026-02-27T17:04:35.613+08:00  INFO 44033 --- [igreen-backend] [main] .s.d.r.c.RepositoryConfigurationDelegate : Bootstrapping Spring Data JPA repositories in DEFAULT mode.
2026-02-27T17:04:35.671+08:00  INFO 44033 --- [igreen-backend] [main] .s.d.r.c.RepositoryConfigurationDelegate : Finished Spring Data repository scanning in 43 ms. Found 0 JPA repository interfaces.
2026-02-27T17:04:37.121+08:00  INFO 44033 --- [igreen-backend] [main] o.s.b.w.embedded.tomcat.TomcatWebServer  : Tomcat initialized with port 8089 (http)
2026-02-27T17:04:37.234+08:00  INFO 44033 --- [igreen-backend] [main] w.s.c.ServletWebServerApplicationContext : Root WebApplicationContext: initialization completed in 4553 ms
2026-02-27T17:04:38.838+08:00  INFO 44033 --- [igreen-backend] [main] o.hibernate.jpa.internal.util.LogHelper  : HHH000204: Processing PersistenceUnitInfo [name: default]
2026-02-27T17:04:38.960+08:00  INFO 44033 --- [igreen-backend] [main] org.hibernate.Version                    : HHH000412: Hibernate ORM core version 6.3.1.Final
2026-02-27T17:04:39.087+08:00  INFO 44033 --- [igreen-backend] [main] o.h.c.internal.RegionFactoryInitiator    : HHH000026: Second-level cache disabled
2026-02-27T17:04:39.846+08:00  INFO 44033 --- [igreen-backend] [main] o.s.o.j.p.SpringPersistenceUnitInfo      : No LoadTimeWeaver setup: ignoring JPA class transformer
2026-02-27T17:04:39.892+08:00  INFO 44033 --- [igreen-backend] [main] com.zaxxer.hikari.HikariDataSource       : HikariPool-1 - Starting...
2026-02-27T17:04:40.523+08:00  INFO 44033 --- [igreen-backend] [main] com.zaxxer.hikari.pool.HikariPool        : HikariPool-1 - Added connection com.mysql.cj.jdbc.ConnectionImpl@bf18412
2026-02-27T17:04:40.526+08:00  INFO 44033 --- [igreen-backend] [main] com.zaxxer.hikari.HikariDataSource       : HikariPool-1 - Start completed.
2026-02-27T17:04:41.520+08:00  INFO 44033 --- [igreen-backend] [main] o.h.e.t.j.p.i.JtaPlatformInitiator       : HHH000489: No JTA platform available (set 'hibernate.transaction.jta.platform' to enable JTA platform integration)
2026-02-27T17:04:41.535+08:00  INFO 44033 --- [igreen-backend] [main] j.LocalContainerEntityManagerFactoryBean : Initialized JPA EntityManagerFactory for persistence unit 'default'
2026-02-27T17:04:44.925+08:00  INFO 44033 --- [igreen-backend] [main] o.s.b.a.e.web.EndpointLinksResolver      : Exposing 2 endpoint(s) beneath base path '/actuator'
2026-02-27T17:04:45.878+08:00  INFO 44033 --- [igreen-backend] [main] o.s.s.web.DefaultSecurityFilterChain     : Will secure any request with [org.springframework.security.web.session.DisableEncodeUrlFilter@368e7d3a, org.springframework.security.web.context.request.async.WebAsyncManagerIntegrationFilter@381f05a9, com.igreen.common.config.SecurityConfig$1@375682a5, org.springframework.security.web.context.SecurityContextHolderFilter@6b3284, org.springframework.security.web.header.HeaderWriterFilter@76685ab0, org.springframework.web.filter.CorsFilter@79827e71, org.springframework.security.web.authentication.logout.LogoutFilter@51806858, com.igreen.common.config.RateLimitFilter@7d088813, com.igreen.common.utils.JwtAuthenticationFilter@3620eab, org.springframework.security.web.savedrequest.RequestCacheAwareFilter@52dc71b2, org.springframework.security.web.servletapi.SecurityContextHolderAwareRequestFilter@15ab0461, org.springframework.security.web.authentication.AnonymousAuthenticationFilter@3c20abd6, org.springframework.security.web.session.SessionManagementFilter@3e356ed6, org.springframework.security.web.access.ExceptionTranslationFilter@4512f5f1, org.springframework.security.web.access.intercept.AuthorizationFilter@27563444]
2026-02-27T17:04:46.982+08:00  INFO 31697 --- [igreen-backend] [SpringApplicationShutdownHook] j.LocalContainerEntityManagerFactoryBean : Closing JPA EntityManagerFactory for persistence unit 'default'
2026-02-27T17:04:46.990+08:00  INFO 31697 --- [igreen-backend] [SpringApplicationShutdownHook] com.zaxxer.hikari.HikariDataSource       : HikariPool-1 - Shutdown initiated...
2026-02-27T17:04:46.992+08:00  INFO 31697 --- [igreen-backend] [SpringApplicationShutdownHook] com.zaxxer.hikari.HikariDataSource       : HikariPool-1 - Shutdown completed.
2026-02-27T17:04:50.313+08:00  INFO 44033 --- [igreen-backend] [main] o.s.b.w.embedded.tomcat.TomcatWebServer  : Tomcat started on port 8089 (http) with context path ''
2026-02-27T17:04:50.364+08:00  INFO 44033 --- [igreen-backend] [main] com.igreen.IGreenApplication             : Started IGreenApplication in 19.05 seconds (process running for 19.626)
2026-02-27T17:04:50.467+08:00  INFO 44033 --- [igreen-backend] [main] c.i.common.config.DatabaseInitConfig     : 开始初始化数据库表结构...
2026-02-27T17:04:50.469+08:00  INFO 44033 --- [igreen-backend] [main] c.i.common.config.DatabaseInitConfig     : 检查并修复 sla_configs 表结构...
2026-02-27T17:04:50.563+08:00  INFO 44033 --- [igreen-backend] [main] c.i.common.config.DatabaseInitConfig     : sla_configs 表结构修复完成
2026-02-27T17:04:50.563+08:00  INFO 44033 --- [igreen-backend] [main] c.i.common.config.DatabaseInitConfig     : 检查并修复 site_level_configs 表结构...
2026-02-27T17:04:50.600+08:00  INFO 44033 --- [igreen-backend] [main] c.i.common.config.DatabaseInitConfig     : site_level_configs 表结构修复完成
2026-02-27T17:04:50.601+08:00  INFO 44033 --- [igreen-backend] [main] c.i.common.config.DatabaseInitConfig     : 数据库表结构初始化完成
2026-02-27T17:04:51.706+08:00  INFO 44434 --- [igreen-backend] [main] com.igreen.IGreenApplication             : Starting IGreenApplication using Java 17.0.17 with PID 44434 (/Users/mac/workspace/iGreenProduct/igreen-backend/target/classes started by mac in /Users/mac/workspace/iGreenProduct/igreen-backend)
2026-02-27T17:04:51.710+08:00  INFO 44434 --- [igreen-backend] [main] com.igreen.IGreenApplication             : The following 1 profile is active: "dev"
2026-02-27T17:04:55.597+08:00  INFO 44434 --- [igreen-backend] [main] .s.d.r.c.RepositoryConfigurationDelegate : Bootstrapping Spring Data JPA repositories in DEFAULT mode.
2026-02-27T17:04:55.685+08:00  INFO 44434 --- [igreen-backend] [main] .s.d.r.c.RepositoryConfigurationDelegate : Finished Spring Data repository scanning in 75 ms. Found 0 JPA repository interfaces.
2026-02-27T17:04:57.319+08:00  INFO 44434 --- [igreen-backend] [main] o.s.b.w.embedded.tomcat.TomcatWebServer  : Tomcat initialized with port 8089 (http)
2026-02-27T17:04:57.339+08:00  INFO 44434 --- [igreen-backend] [main] o.apache.catalina.core.StandardService   : Starting service [Tomcat]
2026-02-27T17:04:57.339+08:00  INFO 44434 --- [igreen-backend] [main] o.apache.catalina.core.StandardEngine    : Starting Servlet engine: [Apache Tomcat/10.1.16]
2026-02-27T17:04:57.455+08:00  INFO 44434 --- [igreen-backend] [main] o.a.c.c.C.[Tomcat].[localhost].[/]       : Initializing Spring embedded WebApplicationContext
2026-02-27T17:04:57.456+08:00  INFO 44434 --- [igreen-backend] [main] w.s.c.ServletWebServerApplicationContext : Root WebApplicationContext: initialization completed in 5666 ms
2026-02-27T17:04:59.798+08:00  INFO 44434 --- [igreen-backend] [main] o.hibernate.jpa.internal.util.LogHelper  : HHH000204: Processing PersistenceUnitInfo [name: default]
2026-02-27T17:04:59.907+08:00  INFO 44434 --- [igreen-backend] [main] org.hibernate.Version                    : HHH000412: Hibernate ORM core version 6.3.1.Final
2026-02-27T17:04:59.968+08:00  INFO 44434 --- [igreen-backend] [main] o.h.c.internal.RegionFactoryInitiator    : HHH000026: Second-level cache disabled
2026-02-27T17:05:00.435+08:00  INFO 44434 --- [igreen-backend] [main] o.s.o.j.p.SpringPersistenceUnitInfo      : No LoadTimeWeaver setup: ignoring JPA class transformer
2026-02-27T17:05:00.478+08:00  INFO 44434 --- [igreen-backend] [main] com.zaxxer.hikari.HikariDataSource       : HikariPool-1 - Starting...
2026-02-27T17:05:01.005+08:00  INFO 44434 --- [igreen-backend] [main] com.zaxxer.hikari.pool.HikariPool        : HikariPool-1 - Added connection com.mysql.cj.jdbc.ConnectionImpl@52c27d53
2026-02-27T17:05:01.009+08:00  INFO 44434 --- [igreen-backend] [main] com.zaxxer.hikari.HikariDataSource       : HikariPool-1 - Start completed.
2026-02-27T17:05:01.393+08:00  INFO 44033 --- [igreen-backend] [SpringApplicationShutdownHook] j.LocalContainerEntityManagerFactoryBean : Closing JPA EntityManagerFactory for persistence unit 'default'
2026-02-27T17:05:01.400+08:00  INFO 44033 --- [igreen-backend] [SpringApplicationShutdownHook] com.zaxxer.hikari.HikariDataSource       : HikariPool-1 - Shutdown initiated...
2026-02-27T17:05:01.409+08:00  INFO 44033 --- [igreen-backend] [SpringApplicationShutdownHook] com.zaxxer.hikari.HikariDataSource       : HikariPool-1 - Shutdown completed.
2026-02-27T17:05:01.913+08:00  INFO 44434 --- [igreen-backend] [main] o.h.e.t.j.p.i.JtaPlatformInitiator       : HHH000489: No JTA platform available (set 'hibernate.transaction.jta.platform' to enable JTA platform integration)
2026-02-27T17:05:01.921+08:00  INFO 44434 --- [igreen-backend] [main] j.LocalContainerEntityManagerFactoryBean : Initialized JPA EntityManagerFactory for persistence unit 'default'
2026-02-27T17:05:04.212+08:00  INFO 44434 --- [igreen-backend] [main] o.s.b.a.e.web.EndpointLinksResolver      : Exposing 2 endpoint(s) beneath base path '/actuator'
2026-02-27T17:05:04.360+08:00  INFO 44434 --- [igreen-backend] [main] o.s.s.web.DefaultSecurityFilterChain     : Will secure any request with [org.springframework.security.web.session.DisableEncodeUrlFilter@41c56930, org.springframework.security.web.context.request.async.WebAsyncManagerIntegrationFilter@60660d21, com.igreen.common.config.SecurityConfig$1@2898c70d, org.springframework.security.web.context.SecurityContextHolderFilter@1722ede1, org.springframework.security.web.header.HeaderWriterFilter@40dd2cfe, org.springframework.web.filter.CorsFilter@ec67be1, org.springframework.security.web.authentication.logout.LogoutFilter@7cddc50f, com.igreen.common.config.RateLimitFilter@3b0ed98a, com.igreen.common.utils.JwtAuthenticationFilter@2619cb76, org.springframework.security.web.savedrequest.RequestCacheAwareFilter@3437fc4f, org.springframework.security.web.servletapi.SecurityContextHolderAwareRequestFilter@3e356ed6, org.springframework.security.web.authentication.AnonymousAuthenticationFilter@64a00fe0, org.springframework.security.web.session.SessionManagementFilter@7305a443, org.springframework.security.web.access.ExceptionTranslationFilter@36a7586f, org.springframework.security.web.access.intercept.AuthorizationFilter@55da6bf]
2026-02-27T17:05:06.142+08:00  INFO 44434 --- [igreen-backend] [main] o.s.b.w.embedded.tomcat.TomcatWebServer  : Tomcat started on port 8089 (http) with context path ''
2026-02-27T17:05:06.182+08:00  INFO 44434 --- [igreen-backend] [main] com.igreen.IGreenApplication             : Started IGreenApplication in 15.437 seconds (process running for 16.31)
2026-02-27T17:05:06.256+08:00  INFO 44434 --- [igreen-backend] [main] c.i.common.config.DatabaseInitConfig     : 开始初始化数据库表结构...
2026-02-27T17:05:06.257+08:00  INFO 44434 --- [igreen-backend] [main] c.i.common.config.DatabaseInitConfig     : 检查并修复 sla_configs 表结构...
2026-02-27T17:05:06.337+08:00  INFO 44434 --- [igreen-backend] [main] c.i.common.config.DatabaseInitConfig     : sla_configs 表结构修复完成
2026-02-27T17:05:06.338+08:00  INFO 44434 --- [igreen-backend] [main] c.i.common.config.DatabaseInitConfig     : 检查并修复 site_level_configs 表结构...
2026-02-27T17:05:06.372+08:00  INFO 44434 --- [igreen-backend] [main] c.i.common.config.DatabaseInitConfig     : site_level_configs 表结构修复完成
2026-02-27T17:05:06.373+08:00  INFO 44434 --- [igreen-backend] [main] c.i.common.config.DatabaseInitConfig     : 数据库表结构初始化完成
2026-02-27T17:05:13.543+08:00  INFO 44434 --- [igreen-backend] [http-nio-8089-exec-1] o.a.c.c.C.[Tomcat].[localhost].[/]       : Initializing Spring DispatcherServlet 'dispatcherServlet'
2026-02-27T17:07:31.413+08:00  INFO 44434 --- [igreen-backend] [http-nio-8089-exec-6] c.igreen.domain.service.TicketService    : Initialized stepData for ticket 2027309610087501826 from template 574de3b9-3d4b-4125-977b-89d537cd86de
